CRITICAL - 2022-10-06 00:01:21 --> Undefined constant "App\Controllers\window"
in APPPATH\Controllers\Controlmenus.php on line 24.
 1 SYSTEMPATH\CodeIgniter.php(898): App\Controllers\Controlmenus->iniciarSesion()
 2 SYSTEMPATH\CodeIgniter.php(457): CodeIgniter\CodeIgniter->runController(Object(App\Controllers\Controlmenus))
 3 SYSTEMPATH\CodeIgniter.php(340): CodeIgniter\CodeIgniter->handleRequest(null, Object(Config\Cache), false)
 4 FCPATH\index.php(67): CodeIgniter\CodeIgniter->run()
CRITICAL - 2022-10-06 00:13:07 --> Undefined property: App\Controllers\Controlmenus::$load
in APPPATH\Controllers\Controlmenus.php on line 25.
 1 APPPATH\Controllers\Controlmenus.php(25): CodeIgniter\Debug\Exceptions->errorHandler(2, 'Undefined property: App\\Controllers\\Controlmenus::$load', 'APPPATH\\Controllers\\Controlmenus.php', 25)
 2 SYSTEMPATH\CodeIgniter.php(898): App\Controllers\Controlmenus->iniciarSesion()
 3 SYSTEMPATH\CodeIgniter.php(457): CodeIgniter\CodeIgniter->runController(Object(App\Controllers\Controlmenus))
 4 SYSTEMPATH\CodeIgniter.php(340): CodeIgniter\CodeIgniter->handleRequest(null, Object(Config\Cache), false)
 5 FCPATH\index.php(67): CodeIgniter\CodeIgniter->run()
CRITICAL - 2022-10-06 00:46:47 --> Attempt to read property "idusuario" on string
in APPPATH\Controllers\Controlmenus.php on line 16.
 1 APPPATH\Controllers\Controlmenus.php(16): CodeIgniter\Debug\Exceptions->errorHandler(2, 'Attempt to read property "idusuario" on string', 'APPPATH\\Controllers\\Controlmenus.php', 16)
 2 SYSTEMPATH\CodeIgniter.php(898): App\Controllers\Controlmenus->iniciarSesion()
 3 SYSTEMPATH\CodeIgniter.php(457): CodeIgniter\CodeIgniter->runController(Object(App\Controllers\Controlmenus))
 4 SYSTEMPATH\CodeIgniter.php(340): CodeIgniter\CodeIgniter->handleRequest(null, Object(Config\Cache), false)
 5 FCPATH\index.php(67): CodeIgniter\CodeIgniter->run()
CRITICAL - 2022-10-06 00:48:12 --> Attempt to read property "idusuario" on string
in APPPATH\Controllers\Controlmenus.php on line 16.
 1 APPPATH\Controllers\Controlmenus.php(16): CodeIgniter\Debug\Exceptions->errorHandler(2, 'Attempt to read property "idusuario" on string', 'APPPATH\\Controllers\\Controlmenus.php', 16)
 2 SYSTEMPATH\CodeIgniter.php(898): App\Controllers\Controlmenus->iniciarSesion()
 3 SYSTEMPATH\CodeIgniter.php(457): CodeIgniter\CodeIgniter->runController(Object(App\Controllers\Controlmenus))
 4 SYSTEMPATH\CodeIgniter.php(340): CodeIgniter\CodeIgniter->handleRequest(null, Object(Config\Cache), false)
 5 FCPATH\index.php(67): CodeIgniter\CodeIgniter->run()
CRITICAL - 2022-10-06 00:49:15 --> Undefined array key "idusuario"
in APPPATH\Controllers\Controlmenus.php on line 52.
 1 APPPATH\Controllers\Controlmenus.php(52): CodeIgniter\Debug\Exceptions->errorHandler(2, 'Undefined array key "idusuario"', 'APPPATH\\Controllers\\Controlmenus.php', 52)
 2 SYSTEMPATH\CodeIgniter.php(898): App\Controllers\Controlmenus->regresarusuario()
 3 SYSTEMPATH\CodeIgniter.php(457): CodeIgniter\CodeIgniter->runController(Object(App\Controllers\Controlmenus))
 4 SYSTEMPATH\CodeIgniter.php(340): CodeIgniter\CodeIgniter->handleRequest(null, Object(Config\Cache), false)
 5 FCPATH\index.php(67): CodeIgniter\CodeIgniter->run()
CRITICAL - 2022-10-06 00:55:27 --> Undefined array key "idusuario"
in APPPATH\Controllers\Controlmenus.php on line 52.
 1 APPPATH\Controllers\Controlmenus.php(52): CodeIgniter\Debug\Exceptions->errorHandler(2, 'Undefined array key "idusuario"', 'APPPATH\\Controllers\\Controlmenus.php', 52)
 2 SYSTEMPATH\CodeIgniter.php(898): App\Controllers\Controlmenus->regresarusuario()
 3 SYSTEMPATH\CodeIgniter.php(457): CodeIgniter\CodeIgniter->runController(Object(App\Controllers\Controlmenus))
 4 SYSTEMPATH\CodeIgniter.php(340): CodeIgniter\CodeIgniter->handleRequest(null, Object(Config\Cache), false)
 5 FCPATH\index.php(67): CodeIgniter\CodeIgniter->run()
CRITICAL - 2022-10-06 00:56:10 --> Undefined array key "idusuario"
in APPPATH\Controllers\Controlmenus.php on line 52.
 1 APPPATH\Controllers\Controlmenus.php(52): CodeIgniter\Debug\Exceptions->errorHandler(2, 'Undefined array key "idusuario"', 'APPPATH\\Controllers\\Controlmenus.php', 52)
 2 SYSTEMPATH\CodeIgniter.php(898): App\Controllers\Controlmenus->regresarusuario()
 3 SYSTEMPATH\CodeIgniter.php(457): CodeIgniter\CodeIgniter->runController(Object(App\Controllers\Controlmenus))
 4 SYSTEMPATH\CodeIgniter.php(340): CodeIgniter\CodeIgniter->handleRequest(null, Object(Config\Cache), false)
 5 FCPATH\index.php(67): CodeIgniter\CodeIgniter->run()
CRITICAL - 2022-10-06 01:01:20 --> Undefined array key "idusuario"
in APPPATH\Controllers\Controlmenus.php on line 52.
 1 APPPATH\Controllers\Controlmenus.php(52): CodeIgniter\Debug\Exceptions->errorHandler(2, 'Undefined array key "idusuario"', 'APPPATH\\Controllers\\Controlmenus.php', 52)
 2 SYSTEMPATH\CodeIgniter.php(898): App\Controllers\Controlmenus->regresarusuario()
 3 SYSTEMPATH\CodeIgniter.php(457): CodeIgniter\CodeIgniter->runController(Object(App\Controllers\Controlmenus))
 4 SYSTEMPATH\CodeIgniter.php(340): CodeIgniter\CodeIgniter->handleRequest(null, Object(Config\Cache), false)
 5 FCPATH\index.php(67): CodeIgniter\CodeIgniter->run()
CRITICAL - 2022-10-06 01:01:21 --> Undefined array key "idusuario"
in APPPATH\Controllers\Controlmenus.php on line 52.
 1 APPPATH\Controllers\Controlmenus.php(52): CodeIgniter\Debug\Exceptions->errorHandler(2, 'Undefined array key "idusuario"', 'APPPATH\\Controllers\\Controlmenus.php', 52)
 2 SYSTEMPATH\CodeIgniter.php(898): App\Controllers\Controlmenus->regresarusuario()
 3 SYSTEMPATH\CodeIgniter.php(457): CodeIgniter\CodeIgniter->runController(Object(App\Controllers\Controlmenus))
 4 SYSTEMPATH\CodeIgniter.php(340): CodeIgniter\CodeIgniter->handleRequest(null, Object(Config\Cache), false)
 5 FCPATH\index.php(67): CodeIgniter\CodeIgniter->run()
CRITICAL - 2022-10-06 01:04:33 --> syntax error, unexpected token "}", expecting "," or ";"
in APPPATH\Controllers\Controlmenus.php on line 29.
 1 SYSTEMPATH\Autoloader\Autoloader.php(259): CodeIgniter\Autoloader\Autoloader->includeFile('APPPATH\\Controllers\\Controlmenus.php')
 2 SYSTEMPATH\Autoloader\Autoloader.php(237): CodeIgniter\Autoloader\Autoloader->loadInNamespace('App\\Controllers\\Controlmenus')
 3 [internal function]: CodeIgniter\Autoloader\Autoloader->loadClass('App\\Controllers\\Controlmenus')
 4 SYSTEMPATH\CodeIgniter.php(848): class_exists('\\App\\Controllers\\Controlmenus', true)
 5 SYSTEMPATH\CodeIgniter.php(444): CodeIgniter\CodeIgniter->startController()
 6 SYSTEMPATH\CodeIgniter.php(340): CodeIgniter\CodeIgniter->handleRequest(null, Object(Config\Cache), false)
 7 FCPATH\index.php(67): CodeIgniter\CodeIgniter->run()
CRITICAL - 2022-10-06 01:04:47 --> syntax error, unexpected token "}", expecting "," or ";"
in APPPATH\Controllers\Controlmenus.php on line 29.
 1 SYSTEMPATH\Autoloader\Autoloader.php(259): CodeIgniter\Autoloader\Autoloader->includeFile('APPPATH\\Controllers\\Controlmenus.php')
 2 SYSTEMPATH\Autoloader\Autoloader.php(237): CodeIgniter\Autoloader\Autoloader->loadInNamespace('App\\Controllers\\Controlmenus')
 3 [internal function]: CodeIgniter\Autoloader\Autoloader->loadClass('App\\Controllers\\Controlmenus')
 4 SYSTEMPATH\CodeIgniter.php(848): class_exists('\\App\\Controllers\\Controlmenus', true)
 5 SYSTEMPATH\CodeIgniter.php(444): CodeIgniter\CodeIgniter->startController()
 6 SYSTEMPATH\CodeIgniter.php(340): CodeIgniter\CodeIgniter->handleRequest(null, Object(Config\Cache), false)
 7 FCPATH\index.php(67): CodeIgniter\CodeIgniter->run()
CRITICAL - 2022-10-06 01:06:09 --> Undefined variable $usuario
in APPPATH\Controllers\Controlmenus.php on line 9.
 1 APPPATH\Controllers\Controlmenus.php(9): CodeIgniter\Debug\Exceptions->errorHandler(2, 'Undefined variable $usuario', 'APPPATH\\Controllers\\Controlmenus.php', 9)
 2 SYSTEMPATH\CodeIgniter.php(898): App\Controllers\Controlmenus->iniciarSesion()
 3 SYSTEMPATH\CodeIgniter.php(457): CodeIgniter\CodeIgniter->runController(Object(App\Controllers\Controlmenus))
 4 SYSTEMPATH\CodeIgniter.php(340): CodeIgniter\CodeIgniter->handleRequest(null, Object(Config\Cache), false)
 5 FCPATH\index.php(67): CodeIgniter\CodeIgniter->run()
CRITICAL - 2022-10-06 01:08:02 --> Attempt to read property "idusuario" on string
in APPPATH\Controllers\Controlmenus.php on line 16.
 1 APPPATH\Controllers\Controlmenus.php(16): CodeIgniter\Debug\Exceptions->errorHandler(2, 'Attempt to read property "idusuario" on string', 'APPPATH\\Controllers\\Controlmenus.php', 16)
 2 SYSTEMPATH\CodeIgniter.php(898): App\Controllers\Controlmenus->iniciarSesion()
 3 SYSTEMPATH\CodeIgniter.php(457): CodeIgniter\CodeIgniter->runController(Object(App\Controllers\Controlmenus))
 4 SYSTEMPATH\CodeIgniter.php(340): CodeIgniter\CodeIgniter->handleRequest(null, Object(Config\Cache), false)
 5 FCPATH\index.php(67): CodeIgniter\CodeIgniter->run()
CRITICAL - 2022-10-06 01:14:37 --> Attempt to read property "idusuario" on string
in APPPATH\Controllers\Controlmenus.php on line 17.
 1 APPPATH\Controllers\Controlmenus.php(17): CodeIgniter\Debug\Exceptions->errorHandler(2, 'Attempt to read property "idusuario" on string', 'APPPATH\\Controllers\\Controlmenus.php', 17)
 2 SYSTEMPATH\CodeIgniter.php(898): App\Controllers\Controlmenus->iniciarSesion()
 3 SYSTEMPATH\CodeIgniter.php(457): CodeIgniter\CodeIgniter->runController(Object(App\Controllers\Controlmenus))
 4 SYSTEMPATH\CodeIgniter.php(340): CodeIgniter\CodeIgniter->handleRequest(null, Object(Config\Cache), false)
 5 FCPATH\index.php(67): CodeIgniter\CodeIgniter->run()
CRITICAL - 2022-10-06 01:14:43 --> Attempt to read property "idusuario" on string
in APPPATH\Controllers\Controlmenus.php on line 17.
 1 APPPATH\Controllers\Controlmenus.php(17): CodeIgniter\Debug\Exceptions->errorHandler(2, 'Attempt to read property "idusuario" on string', 'APPPATH\\Controllers\\Controlmenus.php', 17)
 2 SYSTEMPATH\CodeIgniter.php(898): App\Controllers\Controlmenus->iniciarSesion()
 3 SYSTEMPATH\CodeIgniter.php(457): CodeIgniter\CodeIgniter->runController(Object(App\Controllers\Controlmenus))
 4 SYSTEMPATH\CodeIgniter.php(340): CodeIgniter\CodeIgniter->handleRequest(null, Object(Config\Cache), false)
 5 FCPATH\index.php(67): CodeIgniter\CodeIgniter->run()
CRITICAL - 2022-10-06 01:15:32 --> Attempt to read property "idusuario" on string
in APPPATH\Controllers\Controlmenus.php on line 17.
 1 APPPATH\Controllers\Controlmenus.php(17): CodeIgniter\Debug\Exceptions->errorHandler(2, 'Attempt to read property "idusuario" on string', 'APPPATH\\Controllers\\Controlmenus.php', 17)
 2 SYSTEMPATH\CodeIgniter.php(898): App\Controllers\Controlmenus->iniciarSesion()
 3 SYSTEMPATH\CodeIgniter.php(457): CodeIgniter\CodeIgniter->runController(Object(App\Controllers\Controlmenus))
 4 SYSTEMPATH\CodeIgniter.php(340): CodeIgniter\CodeIgniter->handleRequest(null, Object(Config\Cache), false)
 5 FCPATH\index.php(67): CodeIgniter\CodeIgniter->run()
CRITICAL - 2022-10-06 01:22:48 --> Unmatched '}'
in APPPATH\Controllers\Controlmenus.php on line 67.
 1 SYSTEMPATH\Autoloader\Autoloader.php(259): CodeIgniter\Autoloader\Autoloader->includeFile('APPPATH\\Controllers\\Controlmenus.php')
 2 SYSTEMPATH\Autoloader\Autoloader.php(237): CodeIgniter\Autoloader\Autoloader->loadInNamespace('App\\Controllers\\Controlmenus')
 3 [internal function]: CodeIgniter\Autoloader\Autoloader->loadClass('App\\Controllers\\Controlmenus')
 4 SYSTEMPATH\CodeIgniter.php(848): class_exists('\\App\\Controllers\\Controlmenus', true)
 5 SYSTEMPATH\CodeIgniter.php(444): CodeIgniter\CodeIgniter->startController()
 6 SYSTEMPATH\CodeIgniter.php(340): CodeIgniter\CodeIgniter->handleRequest(null, Object(Config\Cache), false)
 7 FCPATH\index.php(67): CodeIgniter\CodeIgniter->run()
CRITICAL - 2022-10-06 01:22:50 --> Unmatched '}'
in APPPATH\Controllers\Controlmenus.php on line 67.
 1 SYSTEMPATH\Autoloader\Autoloader.php(259): CodeIgniter\Autoloader\Autoloader->includeFile('APPPATH\\Controllers\\Controlmenus.php')
 2 SYSTEMPATH\Autoloader\Autoloader.php(237): CodeIgniter\Autoloader\Autoloader->loadInNamespace('App\\Controllers\\Controlmenus')
 3 [internal function]: CodeIgniter\Autoloader\Autoloader->loadClass('App\\Controllers\\Controlmenus')
 4 SYSTEMPATH\CodeIgniter.php(848): class_exists('\\App\\Controllers\\Controlmenus', true)
 5 SYSTEMPATH\CodeIgniter.php(444): CodeIgniter\CodeIgniter->startController()
 6 SYSTEMPATH\CodeIgniter.php(340): CodeIgniter\CodeIgniter->handleRequest(null, Object(Config\Cache), false)
 7 FCPATH\index.php(67): CodeIgniter\CodeIgniter->run()
CRITICAL - 2022-10-06 01:22:58 --> Unmatched '}'
in APPPATH\Controllers\Controlmenus.php on line 67.
 1 SYSTEMPATH\Autoloader\Autoloader.php(259): CodeIgniter\Autoloader\Autoloader->includeFile('APPPATH\\Controllers\\Controlmenus.php')
 2 SYSTEMPATH\Autoloader\Autoloader.php(237): CodeIgniter\Autoloader\Autoloader->loadInNamespace('App\\Controllers\\Controlmenus')
 3 [internal function]: CodeIgniter\Autoloader\Autoloader->loadClass('App\\Controllers\\Controlmenus')
 4 SYSTEMPATH\CodeIgniter.php(848): class_exists('\\App\\Controllers\\Controlmenus', true)
 5 SYSTEMPATH\CodeIgniter.php(444): CodeIgniter\CodeIgniter->startController()
 6 SYSTEMPATH\CodeIgniter.php(340): CodeIgniter\CodeIgniter->handleRequest(null, Object(Config\Cache), false)
 7 FCPATH\index.php(67): CodeIgniter\CodeIgniter->run()
CRITICAL - 2022-10-06 01:25:12 --> Unmatched '}'
in APPPATH\Controllers\Controlmenus.php on line 67.
 1 SYSTEMPATH\Autoloader\Autoloader.php(259): CodeIgniter\Autoloader\Autoloader->includeFile('APPPATH\\Controllers\\Controlmenus.php')
 2 SYSTEMPATH\Autoloader\Autoloader.php(237): CodeIgniter\Autoloader\Autoloader->loadInNamespace('App\\Controllers\\Controlmenus')
 3 [internal function]: CodeIgniter\Autoloader\Autoloader->loadClass('App\\Controllers\\Controlmenus')
 4 SYSTEMPATH\CodeIgniter.php(848): class_exists('\\App\\Controllers\\Controlmenus', true)
 5 SYSTEMPATH\CodeIgniter.php(444): CodeIgniter\CodeIgniter->startController()
 6 SYSTEMPATH\CodeIgniter.php(340): CodeIgniter\CodeIgniter->handleRequest(null, Object(Config\Cache), false)
 7 FCPATH\index.php(67): CodeIgniter\CodeIgniter->run()
CRITICAL - 2022-10-06 01:25:18 --> Unmatched '}'
in APPPATH\Controllers\Controlmenus.php on line 67.
 1 SYSTEMPATH\Autoloader\Autoloader.php(259): CodeIgniter\Autoloader\Autoloader->includeFile('APPPATH\\Controllers\\Controlmenus.php')
 2 SYSTEMPATH\Autoloader\Autoloader.php(237): CodeIgniter\Autoloader\Autoloader->loadInNamespace('App\\Controllers\\Controlmenus')
 3 [internal function]: CodeIgniter\Autoloader\Autoloader->loadClass('App\\Controllers\\Controlmenus')
 4 SYSTEMPATH\CodeIgniter.php(848): class_exists('\\App\\Controllers\\Controlmenus', true)
 5 SYSTEMPATH\CodeIgniter.php(444): CodeIgniter\CodeIgniter->startController()
 6 SYSTEMPATH\CodeIgniter.php(340): CodeIgniter\CodeIgniter->handleRequest(null, Object(Config\Cache), false)
 7 FCPATH\index.php(67): CodeIgniter\CodeIgniter->run()
CRITICAL - 2022-10-06 01:26:09 --> Unmatched '}'
in APPPATH\Controllers\Controlmenus.php on line 67.
 1 SYSTEMPATH\Autoloader\Autoloader.php(259): CodeIgniter\Autoloader\Autoloader->includeFile('APPPATH\\Controllers\\Controlmenus.php')
 2 SYSTEMPATH\Autoloader\Autoloader.php(237): CodeIgniter\Autoloader\Autoloader->loadInNamespace('App\\Controllers\\Controlmenus')
 3 [internal function]: CodeIgniter\Autoloader\Autoloader->loadClass('App\\Controllers\\Controlmenus')
 4 SYSTEMPATH\CodeIgniter.php(848): class_exists('\\App\\Controllers\\Controlmenus', true)
 5 SYSTEMPATH\CodeIgniter.php(444): CodeIgniter\CodeIgniter->startController()
 6 SYSTEMPATH\CodeIgniter.php(340): CodeIgniter\CodeIgniter->handleRequest(null, Object(Config\Cache), false)
 7 FCPATH\index.php(67): CodeIgniter\CodeIgniter->run()
CRITICAL - 2022-10-06 01:26:14 --> Unmatched '}'
in APPPATH\Controllers\Controlmenus.php on line 67.
 1 SYSTEMPATH\Autoloader\Autoloader.php(259): CodeIgniter\Autoloader\Autoloader->includeFile('APPPATH\\Controllers\\Controlmenus.php')
 2 SYSTEMPATH\Autoloader\Autoloader.php(237): CodeIgniter\Autoloader\Autoloader->loadInNamespace('App\\Controllers\\Controlmenus')
 3 [internal function]: CodeIgniter\Autoloader\Autoloader->loadClass('App\\Controllers\\Controlmenus')
 4 SYSTEMPATH\CodeIgniter.php(848): class_exists('\\App\\Controllers\\Controlmenus', true)
 5 SYSTEMPATH\CodeIgniter.php(444): CodeIgniter\CodeIgniter->startController()
 6 SYSTEMPATH\CodeIgniter.php(340): CodeIgniter\CodeIgniter->handleRequest(null, Object(Config\Cache), false)
 7 FCPATH\index.php(67): CodeIgniter\CodeIgniter->run()
CRITICAL - 2022-10-06 01:26:29 --> Unmatched '}'
in APPPATH\Controllers\Controlmenus.php on line 64.
 1 SYSTEMPATH\Autoloader\Autoloader.php(259): CodeIgniter\Autoloader\Autoloader->includeFile('APPPATH\\Controllers\\Controlmenus.php')
 2 SYSTEMPATH\Autoloader\Autoloader.php(237): CodeIgniter\Autoloader\Autoloader->loadInNamespace('App\\Controllers\\Controlmenus')
 3 [internal function]: CodeIgniter\Autoloader\Autoloader->loadClass('App\\Controllers\\Controlmenus')
 4 SYSTEMPATH\CodeIgniter.php(848): class_exists('\\App\\Controllers\\Controlmenus', true)
 5 SYSTEMPATH\CodeIgniter.php(444): CodeIgniter\CodeIgniter->startController()
 6 SYSTEMPATH\CodeIgniter.php(340): CodeIgniter\CodeIgniter->handleRequest(null, Object(Config\Cache), false)
 7 FCPATH\index.php(67): CodeIgniter\CodeIgniter->run()
CRITICAL - 2022-10-06 01:26:34 --> Unmatched '}'
in APPPATH\Controllers\Controlmenus.php on line 64.
 1 SYSTEMPATH\Autoloader\Autoloader.php(259): CodeIgniter\Autoloader\Autoloader->includeFile('APPPATH\\Controllers\\Controlmenus.php')
 2 SYSTEMPATH\Autoloader\Autoloader.php(237): CodeIgniter\Autoloader\Autoloader->loadInNamespace('App\\Controllers\\Controlmenus')
 3 [internal function]: CodeIgniter\Autoloader\Autoloader->loadClass('App\\Controllers\\Controlmenus')
 4 SYSTEMPATH\CodeIgniter.php(848): class_exists('\\App\\Controllers\\Controlmenus', true)
 5 SYSTEMPATH\CodeIgniter.php(444): CodeIgniter\CodeIgniter->startController()
 6 SYSTEMPATH\CodeIgniter.php(340): CodeIgniter\CodeIgniter->handleRequest(null, Object(Config\Cache), false)
 7 FCPATH\index.php(67): CodeIgniter\CodeIgniter->run()
CRITICAL - 2022-10-06 01:27:01 --> Unmatched '}'
in APPPATH\Controllers\Controlmenus.php on line 65.
 1 SYSTEMPATH\Autoloader\Autoloader.php(259): CodeIgniter\Autoloader\Autoloader->includeFile('APPPATH\\Controllers\\Controlmenus.php')
 2 SYSTEMPATH\Autoloader\Autoloader.php(237): CodeIgniter\Autoloader\Autoloader->loadInNamespace('App\\Controllers\\Controlmenus')
 3 [internal function]: CodeIgniter\Autoloader\Autoloader->loadClass('App\\Controllers\\Controlmenus')
 4 SYSTEMPATH\CodeIgniter.php(848): class_exists('\\App\\Controllers\\Controlmenus', true)
 5 SYSTEMPATH\CodeIgniter.php(444): CodeIgniter\CodeIgniter->startController()
 6 SYSTEMPATH\CodeIgniter.php(340): CodeIgniter\CodeIgniter->handleRequest(null, Object(Config\Cache), false)
 7 FCPATH\index.php(67): CodeIgniter\CodeIgniter->run()
CRITICAL - 2022-10-06 01:27:07 --> Unmatched '}'
in APPPATH\Controllers\Controlmenus.php on line 65.
 1 SYSTEMPATH\Autoloader\Autoloader.php(259): CodeIgniter\Autoloader\Autoloader->includeFile('APPPATH\\Controllers\\Controlmenus.php')
 2 SYSTEMPATH\Autoloader\Autoloader.php(237): CodeIgniter\Autoloader\Autoloader->loadInNamespace('App\\Controllers\\Controlmenus')
 3 [internal function]: CodeIgniter\Autoloader\Autoloader->loadClass('App\\Controllers\\Controlmenus')
 4 SYSTEMPATH\CodeIgniter.php(848): class_exists('\\App\\Controllers\\Controlmenus', true)
 5 SYSTEMPATH\CodeIgniter.php(444): CodeIgniter\CodeIgniter->startController()
 6 SYSTEMPATH\CodeIgniter.php(340): CodeIgniter\CodeIgniter->handleRequest(null, Object(Config\Cache), false)
 7 FCPATH\index.php(67): CodeIgniter\CodeIgniter->run()
CRITICAL - 2022-10-06 11:05:28 --> Unmatched '}'
in APPPATH\Controllers\Controlmenus.php on line 65.
 1 SYSTEMPATH\Autoloader\Autoloader.php(259): CodeIgniter\Autoloader\Autoloader->includeFile('APPPATH\\Controllers\\Controlmenus.php')
 2 SYSTEMPATH\Autoloader\Autoloader.php(237): CodeIgniter\Autoloader\Autoloader->loadInNamespace('App\\Controllers\\Controlmenus')
 3 [internal function]: CodeIgniter\Autoloader\Autoloader->loadClass('App\\Controllers\\Controlmenus')
 4 SYSTEMPATH\CodeIgniter.php(848): class_exists('\\App\\Controllers\\Controlmenus', true)
 5 SYSTEMPATH\CodeIgniter.php(444): CodeIgniter\CodeIgniter->startController()
 6 SYSTEMPATH\CodeIgniter.php(340): CodeIgniter\CodeIgniter->handleRequest(null, Object(Config\Cache), false)
 7 FCPATH\index.php(67): CodeIgniter\CodeIgniter->run()
CRITICAL - 2022-10-06 11:06:20 --> Unmatched '}'
in APPPATH\Controllers\Controlmenus.php on line 67.
 1 SYSTEMPATH\Autoloader\Autoloader.php(259): CodeIgniter\Autoloader\Autoloader->includeFile('APPPATH\\Controllers\\Controlmenus.php')
 2 SYSTEMPATH\Autoloader\Autoloader.php(237): CodeIgniter\Autoloader\Autoloader->loadInNamespace('App\\Controllers\\Controlmenus')
 3 [internal function]: CodeIgniter\Autoloader\Autoloader->loadClass('App\\Controllers\\Controlmenus')
 4 SYSTEMPATH\CodeIgniter.php(848): class_exists('\\App\\Controllers\\Controlmenus', true)
 5 SYSTEMPATH\CodeIgniter.php(444): CodeIgniter\CodeIgniter->startController()
 6 SYSTEMPATH\CodeIgniter.php(340): CodeIgniter\CodeIgniter->handleRequest(null, Object(Config\Cache), false)
 7 FCPATH\index.php(67): CodeIgniter\CodeIgniter->run()
CRITICAL - 2022-10-06 11:07:15 --> Unmatched '}'
in APPPATH\Controllers\Controlmenus.php on line 54.
 1 SYSTEMPATH\Autoloader\Autoloader.php(259): CodeIgniter\Autoloader\Autoloader->includeFile('APPPATH\\Controllers\\Controlmenus.php')
 2 SYSTEMPATH\Autoloader\Autoloader.php(237): CodeIgniter\Autoloader\Autoloader->loadInNamespace('App\\Controllers\\Controlmenus')
 3 [internal function]: CodeIgniter\Autoloader\Autoloader->loadClass('App\\Controllers\\Controlmenus')
 4 SYSTEMPATH\CodeIgniter.php(848): class_exists('\\App\\Controllers\\Controlmenus', true)
 5 SYSTEMPATH\CodeIgniter.php(444): CodeIgniter\CodeIgniter->startController()
 6 SYSTEMPATH\CodeIgniter.php(340): CodeIgniter\CodeIgniter->handleRequest(null, Object(Config\Cache), false)
 7 FCPATH\index.php(67): CodeIgniter\CodeIgniter->run()
CRITICAL - 2022-10-06 11:08:03 --> Unmatched '}'
in APPPATH\Controllers\Controlmenus.php on line 54.
 1 SYSTEMPATH\Autoloader\Autoloader.php(259): CodeIgniter\Autoloader\Autoloader->includeFile('APPPATH\\Controllers\\Controlmenus.php')
 2 SYSTEMPATH\Autoloader\Autoloader.php(237): CodeIgniter\Autoloader\Autoloader->loadInNamespace('App\\Controllers\\Controlmenus')
 3 [internal function]: CodeIgniter\Autoloader\Autoloader->loadClass('App\\Controllers\\Controlmenus')
 4 SYSTEMPATH\CodeIgniter.php(848): class_exists('\\App\\Controllers\\Controlmenus', true)
 5 SYSTEMPATH\CodeIgniter.php(444): CodeIgniter\CodeIgniter->startController()
 6 SYSTEMPATH\CodeIgniter.php(340): CodeIgniter\CodeIgniter->handleRequest(null, Object(Config\Cache), false)
 7 FCPATH\index.php(67): CodeIgniter\CodeIgniter->run()
CRITICAL - 2022-10-06 11:08:39 --> Unmatched '}'
in APPPATH\Controllers\Controlmenus.php on line 54.
 1 SYSTEMPATH\Autoloader\Autoloader.php(259): CodeIgniter\Autoloader\Autoloader->includeFile('APPPATH\\Controllers\\Controlmenus.php')
 2 SYSTEMPATH\Autoloader\Autoloader.php(237): CodeIgniter\Autoloader\Autoloader->loadInNamespace('App\\Controllers\\Controlmenus')
 3 [internal function]: CodeIgniter\Autoloader\Autoloader->loadClass('App\\Controllers\\Controlmenus')
 4 SYSTEMPATH\CodeIgniter.php(848): class_exists('\\App\\Controllers\\Controlmenus', true)
 5 SYSTEMPATH\CodeIgniter.php(444): CodeIgniter\CodeIgniter->startController()
 6 SYSTEMPATH\CodeIgniter.php(340): CodeIgniter\CodeIgniter->handleRequest(null, Object(Config\Cache), false)
 7 FCPATH\index.php(67): CodeIgniter\CodeIgniter->run()
CRITICAL - 2022-10-06 11:09:04 --> Unmatched '}'
in APPPATH\Controllers\Controlmenus.php on line 54.
 1 SYSTEMPATH\Autoloader\Autoloader.php(259): CodeIgniter\Autoloader\Autoloader->includeFile('APPPATH\\Controllers\\Controlmenus.php')
 2 SYSTEMPATH\Autoloader\Autoloader.php(237): CodeIgniter\Autoloader\Autoloader->loadInNamespace('App\\Controllers\\Controlmenus')
 3 [internal function]: CodeIgniter\Autoloader\Autoloader->loadClass('App\\Controllers\\Controlmenus')
 4 SYSTEMPATH\CodeIgniter.php(848): class_exists('\\App\\Controllers\\Controlmenus', true)
 5 SYSTEMPATH\CodeIgniter.php(444): CodeIgniter\CodeIgniter->startController()
 6 SYSTEMPATH\CodeIgniter.php(340): CodeIgniter\CodeIgniter->handleRequest(null, Object(Config\Cache), false)
 7 FCPATH\index.php(67): CodeIgniter\CodeIgniter->run()
CRITICAL - 2022-10-06 11:09:09 --> Unmatched '}'
in APPPATH\Controllers\Controlmenus.php on line 54.
 1 SYSTEMPATH\Autoloader\Autoloader.php(259): CodeIgniter\Autoloader\Autoloader->includeFile('APPPATH\\Controllers\\Controlmenus.php')
 2 SYSTEMPATH\Autoloader\Autoloader.php(237): CodeIgniter\Autoloader\Autoloader->loadInNamespace('App\\Controllers\\Controlmenus')
 3 [internal function]: CodeIgniter\Autoloader\Autoloader->loadClass('App\\Controllers\\Controlmenus')
 4 SYSTEMPATH\CodeIgniter.php(848): class_exists('\\App\\Controllers\\Controlmenus', true)
 5 SYSTEMPATH\CodeIgniter.php(444): CodeIgniter\CodeIgniter->startController()
 6 SYSTEMPATH\CodeIgniter.php(340): CodeIgniter\CodeIgniter->handleRequest(null, Object(Config\Cache), false)
 7 FCPATH\index.php(67): CodeIgniter\CodeIgniter->run()
CRITICAL - 2022-10-06 11:09:18 --> Unmatched '}'
in APPPATH\Controllers\Controlmenus.php on line 54.
 1 SYSTEMPATH\Autoloader\Autoloader.php(259): CodeIgniter\Autoloader\Autoloader->includeFile('APPPATH\\Controllers\\Controlmenus.php')
 2 SYSTEMPATH\Autoloader\Autoloader.php(237): CodeIgniter\Autoloader\Autoloader->loadInNamespace('App\\Controllers\\Controlmenus')
 3 [internal function]: CodeIgniter\Autoloader\Autoloader->loadClass('App\\Controllers\\Controlmenus')
 4 SYSTEMPATH\CodeIgniter.php(848): class_exists('\\App\\Controllers\\Controlmenus', true)
 5 SYSTEMPATH\CodeIgniter.php(444): CodeIgniter\CodeIgniter->startController()
 6 SYSTEMPATH\CodeIgniter.php(340): CodeIgniter\CodeIgniter->handleRequest(null, Object(Config\Cache), false)
 7 FCPATH\index.php(67): CodeIgniter\CodeIgniter->run()
CRITICAL - 2022-10-06 11:09:24 --> Unmatched '}'
in APPPATH\Controllers\Controlmenus.php on line 54.
 1 SYSTEMPATH\Autoloader\Autoloader.php(259): CodeIgniter\Autoloader\Autoloader->includeFile('APPPATH\\Controllers\\Controlmenus.php')
 2 SYSTEMPATH\Autoloader\Autoloader.php(237): CodeIgniter\Autoloader\Autoloader->loadInNamespace('App\\Controllers\\Controlmenus')
 3 [internal function]: CodeIgniter\Autoloader\Autoloader->loadClass('App\\Controllers\\Controlmenus')
 4 SYSTEMPATH\CodeIgniter.php(848): class_exists('\\App\\Controllers\\Controlmenus', true)
 5 SYSTEMPATH\CodeIgniter.php(444): CodeIgniter\CodeIgniter->startController()
 6 SYSTEMPATH\CodeIgniter.php(340): CodeIgniter\CodeIgniter->handleRequest(null, Object(Config\Cache), false)
 7 FCPATH\index.php(67): CodeIgniter\CodeIgniter->run()
CRITICAL - 2022-10-06 11:09:55 --> Unmatched '}'
in APPPATH\Controllers\Controlmenus.php on line 54.
 1 SYSTEMPATH\Autoloader\Autoloader.php(259): CodeIgniter\Autoloader\Autoloader->includeFile('APPPATH\\Controllers\\Controlmenus.php')
 2 SYSTEMPATH\Autoloader\Autoloader.php(237): CodeIgniter\Autoloader\Autoloader->loadInNamespace('App\\Controllers\\Controlmenus')
 3 [internal function]: CodeIgniter\Autoloader\Autoloader->loadClass('App\\Controllers\\Controlmenus')
 4 SYSTEMPATH\CodeIgniter.php(848): class_exists('\\App\\Controllers\\Controlmenus', true)
 5 SYSTEMPATH\CodeIgniter.php(444): CodeIgniter\CodeIgniter->startController()
 6 SYSTEMPATH\CodeIgniter.php(340): CodeIgniter\CodeIgniter->handleRequest(null, Object(Config\Cache), false)
 7 FCPATH\index.php(67): CodeIgniter\CodeIgniter->run()
CRITICAL - 2022-10-06 11:43:43 --> Object of class stdClass could not be converted to string
in APPPATH\Controllers\Controlmenus.php on line 57.
 1 SYSTEMPATH\CodeIgniter.php(898): App\Controllers\Controlmenus->regresarusuario()
 2 SYSTEMPATH\CodeIgniter.php(457): CodeIgniter\CodeIgniter->runController(Object(App\Controllers\Controlmenus))
 3 SYSTEMPATH\CodeIgniter.php(340): CodeIgniter\CodeIgniter->handleRequest(null, Object(Config\Cache), false)
 4 FCPATH\index.php(67): CodeIgniter\CodeIgniter->run()
CRITICAL - 2022-10-06 11:44:23 --> Object of class stdClass could not be converted to string
in APPPATH\Controllers\Controlmenus.php on line 56.
 1 SYSTEMPATH\CodeIgniter.php(898): App\Controllers\Controlmenus->regresarusuario()
 2 SYSTEMPATH\CodeIgniter.php(457): CodeIgniter\CodeIgniter->runController(Object(App\Controllers\Controlmenus))
 3 SYSTEMPATH\CodeIgniter.php(340): CodeIgniter\CodeIgniter->handleRequest(null, Object(Config\Cache), false)
 4 FCPATH\index.php(67): CodeIgniter\CodeIgniter->run()
CRITICAL - 2022-10-06 14:18:50 --> Object of class stdClass could not be converted to string
in APPPATH\Controllers\Controlmenus.php on line 56.
 1 SYSTEMPATH\CodeIgniter.php(898): App\Controllers\Controlmenus->regresarusuario()
 2 SYSTEMPATH\CodeIgniter.php(457): CodeIgniter\CodeIgniter->runController(Object(App\Controllers\Controlmenus))
 3 SYSTEMPATH\CodeIgniter.php(340): CodeIgniter\CodeIgniter->handleRequest(null, Object(Config\Cache), false)
 4 FCPATH\index.php(67): CodeIgniter\CodeIgniter->run()
CRITICAL - 2022-10-06 14:24:01 --> Object of class stdClass could not be converted to string
in APPPATH\Controllers\Controlmenus.php on line 56.
 1 SYSTEMPATH\CodeIgniter.php(898): App\Controllers\Controlmenus->regresarusuario()
 2 SYSTEMPATH\CodeIgniter.php(457): CodeIgniter\CodeIgniter->runController(Object(App\Controllers\Controlmenus))
 3 SYSTEMPATH\CodeIgniter.php(340): CodeIgniter\CodeIgniter->handleRequest(null, Object(Config\Cache), false)
 4 FCPATH\index.php(67): CodeIgniter\CodeIgniter->run()
CRITICAL - 2022-10-06 14:24:40 --> Object of class stdClass could not be converted to string
in APPPATH\Controllers\Controlmenus.php on line 56.
 1 SYSTEMPATH\CodeIgniter.php(898): App\Controllers\Controlmenus->regresarusuario()
 2 SYSTEMPATH\CodeIgniter.php(457): CodeIgniter\CodeIgniter->runController(Object(App\Controllers\Controlmenus))
 3 SYSTEMPATH\CodeIgniter.php(340): CodeIgniter\CodeIgniter->handleRequest(null, Object(Config\Cache), false)
 4 FCPATH\index.php(67): CodeIgniter\CodeIgniter->run()
CRITICAL - 2022-10-06 14:25:06 --> syntax error, unexpected token "echo", expecting "," or ";"
in APPPATH\Views\vista_ventas\menu_ventas.php on line 76.
 1 SYSTEMPATH\View\View.php(216): CodeIgniter\View\View->CodeIgniter\View\{closure}()
 2 SYSTEMPATH\Common.php(1137): CodeIgniter\View\View->render('vista_ventas/menu_ventas', [], true)
 3 APPPATH\Controllers\Controlmenus.php(41): view('vista_ventas/menu_ventas')
 4 SYSTEMPATH\CodeIgniter.php(898): App\Controllers\Controlmenus->menuventas()
 5 SYSTEMPATH\CodeIgniter.php(457): CodeIgniter\CodeIgniter->runController(Object(App\Controllers\Controlmenus))
 6 SYSTEMPATH\CodeIgniter.php(340): CodeIgniter\CodeIgniter->handleRequest(null, Object(Config\Cache), false)
 7 FCPATH\index.php(67): CodeIgniter\CodeIgniter->run()
CRITICAL - 2022-10-06 14:25:12 --> syntax error, unexpected token "echo", expecting "," or ";"
in APPPATH\Views\vista_ventas\menu_ventas.php on line 76.
 1 SYSTEMPATH\View\View.php(216): CodeIgniter\View\View->CodeIgniter\View\{closure}()
 2 SYSTEMPATH\Common.php(1137): CodeIgniter\View\View->render('vista_ventas/menu_ventas', [], true)
 3 APPPATH\Controllers\Controlmenus.php(41): view('vista_ventas/menu_ventas')
 4 SYSTEMPATH\CodeIgniter.php(898): App\Controllers\Controlmenus->menuventas()
 5 SYSTEMPATH\CodeIgniter.php(457): CodeIgniter\CodeIgniter->runController(Object(App\Controllers\Controlmenus))
 6 SYSTEMPATH\CodeIgniter.php(340): CodeIgniter\CodeIgniter->handleRequest(null, Object(Config\Cache), false)
 7 FCPATH\index.php(67): CodeIgniter\CodeIgniter->run()
CRITICAL - 2022-10-06 14:25:37 --> Object of class stdClass could not be converted to string
in APPPATH\Views\vista_ventas\menu_ventas.php on line 74.
 1 SYSTEMPATH\View\View.php(213): include()
 2 SYSTEMPATH\View\View.php(216): CodeIgniter\View\View->CodeIgniter\View\{closure}()
 3 SYSTEMPATH\Common.php(1137): CodeIgniter\View\View->render('vista_ventas/menu_ventas', [], true)
 4 APPPATH\Controllers\Controlmenus.php(41): view('vista_ventas/menu_ventas')
 5 SYSTEMPATH\CodeIgniter.php(898): App\Controllers\Controlmenus->menuventas()
 6 SYSTEMPATH\CodeIgniter.php(457): CodeIgniter\CodeIgniter->runController(Object(App\Controllers\Controlmenus))
 7 SYSTEMPATH\CodeIgniter.php(340): CodeIgniter\CodeIgniter->handleRequest(null, Object(Config\Cache), false)
 8 FCPATH\index.php(67): CodeIgniter\CodeIgniter->run()
CRITICAL - 2022-10-06 14:30:36 --> Object of class stdClass could not be converted to string
in APPPATH\Views\menu_principal_admin.php on line 124.
 1 SYSTEMPATH\View\View.php(213): include()
 2 SYSTEMPATH\View\View.php(216): CodeIgniter\View\View->CodeIgniter\View\{closure}()
 3 SYSTEMPATH\Common.php(1137): CodeIgniter\View\View->render('menu_principal_admin', [], true)
 4 APPPATH\Controllers\Controlmenus.php(58): view('menu_principal_admin')
 5 SYSTEMPATH\CodeIgniter.php(898): App\Controllers\Controlmenus->regresarusuario()
 6 SYSTEMPATH\CodeIgniter.php(457): CodeIgniter\CodeIgniter->runController(Object(App\Controllers\Controlmenus))
 7 SYSTEMPATH\CodeIgniter.php(340): CodeIgniter\CodeIgniter->handleRequest(null, Object(Config\Cache), false)
 8 FCPATH\index.php(67): CodeIgniter\CodeIgniter->run()
CRITICAL - 2022-10-06 14:30:42 --> Object of class stdClass could not be converted to string
in APPPATH\Views\menu_principal_admin.php on line 124.
 1 SYSTEMPATH\View\View.php(213): include()
 2 SYSTEMPATH\View\View.php(216): CodeIgniter\View\View->CodeIgniter\View\{closure}()
 3 SYSTEMPATH\Common.php(1137): CodeIgniter\View\View->render('menu_principal_admin', [], true)
 4 APPPATH\Controllers\Controlmenus.php(58): view('menu_principal_admin')
 5 SYSTEMPATH\CodeIgniter.php(898): App\Controllers\Controlmenus->regresarusuario()
 6 SYSTEMPATH\CodeIgniter.php(457): CodeIgniter\CodeIgniter->runController(Object(App\Controllers\Controlmenus))
 7 SYSTEMPATH\CodeIgniter.php(340): CodeIgniter\CodeIgniter->handleRequest(null, Object(Config\Cache), false)
 8 FCPATH\index.php(67): CodeIgniter\CodeIgniter->run()
CRITICAL - 2022-10-06 14:30:54 --> Object of class stdClass could not be converted to string
in APPPATH\Views\menu_principal_usuario.php on line 108.
 1 SYSTEMPATH\View\View.php(213): include()
 2 SYSTEMPATH\View\View.php(216): CodeIgniter\View\View->CodeIgniter\View\{closure}()
 3 SYSTEMPATH\Common.php(1137): CodeIgniter\View\View->render('menu_principal_usuario', [], true)
 4 APPPATH\Controllers\Controlmenus.php(23): view('menu_principal_usuario')
 5 SYSTEMPATH\CodeIgniter.php(898): App\Controllers\Controlmenus->iniciarSesion()
 6 SYSTEMPATH\CodeIgniter.php(457): CodeIgniter\CodeIgniter->runController(Object(App\Controllers\Controlmenus))
 7 SYSTEMPATH\CodeIgniter.php(340): CodeIgniter\CodeIgniter->handleRequest(null, Object(Config\Cache), false)
 8 FCPATH\index.php(67): CodeIgniter\CodeIgniter->run()
CRITICAL - 2022-10-06 15:02:37 --> Object of class stdClass could not be converted to string
in APPPATH\Views\menu_principal_admin.php on line 124.
 1 SYSTEMPATH\View\View.php(213): include()
 2 SYSTEMPATH\View\View.php(216): CodeIgniter\View\View->CodeIgniter\View\{closure}()
 3 SYSTEMPATH\Common.php(1137): CodeIgniter\View\View->render('menu_principal_admin', [], true)
 4 APPPATH\Controllers\Controlmenus.php(21): view('menu_principal_admin')
 5 SYSTEMPATH\CodeIgniter.php(898): App\Controllers\Controlmenus->iniciarSesion()
 6 SYSTEMPATH\CodeIgniter.php(457): CodeIgniter\CodeIgniter->runController(Object(App\Controllers\Controlmenus))
 7 SYSTEMPATH\CodeIgniter.php(340): CodeIgniter\CodeIgniter->handleRequest(null, Object(Config\Cache), false)
 8 FCPATH\index.php(67): CodeIgniter\CodeIgniter->run()
CRITICAL - 2022-10-06 15:03:47 --> Attempt to read property "usuario" on string
in APPPATH\Controllers\Controlmenus.php on line 18.
 1 APPPATH\Controllers\Controlmenus.php(18): CodeIgniter\Debug\Exceptions->errorHandler(2, 'Attempt to read property "usuario" on string', 'APPPATH\\Controllers\\Controlmenus.php', 18)
 2 SYSTEMPATH\CodeIgniter.php(898): App\Controllers\Controlmenus->iniciarSesion()
 3 SYSTEMPATH\CodeIgniter.php(457): CodeIgniter\CodeIgniter->runController(Object(App\Controllers\Controlmenus))
 4 SYSTEMPATH\CodeIgniter.php(340): CodeIgniter\CodeIgniter->handleRequest(null, Object(Config\Cache), false)
 5 FCPATH\index.php(67): CodeIgniter\CodeIgniter->run()
CRITICAL - 2022-10-06 15:03:52 --> Attempt to read property "usuario" on string
in APPPATH\Controllers\Controlmenus.php on line 18.
 1 APPPATH\Controllers\Controlmenus.php(18): CodeIgniter\Debug\Exceptions->errorHandler(2, 'Attempt to read property "usuario" on string', 'APPPATH\\Controllers\\Controlmenus.php', 18)
 2 SYSTEMPATH\CodeIgniter.php(898): App\Controllers\Controlmenus->iniciarSesion()
 3 SYSTEMPATH\CodeIgniter.php(457): CodeIgniter\CodeIgniter->runController(Object(App\Controllers\Controlmenus))
 4 SYSTEMPATH\CodeIgniter.php(340): CodeIgniter\CodeIgniter->handleRequest(null, Object(Config\Cache), false)
 5 FCPATH\index.php(67): CodeIgniter\CodeIgniter->run()
CRITICAL - 2022-10-06 15:05:18 --> Attempt to read property "usuario" on string
in APPPATH\Controllers\Controlmenus.php on line 18.
 1 APPPATH\Controllers\Controlmenus.php(18): CodeIgniter\Debug\Exceptions->errorHandler(2, 'Attempt to read property "usuario" on string', 'APPPATH\\Controllers\\Controlmenus.php', 18)
 2 SYSTEMPATH\CodeIgniter.php(898): App\Controllers\Controlmenus->iniciarSesion()
 3 SYSTEMPATH\CodeIgniter.php(457): CodeIgniter\CodeIgniter->runController(Object(App\Controllers\Controlmenus))
 4 SYSTEMPATH\CodeIgniter.php(340): CodeIgniter\CodeIgniter->handleRequest(null, Object(Config\Cache), false)
 5 FCPATH\index.php(67): CodeIgniter\CodeIgniter->run()
CRITICAL - 2022-10-06 15:05:41 --> Attempt to read property "usuario" on string
in APPPATH\Controllers\Controlmenus.php on line 18.
 1 APPPATH\Controllers\Controlmenus.php(18): CodeIgniter\Debug\Exceptions->errorHandler(2, 'Attempt to read property "usuario" on string', 'APPPATH\\Controllers\\Controlmenus.php', 18)
 2 SYSTEMPATH\CodeIgniter.php(898): App\Controllers\Controlmenus->iniciarSesion()
 3 SYSTEMPATH\CodeIgniter.php(457): CodeIgniter\CodeIgniter->runController(Object(App\Controllers\Controlmenus))
 4 SYSTEMPATH\CodeIgniter.php(340): CodeIgniter\CodeIgniter->handleRequest(null, Object(Config\Cache), false)
 5 FCPATH\index.php(67): CodeIgniter\CodeIgniter->run()
CRITICAL - 2022-10-06 15:06:25 --> Attempt to read property "usuario" on string
in APPPATH\Controllers\Controlmenus.php on line 19.
 1 APPPATH\Controllers\Controlmenus.php(19): CodeIgniter\Debug\Exceptions->errorHandler(2, 'Attempt to read property "usuario" on string', 'APPPATH\\Controllers\\Controlmenus.php', 19)
 2 SYSTEMPATH\CodeIgniter.php(898): App\Controllers\Controlmenus->iniciarSesion()
 3 SYSTEMPATH\CodeIgniter.php(457): CodeIgniter\CodeIgniter->runController(Object(App\Controllers\Controlmenus))
 4 SYSTEMPATH\CodeIgniter.php(340): CodeIgniter\CodeIgniter->handleRequest(null, Object(Config\Cache), false)
 5 FCPATH\index.php(67): CodeIgniter\CodeIgniter->run()
CRITICAL - 2022-10-06 19:40:04 --> Object of class stdClass could not be converted to string
in APPPATH\Controllers\Controlmenus.php on line 21.
 1 SYSTEMPATH\CodeIgniter.php(898): App\Controllers\Controlmenus->iniciarSesion()
 2 SYSTEMPATH\CodeIgniter.php(457): CodeIgniter\CodeIgniter->runController(Object(App\Controllers\Controlmenus))
 3 SYSTEMPATH\CodeIgniter.php(340): CodeIgniter\CodeIgniter->handleRequest(null, Object(Config\Cache), false)
 4 FCPATH\index.php(67): CodeIgniter\CodeIgniter->run()
CRITICAL - 2022-10-06 19:40:48 --> Object of class stdClass could not be converted to string
in APPPATH\Controllers\Controlmenus.php on line 21.
 1 SYSTEMPATH\CodeIgniter.php(898): App\Controllers\Controlmenus->iniciarSesion()
 2 SYSTEMPATH\CodeIgniter.php(457): CodeIgniter\CodeIgniter->runController(Object(App\Controllers\Controlmenus))
 3 SYSTEMPATH\CodeIgniter.php(340): CodeIgniter\CodeIgniter->handleRequest(null, Object(Config\Cache), false)
 4 FCPATH\index.php(67): CodeIgniter\CodeIgniter->run()
CRITICAL - 2022-10-06 19:41:19 --> Object of class stdClass could not be converted to string
in APPPATH\Controllers\Controlmenus.php on line 24.
 1 SYSTEMPATH\CodeIgniter.php(898): App\Controllers\Controlmenus->iniciarSesion()
 2 SYSTEMPATH\CodeIgniter.php(457): CodeIgniter\CodeIgniter->runController(Object(App\Controllers\Controlmenus))
 3 SYSTEMPATH\CodeIgniter.php(340): CodeIgniter\CodeIgniter->handleRequest(null, Object(Config\Cache), false)
 4 FCPATH\index.php(67): CodeIgniter\CodeIgniter->run()
CRITICAL - 2022-10-06 19:42:55 --> Object of class stdClass could not be converted to string
in APPPATH\Controllers\Controlmenus.php on line 24.
 1 SYSTEMPATH\CodeIgniter.php(898): App\Controllers\Controlmenus->iniciarSesion()
 2 SYSTEMPATH\CodeIgniter.php(457): CodeIgniter\CodeIgniter->runController(Object(App\Controllers\Controlmenus))
 3 SYSTEMPATH\CodeIgniter.php(340): CodeIgniter\CodeIgniter->handleRequest(null, Object(Config\Cache), false)
 4 FCPATH\index.php(67): CodeIgniter\CodeIgniter->run()
CRITICAL - 2022-10-06 20:09:34 --> Undefined variable $SESSION
in APPPATH\Views\menu_principal_admin.php on line 19.
 1 APPPATH\Views\menu_principal_admin.php(19): CodeIgniter\Debug\Exceptions->errorHandler(2, 'Undefined variable $SESSION', 'APPPATH\\Views\\menu_principal_admin.php', 19)
 2 SYSTEMPATH\View\View.php(213): include('APPPATH\\Views\\menu_principal_admin.php')
 3 SYSTEMPATH\View\View.php(216): CodeIgniter\View\View->CodeIgniter\View\{closure}()
 4 SYSTEMPATH\Common.php(1137): CodeIgniter\View\View->render('menu_principal_admin', [], true)
 5 APPPATH\Controllers\Controlmenus.php(21): view('menu_principal_admin')
 6 SYSTEMPATH\CodeIgniter.php(898): App\Controllers\Controlmenus->iniciarSesion()
 7 SYSTEMPATH\CodeIgniter.php(457): CodeIgniter\CodeIgniter->runController(Object(App\Controllers\Controlmenus))
 8 SYSTEMPATH\CodeIgniter.php(340): CodeIgniter\CodeIgniter->handleRequest(null, Object(Config\Cache), false)
 9 FCPATH\index.php(67): CodeIgniter\CodeIgniter->run()
CRITICAL - 2022-10-06 20:09:56 --> Undefined variable $SESSION
in APPPATH\Views\menu_principal_admin.php on line 19.
 1 APPPATH\Views\menu_principal_admin.php(19): CodeIgniter\Debug\Exceptions->errorHandler(2, 'Undefined variable $SESSION', 'APPPATH\\Views\\menu_principal_admin.php', 19)
 2 SYSTEMPATH\View\View.php(213): include('APPPATH\\Views\\menu_principal_admin.php')
 3 SYSTEMPATH\View\View.php(216): CodeIgniter\View\View->CodeIgniter\View\{closure}()
 4 SYSTEMPATH\Common.php(1137): CodeIgniter\View\View->render('menu_principal_admin', [], true)
 5 APPPATH\Controllers\Controlmenus.php(21): view('menu_principal_admin')
 6 SYSTEMPATH\CodeIgniter.php(898): App\Controllers\Controlmenus->iniciarSesion()
 7 SYSTEMPATH\CodeIgniter.php(457): CodeIgniter\CodeIgniter->runController(Object(App\Controllers\Controlmenus))
 8 SYSTEMPATH\CodeIgniter.php(340): CodeIgniter\CodeIgniter->handleRequest(null, Object(Config\Cache), false)
 9 FCPATH\index.php(67): CodeIgniter\CodeIgniter->run()
CRITICAL - 2022-10-06 20:15:28 --> Unmatched '}'
in APPPATH\Controllers\Controlmenus.php on line 74.
 1 SYSTEMPATH\Autoloader\Autoloader.php(259): CodeIgniter\Autoloader\Autoloader->includeFile('APPPATH\\Controllers\\Controlmenus.php')
 2 SYSTEMPATH\Autoloader\Autoloader.php(237): CodeIgniter\Autoloader\Autoloader->loadInNamespace('App\\Controllers\\Controlmenus')
 3 [internal function]: CodeIgniter\Autoloader\Autoloader->loadClass('App\\Controllers\\Controlmenus')
 4 SYSTEMPATH\CodeIgniter.php(848): class_exists('\\App\\Controllers\\Controlmenus', true)
 5 SYSTEMPATH\CodeIgniter.php(444): CodeIgniter\CodeIgniter->startController()
 6 SYSTEMPATH\CodeIgniter.php(340): CodeIgniter\CodeIgniter->handleRequest(null, Object(Config\Cache), false)
 7 FCPATH\index.php(67): CodeIgniter\CodeIgniter->run()
CRITICAL - 2022-10-06 20:15:30 --> Unmatched '}'
in APPPATH\Controllers\Controlmenus.php on line 74.
 1 SYSTEMPATH\Autoloader\Autoloader.php(259): CodeIgniter\Autoloader\Autoloader->includeFile('APPPATH\\Controllers\\Controlmenus.php')
 2 SYSTEMPATH\Autoloader\Autoloader.php(237): CodeIgniter\Autoloader\Autoloader->loadInNamespace('App\\Controllers\\Controlmenus')
 3 [internal function]: CodeIgniter\Autoloader\Autoloader->loadClass('App\\Controllers\\Controlmenus')
 4 SYSTEMPATH\CodeIgniter.php(848): class_exists('\\App\\Controllers\\Controlmenus', true)
 5 SYSTEMPATH\CodeIgniter.php(444): CodeIgniter\CodeIgniter->startController()
 6 SYSTEMPATH\CodeIgniter.php(340): CodeIgniter\CodeIgniter->handleRequest(null, Object(Config\Cache), false)
 7 FCPATH\index.php(67): CodeIgniter\CodeIgniter->run()
CRITICAL - 2022-10-06 20:15:36 --> Unmatched '}'
in APPPATH\Controllers\Controlmenus.php on line 74.
 1 SYSTEMPATH\Autoloader\Autoloader.php(259): CodeIgniter\Autoloader\Autoloader->includeFile('APPPATH\\Controllers\\Controlmenus.php')
 2 SYSTEMPATH\Autoloader\Autoloader.php(237): CodeIgniter\Autoloader\Autoloader->loadInNamespace('App\\Controllers\\Controlmenus')
 3 [internal function]: CodeIgniter\Autoloader\Autoloader->loadClass('App\\Controllers\\Controlmenus')
 4 SYSTEMPATH\CodeIgniter.php(848): class_exists('\\App\\Controllers\\Controlmenus', true)
 5 SYSTEMPATH\CodeIgniter.php(444): CodeIgniter\CodeIgniter->startController()
 6 SYSTEMPATH\CodeIgniter.php(340): CodeIgniter\CodeIgniter->handleRequest(null, Object(Config\Cache), false)
 7 FCPATH\index.php(67): CodeIgniter\CodeIgniter->run()
CRITICAL - 2022-10-06 20:15:40 --> Unmatched '}'
in APPPATH\Controllers\Controlmenus.php on line 74.
 1 SYSTEMPATH\Autoloader\Autoloader.php(259): CodeIgniter\Autoloader\Autoloader->includeFile('APPPATH\\Controllers\\Controlmenus.php')
 2 SYSTEMPATH\Autoloader\Autoloader.php(237): CodeIgniter\Autoloader\Autoloader->loadInNamespace('App\\Controllers\\Controlmenus')
 3 [internal function]: CodeIgniter\Autoloader\Autoloader->loadClass('App\\Controllers\\Controlmenus')
 4 SYSTEMPATH\CodeIgniter.php(848): class_exists('\\App\\Controllers\\Controlmenus', true)
 5 SYSTEMPATH\CodeIgniter.php(444): CodeIgniter\CodeIgniter->startController()
 6 SYSTEMPATH\CodeIgniter.php(340): CodeIgniter\CodeIgniter->handleRequest(null, Object(Config\Cache), false)
 7 FCPATH\index.php(67): CodeIgniter\CodeIgniter->run()
CRITICAL - 2022-10-06 20:15:53 --> Unmatched '}'
in APPPATH\Controllers\Controlmenus.php on line 74.
 1 SYSTEMPATH\Autoloader\Autoloader.php(259): CodeIgniter\Autoloader\Autoloader->includeFile('APPPATH\\Controllers\\Controlmenus.php')
 2 SYSTEMPATH\Autoloader\Autoloader.php(237): CodeIgniter\Autoloader\Autoloader->loadInNamespace('App\\Controllers\\Controlmenus')
 3 [internal function]: CodeIgniter\Autoloader\Autoloader->loadClass('App\\Controllers\\Controlmenus')
 4 SYSTEMPATH\CodeIgniter.php(848): class_exists('\\App\\Controllers\\Controlmenus', true)
 5 SYSTEMPATH\CodeIgniter.php(444): CodeIgniter\CodeIgniter->startController()
 6 SYSTEMPATH\CodeIgniter.php(340): CodeIgniter\CodeIgniter->handleRequest(null, Object(Config\Cache), false)
 7 FCPATH\index.php(67): CodeIgniter\CodeIgniter->run()
CRITICAL - 2022-10-06 20:19:05 --> Object of class stdClass could not be converted to string
in APPPATH\Controllers\Controlmenus.php on line 60.
 1 SYSTEMPATH\CodeIgniter.php(898): App\Controllers\Controlmenus->regresarusuario()
 2 SYSTEMPATH\CodeIgniter.php(457): CodeIgniter\CodeIgniter->runController(Object(App\Controllers\Controlmenus))
 3 SYSTEMPATH\CodeIgniter.php(340): CodeIgniter\CodeIgniter->handleRequest(null, Object(Config\Cache), false)
 4 FCPATH\index.php(67): CodeIgniter\CodeIgniter->run()
CRITICAL - 2022-10-06 20:27:30 --> Object of class stdClass could not be converted to string
in APPPATH\Controllers\Controlmenus.php on line 60.
 1 SYSTEMPATH\CodeIgniter.php(898): App\Controllers\Controlmenus->regresarusuario()
 2 SYSTEMPATH\CodeIgniter.php(457): CodeIgniter\CodeIgniter->runController(Object(App\Controllers\Controlmenus))
 3 SYSTEMPATH\CodeIgniter.php(340): CodeIgniter\CodeIgniter->handleRequest(null, Object(Config\Cache), false)
 4 FCPATH\index.php(67): CodeIgniter\CodeIgniter->run()
CRITICAL - 2022-10-06 20:27:48 --> ini_set(): Session ini settings cannot be changed when a session is active
in SYSTEMPATH\Session\Handlers\FileHandler.php on line 71.
 1 [internal function]: CodeIgniter\Debug\Exceptions->errorHandler(2, 'ini_set(): Session ini settings cannot be changed when a session is active', 'SYSTEMPATH\\Session\\Handlers\\FileHandler.php', 71)
 2 SYSTEMPATH\Session\Handlers\FileHandler.php(71): ini_set('session.save_path', 'ROOTPATH\\writable\\session')
 3 SYSTEMPATH\Config\Services.php(658): CodeIgniter\Session\Handlers\FileHandler->__construct(Object(Config\App), '127.0.0.1')
 4 SYSTEMPATH\Config\BaseService.php(253): CodeIgniter\Config\Services::session(Object(Config\App), false)
 5 SYSTEMPATH\Config\BaseService.php(194): CodeIgniter\Config\BaseService::__callStatic('session', [...])
 6 SYSTEMPATH\Config\Services.php(637): CodeIgniter\Config\BaseService::getSharedInstance('session', null)
 7 SYSTEMPATH\Config\BaseService.php(253): CodeIgniter\Config\Services::session()
 8 SYSTEMPATH\HTTP\RedirectResponse.php(76): CodeIgniter\Config\BaseService::__callStatic('session', [])
 9 APPPATH\Controllers\Controlmenus.php(27): CodeIgniter\HTTP\RedirectResponse->back()
10 SYSTEMPATH\CodeIgniter.php(898): App\Controllers\Controlmenus->iniciarSesion()
11 SYSTEMPATH\CodeIgniter.php(457): CodeIgniter\CodeIgniter->runController(Object(App\Controllers\Controlmenus))
12 SYSTEMPATH\CodeIgniter.php(340): CodeIgniter\CodeIgniter->handleRequest(null, Object(Config\Cache), false)
13 FCPATH\index.php(67): CodeIgniter\CodeIgniter->run()
CRITICAL - 2022-10-06 20:41:01 --> syntax error, unexpected token "public"
in APPPATH\Controllers\Controlmenus.php on line 44.
 1 SYSTEMPATH\Autoloader\Autoloader.php(259): CodeIgniter\Autoloader\Autoloader->includeFile('APPPATH\\Controllers\\Controlmenus.php')
 2 SYSTEMPATH\Autoloader\Autoloader.php(237): CodeIgniter\Autoloader\Autoloader->loadInNamespace('App\\Controllers\\Controlmenus')
 3 [internal function]: CodeIgniter\Autoloader\Autoloader->loadClass('App\\Controllers\\Controlmenus')
 4 SYSTEMPATH\CodeIgniter.php(848): class_exists('\\App\\Controllers\\Controlmenus', true)
 5 SYSTEMPATH\CodeIgniter.php(444): CodeIgniter\CodeIgniter->startController()
 6 SYSTEMPATH\CodeIgniter.php(340): CodeIgniter\CodeIgniter->handleRequest(null, Object(Config\Cache), false)
 7 FCPATH\index.php(67): CodeIgniter\CodeIgniter->run()
CRITICAL - 2022-10-06 20:41:29 --> syntax error, unexpected token "public"
in APPPATH\Controllers\Controlmenus.php on line 44.
 1 SYSTEMPATH\Autoloader\Autoloader.php(259): CodeIgniter\Autoloader\Autoloader->includeFile('APPPATH\\Controllers\\Controlmenus.php')
 2 SYSTEMPATH\Autoloader\Autoloader.php(237): CodeIgniter\Autoloader\Autoloader->loadInNamespace('App\\Controllers\\Controlmenus')
 3 [internal function]: CodeIgniter\Autoloader\Autoloader->loadClass('App\\Controllers\\Controlmenus')
 4 SYSTEMPATH\CodeIgniter.php(848): class_exists('\\App\\Controllers\\Controlmenus', true)
 5 SYSTEMPATH\CodeIgniter.php(444): CodeIgniter\CodeIgniter->startController()
 6 SYSTEMPATH\CodeIgniter.php(340): CodeIgniter\CodeIgniter->handleRequest(null, Object(Config\Cache), false)
 7 FCPATH\index.php(67): CodeIgniter\CodeIgniter->run()
CRITICAL - 2022-10-06 20:41:41 --> syntax error, unexpected token "public"
in APPPATH\Controllers\Controlmenus.php on line 44.
 1 SYSTEMPATH\Autoloader\Autoloader.php(259): CodeIgniter\Autoloader\Autoloader->includeFile('APPPATH\\Controllers\\Controlmenus.php')
 2 SYSTEMPATH\Autoloader\Autoloader.php(237): CodeIgniter\Autoloader\Autoloader->loadInNamespace('App\\Controllers\\Controlmenus')
 3 [internal function]: CodeIgniter\Autoloader\Autoloader->loadClass('App\\Controllers\\Controlmenus')
 4 SYSTEMPATH\CodeIgniter.php(848): class_exists('\\App\\Controllers\\Controlmenus', true)
 5 SYSTEMPATH\CodeIgniter.php(444): CodeIgniter\CodeIgniter->startController()
 6 SYSTEMPATH\CodeIgniter.php(340): CodeIgniter\CodeIgniter->handleRequest(null, Object(Config\Cache), false)
 7 FCPATH\index.php(67): CodeIgniter\CodeIgniter->run()
CRITICAL - 2022-10-06 20:42:20 --> syntax error, unexpected token "public"
in APPPATH\Controllers\Controlmenus.php on line 44.
 1 SYSTEMPATH\Autoloader\Autoloader.php(259): CodeIgniter\Autoloader\Autoloader->includeFile('APPPATH\\Controllers\\Controlmenus.php')
 2 SYSTEMPATH\Autoloader\Autoloader.php(237): CodeIgniter\Autoloader\Autoloader->loadInNamespace('App\\Controllers\\Controlmenus')
 3 [internal function]: CodeIgniter\Autoloader\Autoloader->loadClass('App\\Controllers\\Controlmenus')
 4 SYSTEMPATH\CodeIgniter.php(848): class_exists('\\App\\Controllers\\Controlmenus', true)
 5 SYSTEMPATH\CodeIgniter.php(444): CodeIgniter\CodeIgniter->startController()
 6 SYSTEMPATH\CodeIgniter.php(340): CodeIgniter\CodeIgniter->handleRequest(null, Object(Config\Cache), false)
 7 FCPATH\index.php(67): CodeIgniter\CodeIgniter->run()
CRITICAL - 2022-10-06 20:42:46 --> syntax error, unexpected token "public"
in APPPATH\Controllers\Controlmenus.php on line 44.
 1 SYSTEMPATH\Autoloader\Autoloader.php(259): CodeIgniter\Autoloader\Autoloader->includeFile('APPPATH\\Controllers\\Controlmenus.php')
 2 SYSTEMPATH\Autoloader\Autoloader.php(237): CodeIgniter\Autoloader\Autoloader->loadInNamespace('App\\Controllers\\Controlmenus')
 3 [internal function]: CodeIgniter\Autoloader\Autoloader->loadClass('App\\Controllers\\Controlmenus')
 4 SYSTEMPATH\CodeIgniter.php(848): class_exists('\\App\\Controllers\\Controlmenus', true)
 5 SYSTEMPATH\CodeIgniter.php(444): CodeIgniter\CodeIgniter->startController()
 6 SYSTEMPATH\CodeIgniter.php(340): CodeIgniter\CodeIgniter->handleRequest(null, Object(Config\Cache), false)
 7 FCPATH\index.php(67): CodeIgniter\CodeIgniter->run()
CRITICAL - 2022-10-06 20:43:19 --> syntax error, unexpected token "public"
in APPPATH\Controllers\Controlmenus.php on line 44.
 1 SYSTEMPATH\Autoloader\Autoloader.php(259): CodeIgniter\Autoloader\Autoloader->includeFile('APPPATH\\Controllers\\Controlmenus.php')
 2 SYSTEMPATH\Autoloader\Autoloader.php(237): CodeIgniter\Autoloader\Autoloader->loadInNamespace('App\\Controllers\\Controlmenus')
 3 [internal function]: CodeIgniter\Autoloader\Autoloader->loadClass('App\\Controllers\\Controlmenus')
 4 SYSTEMPATH\CodeIgniter.php(848): class_exists('\\App\\Controllers\\Controlmenus', true)
 5 SYSTEMPATH\CodeIgniter.php(444): CodeIgniter\CodeIgniter->startController()
 6 SYSTEMPATH\CodeIgniter.php(340): CodeIgniter\CodeIgniter->handleRequest(null, Object(Config\Cache), false)
 7 FCPATH\index.php(67): CodeIgniter\CodeIgniter->run()
CRITICAL - 2022-10-06 20:43:52 --> syntax error, unexpected token "public"
in APPPATH\Controllers\Controlmenus.php on line 45.
 1 SYSTEMPATH\Autoloader\Autoloader.php(259): CodeIgniter\Autoloader\Autoloader->includeFile('APPPATH\\Controllers\\Controlmenus.php')
 2 SYSTEMPATH\Autoloader\Autoloader.php(237): CodeIgniter\Autoloader\Autoloader->loadInNamespace('App\\Controllers\\Controlmenus')
 3 [internal function]: CodeIgniter\Autoloader\Autoloader->loadClass('App\\Controllers\\Controlmenus')
 4 SYSTEMPATH\CodeIgniter.php(848): class_exists('\\App\\Controllers\\Controlmenus', true)
 5 SYSTEMPATH\CodeIgniter.php(444): CodeIgniter\CodeIgniter->startController()
 6 SYSTEMPATH\CodeIgniter.php(340): CodeIgniter\CodeIgniter->handleRequest(null, Object(Config\Cache), false)
 7 FCPATH\index.php(67): CodeIgniter\CodeIgniter->run()
CRITICAL - 2022-10-06 20:44:21 --> syntax error, unexpected token "public"
in APPPATH\Controllers\Controlmenus.php on line 45.
 1 SYSTEMPATH\Autoloader\Autoloader.php(259): CodeIgniter\Autoloader\Autoloader->includeFile('APPPATH\\Controllers\\Controlmenus.php')
 2 SYSTEMPATH\Autoloader\Autoloader.php(237): CodeIgniter\Autoloader\Autoloader->loadInNamespace('App\\Controllers\\Controlmenus')
 3 [internal function]: CodeIgniter\Autoloader\Autoloader->loadClass('App\\Controllers\\Controlmenus')
 4 SYSTEMPATH\CodeIgniter.php(848): class_exists('\\App\\Controllers\\Controlmenus', true)
 5 SYSTEMPATH\CodeIgniter.php(444): CodeIgniter\CodeIgniter->startController()
 6 SYSTEMPATH\CodeIgniter.php(340): CodeIgniter\CodeIgniter->handleRequest(null, Object(Config\Cache), false)
 7 FCPATH\index.php(67): CodeIgniter\CodeIgniter->run()
CRITICAL - 2022-10-06 20:48:37 --> Object of class stdClass could not be converted to string
in APPPATH\Controllers\Controlmenus.php on line 58.
 1 SYSTEMPATH\CodeIgniter.php(898): App\Controllers\Controlmenus->regresarusuario()
 2 SYSTEMPATH\CodeIgniter.php(457): CodeIgniter\CodeIgniter->runController(Object(App\Controllers\Controlmenus))
 3 SYSTEMPATH\CodeIgniter.php(340): CodeIgniter\CodeIgniter->handleRequest(null, Object(Config\Cache), false)
 4 FCPATH\index.php(67): CodeIgniter\CodeIgniter->run()
CRITICAL - 2022-10-06 20:48:53 --> Object of class stdClass could not be converted to string
in APPPATH\Controllers\Controlmenus.php on line 58.
 1 SYSTEMPATH\CodeIgniter.php(898): App\Controllers\Controlmenus->regresarusuario()
 2 SYSTEMPATH\CodeIgniter.php(457): CodeIgniter\CodeIgniter->runController(Object(App\Controllers\Controlmenus))
 3 SYSTEMPATH\CodeIgniter.php(340): CodeIgniter\CodeIgniter->handleRequest(null, Object(Config\Cache), false)
 4 FCPATH\index.php(67): CodeIgniter\CodeIgniter->run()
CRITICAL - 2022-10-06 20:49:53 --> Object of class stdClass could not be converted to string
in APPPATH\Controllers\Controlmenus.php on line 58.
 1 SYSTEMPATH\CodeIgniter.php(898): App\Controllers\Controlmenus->regresarusuario()
 2 SYSTEMPATH\CodeIgniter.php(457): CodeIgniter\CodeIgniter->runController(Object(App\Controllers\Controlmenus))
 3 SYSTEMPATH\CodeIgniter.php(340): CodeIgniter\CodeIgniter->handleRequest(null, Object(Config\Cache), false)
 4 FCPATH\index.php(67): CodeIgniter\CodeIgniter->run()
CRITICAL - 2022-10-06 20:50:22 --> Object of class stdClass could not be converted to string
in APPPATH\Controllers\Controlmenus.php on line 58.
 1 SYSTEMPATH\CodeIgniter.php(898): App\Controllers\Controlmenus->regresarusuario()
 2 SYSTEMPATH\CodeIgniter.php(457): CodeIgniter\CodeIgniter->runController(Object(App\Controllers\Controlmenus))
 3 SYSTEMPATH\CodeIgniter.php(340): CodeIgniter\CodeIgniter->handleRequest(null, Object(Config\Cache), false)
 4 FCPATH\index.php(67): CodeIgniter\CodeIgniter->run()
CRITICAL - 2022-10-06 20:54:57 --> Object of class stdClass could not be converted to string
in APPPATH\Controllers\Controlmenus.php on line 54.
 1 SYSTEMPATH\CodeIgniter.php(898): App\Controllers\Controlmenus->regresarusuario()
 2 SYSTEMPATH\CodeIgniter.php(457): CodeIgniter\CodeIgniter->runController(Object(App\Controllers\Controlmenus))
 3 SYSTEMPATH\CodeIgniter.php(340): CodeIgniter\CodeIgniter->handleRequest(null, Object(Config\Cache), false)
 4 FCPATH\index.php(67): CodeIgniter\CodeIgniter->run()
CRITICAL - 2022-10-06 21:07:32 --> syntax error, unexpected token "}"
in APPPATH\Controllers\Controlmenus.php on line 65.
 1 SYSTEMPATH\Autoloader\Autoloader.php(259): CodeIgniter\Autoloader\Autoloader->includeFile('APPPATH\\Controllers\\Controlmenus.php')
 2 SYSTEMPATH\Autoloader\Autoloader.php(237): CodeIgniter\Autoloader\Autoloader->loadInNamespace('App\\Controllers\\Controlmenus')
 3 [internal function]: CodeIgniter\Autoloader\Autoloader->loadClass('App\\Controllers\\Controlmenus')
 4 SYSTEMPATH\CodeIgniter.php(848): class_exists('\\App\\Controllers\\Controlmenus', true)
 5 SYSTEMPATH\CodeIgniter.php(444): CodeIgniter\CodeIgniter->startController()
 6 SYSTEMPATH\CodeIgniter.php(340): CodeIgniter\CodeIgniter->handleRequest(null, Object(Config\Cache), false)
 7 FCPATH\index.php(67): CodeIgniter\CodeIgniter->run()
CRITICAL - 2022-10-06 21:07:40 --> syntax error, unexpected token "}"
in APPPATH\Controllers\Controlmenus.php on line 65.
 1 SYSTEMPATH\Autoloader\Autoloader.php(259): CodeIgniter\Autoloader\Autoloader->includeFile('APPPATH\\Controllers\\Controlmenus.php')
 2 SYSTEMPATH\Autoloader\Autoloader.php(237): CodeIgniter\Autoloader\Autoloader->loadInNamespace('App\\Controllers\\Controlmenus')
 3 [internal function]: CodeIgniter\Autoloader\Autoloader->loadClass('App\\Controllers\\Controlmenus')
 4 SYSTEMPATH\CodeIgniter.php(848): class_exists('\\App\\Controllers\\Controlmenus', true)
 5 SYSTEMPATH\CodeIgniter.php(444): CodeIgniter\CodeIgniter->startController()
 6 SYSTEMPATH\CodeIgniter.php(340): CodeIgniter\CodeIgniter->handleRequest(null, Object(Config\Cache), false)
 7 FCPATH\index.php(67): CodeIgniter\CodeIgniter->run()
CRITICAL - 2022-10-06 21:09:03 --> syntax error, unexpected token "}", expecting ";"
in APPPATH\Controllers\Controlmenus.php on line 64.
 1 SYSTEMPATH\Autoloader\Autoloader.php(259): CodeIgniter\Autoloader\Autoloader->includeFile('APPPATH\\Controllers\\Controlmenus.php')
 2 SYSTEMPATH\Autoloader\Autoloader.php(237): CodeIgniter\Autoloader\Autoloader->loadInNamespace('App\\Controllers\\Controlmenus')
 3 [internal function]: CodeIgniter\Autoloader\Autoloader->loadClass('App\\Controllers\\Controlmenus')
 4 SYSTEMPATH\CodeIgniter.php(848): class_exists('\\App\\Controllers\\Controlmenus', true)
 5 SYSTEMPATH\CodeIgniter.php(444): CodeIgniter\CodeIgniter->startController()
 6 SYSTEMPATH\CodeIgniter.php(340): CodeIgniter\CodeIgniter->handleRequest(null, Object(Config\Cache), false)
 7 FCPATH\index.php(67): CodeIgniter\CodeIgniter->run()
CRITICAL - 2022-10-06 21:09:49 --> syntax error, unexpected token "}", expecting ";"
in APPPATH\Controllers\Controlmenus.php on line 65.
 1 SYSTEMPATH\Autoloader\Autoloader.php(259): CodeIgniter\Autoloader\Autoloader->includeFile('APPPATH\\Controllers\\Controlmenus.php')
 2 SYSTEMPATH\Autoloader\Autoloader.php(237): CodeIgniter\Autoloader\Autoloader->loadInNamespace('App\\Controllers\\Controlmenus')
 3 [internal function]: CodeIgniter\Autoloader\Autoloader->loadClass('App\\Controllers\\Controlmenus')
 4 SYSTEMPATH\CodeIgniter.php(848): class_exists('\\App\\Controllers\\Controlmenus', true)
 5 SYSTEMPATH\CodeIgniter.php(444): CodeIgniter\CodeIgniter->startController()
 6 SYSTEMPATH\CodeIgniter.php(340): CodeIgniter\CodeIgniter->handleRequest(null, Object(Config\Cache), false)
 7 FCPATH\index.php(67): CodeIgniter\CodeIgniter->run()
CRITICAL - 2022-10-06 21:26:22 --> Object of class stdClass could not be converted to string
in APPPATH\Controllers\Controlmenus.php on line 54.
 1 SYSTEMPATH\CodeIgniter.php(898): App\Controllers\Controlmenus->regresarusuario()
 2 SYSTEMPATH\CodeIgniter.php(457): CodeIgniter\CodeIgniter->runController(Object(App\Controllers\Controlmenus))
 3 SYSTEMPATH\CodeIgniter.php(340): CodeIgniter\CodeIgniter->handleRequest(null, Object(Config\Cache), false)
 4 FCPATH\index.php(67): CodeIgniter\CodeIgniter->run()
CRITICAL - 2022-10-06 21:28:22 --> Object of class stdClass could not be converted to string
in APPPATH\Controllers\Controlmenus.php on line 54.
 1 SYSTEMPATH\CodeIgniter.php(898): App\Controllers\Controlmenus->regresarusuario()
 2 SYSTEMPATH\CodeIgniter.php(457): CodeIgniter\CodeIgniter->runController(Object(App\Controllers\Controlmenus))
 3 SYSTEMPATH\CodeIgniter.php(340): CodeIgniter\CodeIgniter->handleRequest(null, Object(Config\Cache), false)
 4 FCPATH\index.php(67): CodeIgniter\CodeIgniter->run()
CRITICAL - 2022-10-06 21:28:47 --> Object of class stdClass could not be converted to string
in APPPATH\Controllers\Controlmenus.php on line 54.
 1 SYSTEMPATH\CodeIgniter.php(898): App\Controllers\Controlmenus->regresarusuario()
 2 SYSTEMPATH\CodeIgniter.php(457): CodeIgniter\CodeIgniter->runController(Object(App\Controllers\Controlmenus))
 3 SYSTEMPATH\CodeIgniter.php(340): CodeIgniter\CodeIgniter->handleRequest(null, Object(Config\Cache), false)
 4 FCPATH\index.php(67): CodeIgniter\CodeIgniter->run()
CRITICAL - 2022-10-06 21:30:07 --> syntax error, unexpected token "}", expecting ";"
in APPPATH\Controllers\Controlmenus.php on line 51.
 1 SYSTEMPATH\Autoloader\Autoloader.php(259): CodeIgniter\Autoloader\Autoloader->includeFile('APPPATH\\Controllers\\Controlmenus.php')
 2 SYSTEMPATH\Autoloader\Autoloader.php(237): CodeIgniter\Autoloader\Autoloader->loadInNamespace('App\\Controllers\\Controlmenus')
 3 [internal function]: CodeIgniter\Autoloader\Autoloader->loadClass('App\\Controllers\\Controlmenus')
 4 SYSTEMPATH\CodeIgniter.php(848): class_exists('\\App\\Controllers\\Controlmenus', true)
 5 SYSTEMPATH\CodeIgniter.php(444): CodeIgniter\CodeIgniter->startController()
 6 SYSTEMPATH\CodeIgniter.php(340): CodeIgniter\CodeIgniter->handleRequest(null, Object(Config\Cache), false)
 7 FCPATH\index.php(67): CodeIgniter\CodeIgniter->run()
CRITICAL - 2022-10-06 21:30:09 --> syntax error, unexpected token "}", expecting ";"
in APPPATH\Controllers\Controlmenus.php on line 51.
 1 SYSTEMPATH\Autoloader\Autoloader.php(259): CodeIgniter\Autoloader\Autoloader->includeFile('APPPATH\\Controllers\\Controlmenus.php')
 2 SYSTEMPATH\Autoloader\Autoloader.php(237): CodeIgniter\Autoloader\Autoloader->loadInNamespace('App\\Controllers\\Controlmenus')
 3 [internal function]: CodeIgniter\Autoloader\Autoloader->loadClass('App\\Controllers\\Controlmenus')
 4 SYSTEMPATH\CodeIgniter.php(848): class_exists('\\App\\Controllers\\Controlmenus', true)
 5 SYSTEMPATH\CodeIgniter.php(444): CodeIgniter\CodeIgniter->startController()
 6 SYSTEMPATH\CodeIgniter.php(340): CodeIgniter\CodeIgniter->handleRequest(null, Object(Config\Cache), false)
 7 FCPATH\index.php(67): CodeIgniter\CodeIgniter->run()
CRITICAL - 2022-10-06 21:30:18 --> syntax error, unexpected token "}", expecting ";"
in APPPATH\Controllers\Controlmenus.php on line 51.
 1 SYSTEMPATH\Autoloader\Autoloader.php(259): CodeIgniter\Autoloader\Autoloader->includeFile('APPPATH\\Controllers\\Controlmenus.php')
 2 SYSTEMPATH\Autoloader\Autoloader.php(237): CodeIgniter\Autoloader\Autoloader->loadInNamespace('App\\Controllers\\Controlmenus')
 3 [internal function]: CodeIgniter\Autoloader\Autoloader->loadClass('App\\Controllers\\Controlmenus')
 4 SYSTEMPATH\CodeIgniter.php(848): class_exists('\\App\\Controllers\\Controlmenus', true)
 5 SYSTEMPATH\CodeIgniter.php(444): CodeIgniter\CodeIgniter->startController()
 6 SYSTEMPATH\CodeIgniter.php(340): CodeIgniter\CodeIgniter->handleRequest(null, Object(Config\Cache), false)
 7 FCPATH\index.php(67): CodeIgniter\CodeIgniter->run()
CRITICAL - 2022-10-06 22:10:54 --> ini_set(): Session ini settings cannot be changed when a session is active
in SYSTEMPATH\Session\Handlers\FileHandler.php on line 71.
 1 [internal function]: CodeIgniter\Debug\Exceptions->errorHandler(2, 'ini_set(): Session ini settings cannot be changed when a session is active', 'SYSTEMPATH\\Session\\Handlers\\FileHandler.php', 71)
 2 SYSTEMPATH\Session\Handlers\FileHandler.php(71): ini_set('session.save_path', 'ROOTPATH\\writable\\session')
 3 SYSTEMPATH\Config\Services.php(658): CodeIgniter\Session\Handlers\FileHandler->__construct(Object(Config\App), '127.0.0.1')
 4 SYSTEMPATH\Config\BaseService.php(253): CodeIgniter\Config\Services::session(Object(Config\App), false)
 5 SYSTEMPATH\Config\BaseService.php(194): CodeIgniter\Config\BaseService::__callStatic('session', [...])
 6 SYSTEMPATH\Config\Services.php(637): CodeIgniter\Config\BaseService::getSharedInstance('session', null)
 7 SYSTEMPATH\Config\BaseService.php(253): CodeIgniter\Config\Services::session()
 8 SYSTEMPATH\HTTP\RedirectResponse.php(76): CodeIgniter\Config\BaseService::__callStatic('session', [])
 9 APPPATH\Views\vista_compras\menu_compras.php(61): CodeIgniter\HTTP\RedirectResponse->back()
10 SYSTEMPATH\View\View.php(213): include('APPPATH\\Views\\vista_compras\\menu_compras.php')
11 SYSTEMPATH\View\View.php(216): CodeIgniter\View\View->CodeIgniter\View\{closure}()
12 SYSTEMPATH\Common.php(1137): CodeIgniter\View\View->render('vista_compras/menu_compras', [], true)
13 APPPATH\Controllers\Controlmenus.php(40): view('vista_compras/menu_compras')
14 SYSTEMPATH\CodeIgniter.php(898): App\Controllers\Controlmenus->menucompras()
15 SYSTEMPATH\CodeIgniter.php(457): CodeIgniter\CodeIgniter->runController(Object(App\Controllers\Controlmenus))
16 SYSTEMPATH\CodeIgniter.php(340): CodeIgniter\CodeIgniter->handleRequest(null, Object(Config\Cache), false)
17 FCPATH\index.php(67): CodeIgniter\CodeIgniter->run()
CRITICAL - 2022-10-06 22:21:50 --> Undefined global variable $_SESSION
in APPPATH\Controllers\Controlmenus.php on line 58.
 1 APPPATH\Controllers\Controlmenus.php(58): CodeIgniter\Debug\Exceptions->errorHandler(2, 'Undefined global variable $_SESSION', 'APPPATH\\Controllers\\Controlmenus.php', 58)
 2 SYSTEMPATH\CodeIgniter.php(898): App\Controllers\Controlmenus->regresarusuario()
 3 SYSTEMPATH\CodeIgniter.php(457): CodeIgniter\CodeIgniter->runController(Object(App\Controllers\Controlmenus))
 4 SYSTEMPATH\CodeIgniter.php(340): CodeIgniter\CodeIgniter->handleRequest(null, Object(Config\Cache), false)
 5 FCPATH\index.php(67): CodeIgniter\CodeIgniter->run()
CRITICAL - 2022-10-06 22:22:37 --> Array to string conversion
in APPPATH\Controllers\Controlmenus.php on line 58.
 1 APPPATH\Controllers\Controlmenus.php(58): CodeIgniter\Debug\Exceptions->errorHandler(2, 'Array to string conversion', 'APPPATH\\Controllers\\Controlmenus.php', 58)
 2 SYSTEMPATH\CodeIgniter.php(898): App\Controllers\Controlmenus->regresarusuario()
 3 SYSTEMPATH\CodeIgniter.php(457): CodeIgniter\CodeIgniter->runController(Object(App\Controllers\Controlmenus))
 4 SYSTEMPATH\CodeIgniter.php(340): CodeIgniter\CodeIgniter->handleRequest(null, Object(Config\Cache), false)
 5 FCPATH\index.php(67): CodeIgniter\CodeIgniter->run()
CRITICAL - 2022-10-06 22:38:43 --> Unmatched '}'
in APPPATH\Controllers\Controlmenus.php on line 64.
 1 SYSTEMPATH\Autoloader\Autoloader.php(259): CodeIgniter\Autoloader\Autoloader->includeFile('APPPATH\\Controllers\\Controlmenus.php')
 2 SYSTEMPATH\Autoloader\Autoloader.php(237): CodeIgniter\Autoloader\Autoloader->loadInNamespace('App\\Controllers\\Controlmenus')
 3 [internal function]: CodeIgniter\Autoloader\Autoloader->loadClass('App\\Controllers\\Controlmenus')
 4 SYSTEMPATH\CodeIgniter.php(848): class_exists('\\App\\Controllers\\Controlmenus', true)
 5 SYSTEMPATH\CodeIgniter.php(444): CodeIgniter\CodeIgniter->startController()
 6 SYSTEMPATH\CodeIgniter.php(340): CodeIgniter\CodeIgniter->handleRequest(null, Object(Config\Cache), false)
 7 FCPATH\index.php(67): CodeIgniter\CodeIgniter->run()
CRITICAL - 2022-10-06 22:38:56 --> Unmatched '}'
in APPPATH\Controllers\Controlmenus.php on line 64.
 1 SYSTEMPATH\Autoloader\Autoloader.php(259): CodeIgniter\Autoloader\Autoloader->includeFile('APPPATH\\Controllers\\Controlmenus.php')
 2 SYSTEMPATH\Autoloader\Autoloader.php(237): CodeIgniter\Autoloader\Autoloader->loadInNamespace('App\\Controllers\\Controlmenus')
 3 [internal function]: CodeIgniter\Autoloader\Autoloader->loadClass('App\\Controllers\\Controlmenus')
 4 SYSTEMPATH\CodeIgniter.php(848): class_exists('\\App\\Controllers\\Controlmenus', true)
 5 SYSTEMPATH\CodeIgniter.php(444): CodeIgniter\CodeIgniter->startController()
 6 SYSTEMPATH\CodeIgniter.php(340): CodeIgniter\CodeIgniter->handleRequest(null, Object(Config\Cache), false)
 7 FCPATH\index.php(67): CodeIgniter\CodeIgniter->run()
CRITICAL - 2022-10-06 22:39:10 --> Unmatched '}'
in APPPATH\Controllers\Controlmenus.php on line 64.
 1 SYSTEMPATH\Autoloader\Autoloader.php(259): CodeIgniter\Autoloader\Autoloader->includeFile('APPPATH\\Controllers\\Controlmenus.php')
 2 SYSTEMPATH\Autoloader\Autoloader.php(237): CodeIgniter\Autoloader\Autoloader->loadInNamespace('App\\Controllers\\Controlmenus')
 3 [internal function]: CodeIgniter\Autoloader\Autoloader->loadClass('App\\Controllers\\Controlmenus')
 4 SYSTEMPATH\CodeIgniter.php(848): class_exists('\\App\\Controllers\\Controlmenus', true)
 5 SYSTEMPATH\CodeIgniter.php(444): CodeIgniter\CodeIgniter->startController()
 6 SYSTEMPATH\CodeIgniter.php(340): CodeIgniter\CodeIgniter->handleRequest(null, Object(Config\Cache), false)
 7 FCPATH\index.php(67): CodeIgniter\CodeIgniter->run()
CRITICAL - 2022-10-06 22:39:25 --> Unmatched '}'
in APPPATH\Controllers\Controlmenus.php on line 64.
 1 SYSTEMPATH\Autoloader\Autoloader.php(259): CodeIgniter\Autoloader\Autoloader->includeFile('APPPATH\\Controllers\\Controlmenus.php')
 2 SYSTEMPATH\Autoloader\Autoloader.php(237): CodeIgniter\Autoloader\Autoloader->loadInNamespace('App\\Controllers\\Controlmenus')
 3 [internal function]: CodeIgniter\Autoloader\Autoloader->loadClass('App\\Controllers\\Controlmenus')
 4 SYSTEMPATH\CodeIgniter.php(848): class_exists('\\App\\Controllers\\Controlmenus', true)
 5 SYSTEMPATH\CodeIgniter.php(444): CodeIgniter\CodeIgniter->startController()
 6 SYSTEMPATH\CodeIgniter.php(340): CodeIgniter\CodeIgniter->handleRequest(null, Object(Config\Cache), false)
 7 FCPATH\index.php(67): CodeIgniter\CodeIgniter->run()
CRITICAL - 2022-10-06 22:40:01 --> Unmatched '}'
in APPPATH\Controllers\Controlmenus.php on line 64.
 1 SYSTEMPATH\Autoloader\Autoloader.php(259): CodeIgniter\Autoloader\Autoloader->includeFile('APPPATH\\Controllers\\Controlmenus.php')
 2 SYSTEMPATH\Autoloader\Autoloader.php(237): CodeIgniter\Autoloader\Autoloader->loadInNamespace('App\\Controllers\\Controlmenus')
 3 [internal function]: CodeIgniter\Autoloader\Autoloader->loadClass('App\\Controllers\\Controlmenus')
 4 SYSTEMPATH\CodeIgniter.php(848): class_exists('\\App\\Controllers\\Controlmenus', true)
 5 SYSTEMPATH\CodeIgniter.php(444): CodeIgniter\CodeIgniter->startController()
 6 SYSTEMPATH\CodeIgniter.php(340): CodeIgniter\CodeIgniter->handleRequest(null, Object(Config\Cache), false)
 7 FCPATH\index.php(67): CodeIgniter\CodeIgniter->run()
CRITICAL - 2022-10-06 22:43:45 --> syntax error, unexpected token "}", expecting ";"
in APPPATH\Controllers\Controlmenus.php on line 63.
 1 SYSTEMPATH\Autoloader\Autoloader.php(259): CodeIgniter\Autoloader\Autoloader->includeFile('APPPATH\\Controllers\\Controlmenus.php')
 2 SYSTEMPATH\Autoloader\Autoloader.php(237): CodeIgniter\Autoloader\Autoloader->loadInNamespace('App\\Controllers\\Controlmenus')
 3 [internal function]: CodeIgniter\Autoloader\Autoloader->loadClass('App\\Controllers\\Controlmenus')
 4 SYSTEMPATH\CodeIgniter.php(848): class_exists('\\App\\Controllers\\Controlmenus', true)
 5 SYSTEMPATH\CodeIgniter.php(444): CodeIgniter\CodeIgniter->startController()
 6 SYSTEMPATH\CodeIgniter.php(340): CodeIgniter\CodeIgniter->handleRequest(null, Object(Config\Cache), false)
 7 FCPATH\index.php(67): CodeIgniter\CodeIgniter->run()
CRITICAL - 2022-10-06 22:44:13 --> Undefined array key "tipousuario"
in APPPATH\Controllers\Controlmenus.php on line 52.
 1 APPPATH\Controllers\Controlmenus.php(52): CodeIgniter\Debug\Exceptions->errorHandler(2, 'Undefined array key "tipousuario"', 'APPPATH\\Controllers\\Controlmenus.php', 52)
 2 SYSTEMPATH\CodeIgniter.php(898): App\Controllers\Controlmenus->regresarusuario()
 3 SYSTEMPATH\CodeIgniter.php(457): CodeIgniter\CodeIgniter->runController(Object(App\Controllers\Controlmenus))
 4 SYSTEMPATH\CodeIgniter.php(340): CodeIgniter\CodeIgniter->handleRequest(null, Object(Config\Cache), false)
 5 FCPATH\index.php(67): CodeIgniter\CodeIgniter->run()
CRITICAL - 2022-10-06 22:44:14 --> Undefined array key "tipousuario"
in APPPATH\Views\vista_ventas\menu_ventas.php on line 17.
 1 APPPATH\Views\vista_ventas\menu_ventas.php(17): CodeIgniter\Debug\Exceptions->errorHandler(2, 'Undefined array key "tipousuario"', 'APPPATH\\Views\\vista_ventas\\menu_ventas.php', 17)
 2 SYSTEMPATH\View\View.php(213): include('APPPATH\\Views\\vista_ventas\\menu_ventas.php')
 3 SYSTEMPATH\View\View.php(216): CodeIgniter\View\View->CodeIgniter\View\{closure}()
 4 SYSTEMPATH\Common.php(1137): CodeIgniter\View\View->render('vista_ventas/menu_ventas', [], true)
 5 APPPATH\Controllers\Controlmenus.php(38): view('vista_ventas/menu_ventas')
 6 SYSTEMPATH\CodeIgniter.php(898): App\Controllers\Controlmenus->menuventas()
 7 SYSTEMPATH\CodeIgniter.php(457): CodeIgniter\CodeIgniter->runController(Object(App\Controllers\Controlmenus))
 8 SYSTEMPATH\CodeIgniter.php(340): CodeIgniter\CodeIgniter->handleRequest(null, Object(Config\Cache), false)
 9 FCPATH\index.php(67): CodeIgniter\CodeIgniter->run()
CRITICAL - 2022-10-06 22:44:14 --> Undefined array key "tipousuario"
in APPPATH\Controllers\Controlmenus.php on line 52.
 1 APPPATH\Controllers\Controlmenus.php(52): CodeIgniter\Debug\Exceptions->errorHandler(2, 'Undefined array key "tipousuario"', 'APPPATH\\Controllers\\Controlmenus.php', 52)
 2 SYSTEMPATH\CodeIgniter.php(898): App\Controllers\Controlmenus->regresarusuario()
 3 SYSTEMPATH\CodeIgniter.php(457): CodeIgniter\CodeIgniter->runController(Object(App\Controllers\Controlmenus))
 4 SYSTEMPATH\CodeIgniter.php(340): CodeIgniter\CodeIgniter->handleRequest(null, Object(Config\Cache), false)
 5 FCPATH\index.php(67): CodeIgniter\CodeIgniter->run()
CRITICAL - 2022-10-06 23:00:01 --> ini_set(): Session ini settings cannot be changed when a session is active
in SYSTEMPATH\Session\Handlers\FileHandler.php on line 71.
 1 [internal function]: CodeIgniter\Debug\Exceptions->errorHandler(2, 'ini_set(): Session ini settings cannot be changed when a session is active', 'SYSTEMPATH\\Session\\Handlers\\FileHandler.php', 71)
 2 SYSTEMPATH\Session\Handlers\FileHandler.php(71): ini_set('session.save_path', 'ROOTPATH\\writable\\session')
 3 SYSTEMPATH\Config\Services.php(658): CodeIgniter\Session\Handlers\FileHandler->__construct(Object(Config\App), '127.0.0.1')
 4 SYSTEMPATH\Config\BaseService.php(253): CodeIgniter\Config\Services::session(Object(Config\App), false)
 5 SYSTEMPATH\Config\BaseService.php(194): CodeIgniter\Config\BaseService::__callStatic('session', [...])
 6 SYSTEMPATH\Config\Services.php(637): CodeIgniter\Config\BaseService::getSharedInstance('session', null)
 7 SYSTEMPATH\Config\BaseService.php(253): CodeIgniter\Config\Services::session()
 8 SYSTEMPATH\HTTP\RedirectResponse.php(76): CodeIgniter\Config\BaseService::__callStatic('session', [])
 9 APPPATH\Controllers\Controlmenus.php(27): CodeIgniter\HTTP\RedirectResponse->back()
10 SYSTEMPATH\CodeIgniter.php(898): App\Controllers\Controlmenus->iniciarSesion()
11 SYSTEMPATH\CodeIgniter.php(457): CodeIgniter\CodeIgniter->runController(Object(App\Controllers\Controlmenus))
12 SYSTEMPATH\CodeIgniter.php(340): CodeIgniter\CodeIgniter->handleRequest(null, Object(Config\Cache), false)
13 FCPATH\index.php(67): CodeIgniter\CodeIgniter->run()
CRITICAL - 2022-10-06 23:00:19 --> ini_set(): Session ini settings cannot be changed when a session is active
in SYSTEMPATH\Session\Handlers\FileHandler.php on line 71.
 1 [internal function]: CodeIgniter\Debug\Exceptions->errorHandler(2, 'ini_set(): Session ini settings cannot be changed when a session is active', 'SYSTEMPATH\\Session\\Handlers\\FileHandler.php', 71)
 2 SYSTEMPATH\Session\Handlers\FileHandler.php(71): ini_set('session.save_path', 'ROOTPATH\\writable\\session')
 3 SYSTEMPATH\Config\Services.php(658): CodeIgniter\Session\Handlers\FileHandler->__construct(Object(Config\App), '127.0.0.1')
 4 SYSTEMPATH\Config\BaseService.php(253): CodeIgniter\Config\Services::session(Object(Config\App), false)
 5 SYSTEMPATH\Config\BaseService.php(194): CodeIgniter\Config\BaseService::__callStatic('session', [...])
 6 SYSTEMPATH\Config\Services.php(637): CodeIgniter\Config\BaseService::getSharedInstance('session', null)
 7 SYSTEMPATH\Config\BaseService.php(253): CodeIgniter\Config\Services::session()
 8 SYSTEMPATH\HTTP\RedirectResponse.php(76): CodeIgniter\Config\BaseService::__callStatic('session', [])
 9 APPPATH\Controllers\Controlmenus.php(26): CodeIgniter\HTTP\RedirectResponse->back()
10 SYSTEMPATH\CodeIgniter.php(898): App\Controllers\Controlmenus->iniciarSesion()
11 SYSTEMPATH\CodeIgniter.php(457): CodeIgniter\CodeIgniter->runController(Object(App\Controllers\Controlmenus))
12 SYSTEMPATH\CodeIgniter.php(340): CodeIgniter\CodeIgniter->handleRequest(null, Object(Config\Cache), false)
13 FCPATH\index.php(67): CodeIgniter\CodeIgniter->run()
CRITICAL - 2022-10-06 23:00:44 --> ini_set(): Session ini settings cannot be changed when a session is active
in SYSTEMPATH\Session\Handlers\FileHandler.php on line 71.
 1 [internal function]: CodeIgniter\Debug\Exceptions->errorHandler(2, 'ini_set(): Session ini settings cannot be changed when a session is active', 'SYSTEMPATH\\Session\\Handlers\\FileHandler.php', 71)
 2 SYSTEMPATH\Session\Handlers\FileHandler.php(71): ini_set('session.save_path', 'ROOTPATH\\writable\\session')
 3 SYSTEMPATH\Config\Services.php(658): CodeIgniter\Session\Handlers\FileHandler->__construct(Object(Config\App), '127.0.0.1')
 4 SYSTEMPATH\Config\BaseService.php(253): CodeIgniter\Config\Services::session(Object(Config\App), false)
 5 SYSTEMPATH\Config\BaseService.php(194): CodeIgniter\Config\BaseService::__callStatic('session', [...])
 6 SYSTEMPATH\Config\Services.php(637): CodeIgniter\Config\BaseService::getSharedInstance('session', null)
 7 SYSTEMPATH\Config\BaseService.php(253): CodeIgniter\Config\Services::session()
 8 SYSTEMPATH\HTTP\RedirectResponse.php(76): CodeIgniter\Config\BaseService::__callStatic('session', [])
 9 APPPATH\Controllers\Controlmenus.php(26): CodeIgniter\HTTP\RedirectResponse->back()
10 SYSTEMPATH\CodeIgniter.php(898): App\Controllers\Controlmenus->iniciarSesion()
11 SYSTEMPATH\CodeIgniter.php(457): CodeIgniter\CodeIgniter->runController(Object(App\Controllers\Controlmenus))
12 SYSTEMPATH\CodeIgniter.php(340): CodeIgniter\CodeIgniter->handleRequest(null, Object(Config\Cache), false)
13 FCPATH\index.php(67): CodeIgniter\CodeIgniter->run()
CRITICAL - 2022-10-06 23:02:17 --> syntax error, unexpected token "public", expecting end of file
in APPPATH\Controllers\Controlmenus.php on line 33.
 1 SYSTEMPATH\Autoloader\Autoloader.php(259): CodeIgniter\Autoloader\Autoloader->includeFile('APPPATH\\Controllers\\Controlmenus.php')
 2 SYSTEMPATH\Autoloader\Autoloader.php(237): CodeIgniter\Autoloader\Autoloader->loadInNamespace('App\\Controllers\\Controlmenus')
 3 [internal function]: CodeIgniter\Autoloader\Autoloader->loadClass('App\\Controllers\\Controlmenus')
 4 SYSTEMPATH\CodeIgniter.php(848): class_exists('\\App\\Controllers\\Controlmenus', true)
 5 SYSTEMPATH\CodeIgniter.php(444): CodeIgniter\CodeIgniter->startController()
 6 SYSTEMPATH\CodeIgniter.php(340): CodeIgniter\CodeIgniter->handleRequest(null, Object(Config\Cache), false)
 7 FCPATH\index.php(67): CodeIgniter\CodeIgniter->run()
CRITICAL - 2022-10-06 23:03:43 --> syntax error, unexpected token "public", expecting end of file
in APPPATH\Controllers\Controlmenus.php on line 33.
 1 SYSTEMPATH\Autoloader\Autoloader.php(259): CodeIgniter\Autoloader\Autoloader->includeFile('APPPATH\\Controllers\\Controlmenus.php')
 2 SYSTEMPATH\Autoloader\Autoloader.php(237): CodeIgniter\Autoloader\Autoloader->loadInNamespace('App\\Controllers\\Controlmenus')
 3 [internal function]: CodeIgniter\Autoloader\Autoloader->loadClass('App\\Controllers\\Controlmenus')
 4 SYSTEMPATH\CodeIgniter.php(848): class_exists('\\App\\Controllers\\Controlmenus', true)
 5 SYSTEMPATH\CodeIgniter.php(444): CodeIgniter\CodeIgniter->startController()
 6 SYSTEMPATH\CodeIgniter.php(340): CodeIgniter\CodeIgniter->handleRequest(null, Object(Config\Cache), false)
 7 FCPATH\index.php(67): CodeIgniter\CodeIgniter->run()
CRITICAL - 2022-10-06 23:04:33 --> syntax error, unexpected token "public", expecting end of file
in APPPATH\Controllers\Controlmenus.php on line 33.
 1 SYSTEMPATH\Autoloader\Autoloader.php(259): CodeIgniter\Autoloader\Autoloader->includeFile('APPPATH\\Controllers\\Controlmenus.php')
 2 SYSTEMPATH\Autoloader\Autoloader.php(237): CodeIgniter\Autoloader\Autoloader->loadInNamespace('App\\Controllers\\Controlmenus')
 3 [internal function]: CodeIgniter\Autoloader\Autoloader->loadClass('App\\Controllers\\Controlmenus')
 4 SYSTEMPATH\CodeIgniter.php(848): class_exists('\\App\\Controllers\\Controlmenus', true)
 5 SYSTEMPATH\CodeIgniter.php(444): CodeIgniter\CodeIgniter->startController()
 6 SYSTEMPATH\CodeIgniter.php(340): CodeIgniter\CodeIgniter->handleRequest(null, Object(Config\Cache), false)
 7 FCPATH\index.php(67): CodeIgniter\CodeIgniter->run()
CRITICAL - 2022-10-06 23:06:44 --> syntax error, unexpected token "public", expecting end of file
in APPPATH\Controllers\Controlmenus.php on line 35.
 1 SYSTEMPATH\Autoloader\Autoloader.php(259): CodeIgniter\Autoloader\Autoloader->includeFile('APPPATH\\Controllers\\Controlmenus.php')
 2 SYSTEMPATH\Autoloader\Autoloader.php(237): CodeIgniter\Autoloader\Autoloader->loadInNamespace('App\\Controllers\\Controlmenus')
 3 [internal function]: CodeIgniter\Autoloader\Autoloader->loadClass('App\\Controllers\\Controlmenus')
 4 SYSTEMPATH\CodeIgniter.php(848): class_exists('\\App\\Controllers\\Controlmenus', true)
 5 SYSTEMPATH\CodeIgniter.php(444): CodeIgniter\CodeIgniter->startController()
 6 SYSTEMPATH\CodeIgniter.php(340): CodeIgniter\CodeIgniter->handleRequest(null, Object(Config\Cache), false)
 7 FCPATH\index.php(67): CodeIgniter\CodeIgniter->run()
CRITICAL - 2022-10-06 23:09:15 --> syntax error, unexpected token "public", expecting end of file
in APPPATH\Controllers\Controlmenus.php on line 33.
 1 SYSTEMPATH\Autoloader\Autoloader.php(259): CodeIgniter\Autoloader\Autoloader->includeFile('APPPATH\\Controllers\\Controlmenus.php')
 2 SYSTEMPATH\Autoloader\Autoloader.php(237): CodeIgniter\Autoloader\Autoloader->loadInNamespace('App\\Controllers\\Controlmenus')
 3 [internal function]: CodeIgniter\Autoloader\Autoloader->loadClass('App\\Controllers\\Controlmenus')
 4 SYSTEMPATH\CodeIgniter.php(848): class_exists('\\App\\Controllers\\Controlmenus', true)
 5 SYSTEMPATH\CodeIgniter.php(444): CodeIgniter\CodeIgniter->startController()
 6 SYSTEMPATH\CodeIgniter.php(340): CodeIgniter\CodeIgniter->handleRequest(null, Object(Config\Cache), false)
 7 FCPATH\index.php(67): CodeIgniter\CodeIgniter->run()
CRITICAL - 2022-10-06 23:16:34 --> Undefined property: App\Controllers\Controlmenus::$load
in APPPATH\Controllers\Controlmenus.php on line 27.
 1 APPPATH\Controllers\Controlmenus.php(27): CodeIgniter\Debug\Exceptions->errorHandler(2, 'Undefined property: App\\Controllers\\Controlmenus::$load', 'APPPATH\\Controllers\\Controlmenus.php', 27)
 2 SYSTEMPATH\CodeIgniter.php(898): App\Controllers\Controlmenus->iniciarSesion()
 3 SYSTEMPATH\CodeIgniter.php(457): CodeIgniter\CodeIgniter->runController(Object(App\Controllers\Controlmenus))
 4 SYSTEMPATH\CodeIgniter.php(340): CodeIgniter\CodeIgniter->handleRequest(null, Object(Config\Cache), false)
 5 FCPATH\index.php(67): CodeIgniter\CodeIgniter->run()
CRITICAL - 2022-10-06 23:17:46 --> syntax error, unexpected token "."
in APPPATH\Controllers\Controlmenus.php on line 27.
 1 SYSTEMPATH\Autoloader\Autoloader.php(259): CodeIgniter\Autoloader\Autoloader->includeFile('APPPATH\\Controllers\\Controlmenus.php')
 2 SYSTEMPATH\Autoloader\Autoloader.php(237): CodeIgniter\Autoloader\Autoloader->loadInNamespace('App\\Controllers\\Controlmenus')
 3 [internal function]: CodeIgniter\Autoloader\Autoloader->loadClass('App\\Controllers\\Controlmenus')
 4 SYSTEMPATH\CodeIgniter.php(848): class_exists('\\App\\Controllers\\Controlmenus', true)
 5 SYSTEMPATH\CodeIgniter.php(444): CodeIgniter\CodeIgniter->startController()
 6 SYSTEMPATH\CodeIgniter.php(340): CodeIgniter\CodeIgniter->handleRequest(null, Object(Config\Cache), false)
 7 FCPATH\index.php(67): CodeIgniter\CodeIgniter->run()
CRITICAL - 2022-10-06 23:31:28 --> Undefined array key "tipousuario"
in APPPATH\Controllers\Controlmenus.php on line 51.
 1 APPPATH\Controllers\Controlmenus.php(51): CodeIgniter\Debug\Exceptions->errorHandler(2, 'Undefined array key "tipousuario"', 'APPPATH\\Controllers\\Controlmenus.php', 51)
 2 SYSTEMPATH\CodeIgniter.php(898): App\Controllers\Controlmenus->regresarusuario()
 3 SYSTEMPATH\CodeIgniter.php(457): CodeIgniter\CodeIgniter->runController(Object(App\Controllers\Controlmenus))
 4 SYSTEMPATH\CodeIgniter.php(340): CodeIgniter\CodeIgniter->handleRequest(null, Object(Config\Cache), false)
 5 FCPATH\index.php(67): CodeIgniter\CodeIgniter->run()
