CRITICAL - 2022-10-13 22:59:11 --> Undefined array key "idcompras"
in APPPATH\Views\vista_compras\frm_actualizar_com.php on line 24.
 1 APPPATH\Views\vista_compras\frm_actualizar_com.php(24): CodeIgniter\Debug\Exceptions->errorHandler(2, 'Undefined array key "idcompras"', 'APPPATH\\Views\\vista_compras\\frm_actualizar_com.php', 24)
 2 SYSTEMPATH\View\View.php(213): include('APPPATH\\Views\\vista_compras\\frm_actualizar_com.php')
 3 SYSTEMPATH\View\View.php(216): CodeIgniter\View\View->CodeIgniter\View\{closure}()
 4 SYSTEMPATH\Common.php(1137): CodeIgniter\View\View->render('vista_compras/frm_actualizar_com', [], true)
 5 APPPATH\Controllers\Compras.php(76): view('vista_compras/frm_actualizar_com', [...])
 6 SYSTEMPATH\CodeIgniter.php(898): App\Controllers\Compras->datosCompras('1')
 7 SYSTEMPATH\CodeIgniter.php(457): CodeIgniter\CodeIgniter->runController(Object(App\Controllers\Compras))
 8 SYSTEMPATH\CodeIgniter.php(340): CodeIgniter\CodeIgniter->handleRequest(null, Object(Config\Cache), false)
 9 FCPATH\index.php(67): CodeIgniter\CodeIgniter->run()
CRITICAL - 2022-10-13 23:02:31 --> Undefined array key "descripcion"
in APPPATH\Views\vista_compras\frm_actualizar_com.php on line 69.
 1 APPPATH\Views\vista_compras\frm_actualizar_com.php(69): CodeIgniter\Debug\Exceptions->errorHandler(2, 'Undefined array key "descripcion"', 'APPPATH\\Views\\vista_compras\\frm_actualizar_com.php', 69)
 2 SYSTEMPATH\View\View.php(213): include('APPPATH\\Views\\vista_compras\\frm_actualizar_com.php')
 3 SYSTEMPATH\View\View.php(216): CodeIgniter\View\View->CodeIgniter\View\{closure}()
 4 SYSTEMPATH\Common.php(1137): CodeIgniter\View\View->render('vista_compras/frm_actualizar_com', [], true)
 5 APPPATH\Controllers\Compras.php(76): view('vista_compras/frm_actualizar_com', [...])
 6 SYSTEMPATH\CodeIgniter.php(898): App\Controllers\Compras->datosCompras('1')
 7 SYSTEMPATH\CodeIgniter.php(457): CodeIgniter\CodeIgniter->runController(Object(App\Controllers\Compras))
 8 SYSTEMPATH\CodeIgniter.php(340): CodeIgniter\CodeIgniter->handleRequest(null, Object(Config\Cache), false)
 9 FCPATH\index.php(67): CodeIgniter\CodeIgniter->run()
CRITICAL - 2022-10-13 23:02:36 --> Undefined array key "descripcion"
in APPPATH\Views\vista_compras\frm_actualizar_com.php on line 69.
 1 APPPATH\Views\vista_compras\frm_actualizar_com.php(69): CodeIgniter\Debug\Exceptions->errorHandler(2, 'Undefined array key "descripcion"', 'APPPATH\\Views\\vista_compras\\frm_actualizar_com.php', 69)
 2 SYSTEMPATH\View\View.php(213): include('APPPATH\\Views\\vista_compras\\frm_actualizar_com.php')
 3 SYSTEMPATH\View\View.php(216): CodeIgniter\View\View->CodeIgniter\View\{closure}()
 4 SYSTEMPATH\Common.php(1137): CodeIgniter\View\View->render('vista_compras/frm_actualizar_com', [], true)
 5 APPPATH\Controllers\Compras.php(76): view('vista_compras/frm_actualizar_com', [...])
 6 SYSTEMPATH\CodeIgniter.php(898): App\Controllers\Compras->datosCompras('1')
 7 SYSTEMPATH\CodeIgniter.php(457): CodeIgniter\CodeIgniter->runController(Object(App\Controllers\Compras))
 8 SYSTEMPATH\CodeIgniter.php(340): CodeIgniter\CodeIgniter->handleRequest(null, Object(Config\Cache), false)
 9 FCPATH\index.php(67): CodeIgniter\CodeIgniter->run()
CRITICAL - 2022-10-13 23:03:23 --> Undefined array key "descripcion"
in APPPATH\Views\vista_compras\frm_actualizar_com.php on line 69.
 1 APPPATH\Views\vista_compras\frm_actualizar_com.php(69): CodeIgniter\Debug\Exceptions->errorHandler(2, 'Undefined array key "descripcion"', 'APPPATH\\Views\\vista_compras\\frm_actualizar_com.php', 69)
 2 SYSTEMPATH\View\View.php(213): include('APPPATH\\Views\\vista_compras\\frm_actualizar_com.php')
 3 SYSTEMPATH\View\View.php(216): CodeIgniter\View\View->CodeIgniter\View\{closure}()
 4 SYSTEMPATH\Common.php(1137): CodeIgniter\View\View->render('vista_compras/frm_actualizar_com', [], true)
 5 APPPATH\Controllers\Compras.php(76): view('vista_compras/frm_actualizar_com', [...])
 6 SYSTEMPATH\CodeIgniter.php(898): App\Controllers\Compras->datosCompras('1')
 7 SYSTEMPATH\CodeIgniter.php(457): CodeIgniter\CodeIgniter->runController(Object(App\Controllers\Compras))
 8 SYSTEMPATH\CodeIgniter.php(340): CodeIgniter\CodeIgniter->handleRequest(null, Object(Config\Cache), false)
 9 FCPATH\index.php(67): CodeIgniter\CodeIgniter->run()
CRITICAL - 2022-10-13 23:03:26 --> Undefined array key "descripcion"
in APPPATH\Views\vista_compras\frm_actualizar_com.php on line 69.
 1 APPPATH\Views\vista_compras\frm_actualizar_com.php(69): CodeIgniter\Debug\Exceptions->errorHandler(2, 'Undefined array key "descripcion"', 'APPPATH\\Views\\vista_compras\\frm_actualizar_com.php', 69)
 2 SYSTEMPATH\View\View.php(213): include('APPPATH\\Views\\vista_compras\\frm_actualizar_com.php')
 3 SYSTEMPATH\View\View.php(216): CodeIgniter\View\View->CodeIgniter\View\{closure}()
 4 SYSTEMPATH\Common.php(1137): CodeIgniter\View\View->render('vista_compras/frm_actualizar_com', [], true)
 5 APPPATH\Controllers\Compras.php(76): view('vista_compras/frm_actualizar_com', [...])
 6 SYSTEMPATH\CodeIgniter.php(898): App\Controllers\Compras->datosCompras('1')
 7 SYSTEMPATH\CodeIgniter.php(457): CodeIgniter\CodeIgniter->runController(Object(App\Controllers\Compras))
 8 SYSTEMPATH\CodeIgniter.php(340): CodeIgniter\CodeIgniter->handleRequest(null, Object(Config\Cache), false)
 9 FCPATH\index.php(67): CodeIgniter\CodeIgniter->run()
CRITICAL - 2022-10-13 23:06:38 --> Undefined array key "descripcion"
in APPPATH\Views\vista_compras\frm_actualizar_com.php on line 37.
 1 APPPATH\Views\vista_compras\frm_actualizar_com.php(37): CodeIgniter\Debug\Exceptions->errorHandler(2, 'Undefined array key "descripcion"', 'APPPATH\\Views\\vista_compras\\frm_actualizar_com.php', 37)
 2 SYSTEMPATH\View\View.php(213): include('APPPATH\\Views\\vista_compras\\frm_actualizar_com.php')
 3 SYSTEMPATH\View\View.php(216): CodeIgniter\View\View->CodeIgniter\View\{closure}()
 4 SYSTEMPATH\Common.php(1137): CodeIgniter\View\View->render('vista_compras/frm_actualizar_com', [], true)
 5 APPPATH\Controllers\Compras.php(76): view('vista_compras/frm_actualizar_com', [...])
 6 SYSTEMPATH\CodeIgniter.php(898): App\Controllers\Compras->datosCompras('1')
 7 SYSTEMPATH\CodeIgniter.php(457): CodeIgniter\CodeIgniter->runController(Object(App\Controllers\Compras))
 8 SYSTEMPATH\CodeIgniter.php(340): CodeIgniter\CodeIgniter->handleRequest(null, Object(Config\Cache), false)
 9 FCPATH\index.php(67): CodeIgniter\CodeIgniter->run()
CRITICAL - 2022-10-13 23:07:09 --> Undefined array key "descripcion"
in APPPATH\Views\vista_compras\frm_actualizar_com.php on line 33.
 1 APPPATH\Views\vista_compras\frm_actualizar_com.php(33): CodeIgniter\Debug\Exceptions->errorHandler(2, 'Undefined array key "descripcion"', 'APPPATH\\Views\\vista_compras\\frm_actualizar_com.php', 33)
 2 SYSTEMPATH\View\View.php(213): include('APPPATH\\Views\\vista_compras\\frm_actualizar_com.php')
 3 SYSTEMPATH\View\View.php(216): CodeIgniter\View\View->CodeIgniter\View\{closure}()
 4 SYSTEMPATH\Common.php(1137): CodeIgniter\View\View->render('vista_compras/frm_actualizar_com', [], true)
 5 APPPATH\Controllers\Compras.php(76): view('vista_compras/frm_actualizar_com', [...])
 6 SYSTEMPATH\CodeIgniter.php(898): App\Controllers\Compras->datosCompras('1')
 7 SYSTEMPATH\CodeIgniter.php(457): CodeIgniter\CodeIgniter->runController(Object(App\Controllers\Compras))
 8 SYSTEMPATH\CodeIgniter.php(340): CodeIgniter\CodeIgniter->handleRequest(null, Object(Config\Cache), false)
 9 FCPATH\index.php(67): CodeIgniter\CodeIgniter->run()
CRITICAL - 2022-10-13 23:07:30 --> Undefined array key "descripcion"
in APPPATH\Views\vista_compras\frm_actualizar_com.php on line 33.
 1 APPPATH\Views\vista_compras\frm_actualizar_com.php(33): CodeIgniter\Debug\Exceptions->errorHandler(2, 'Undefined array key "descripcion"', 'APPPATH\\Views\\vista_compras\\frm_actualizar_com.php', 33)
 2 SYSTEMPATH\View\View.php(213): include('APPPATH\\Views\\vista_compras\\frm_actualizar_com.php')
 3 SYSTEMPATH\View\View.php(216): CodeIgniter\View\View->CodeIgniter\View\{closure}()
 4 SYSTEMPATH\Common.php(1137): CodeIgniter\View\View->render('vista_compras/frm_actualizar_com', [], true)
 5 APPPATH\Controllers\Compras.php(76): view('vista_compras/frm_actualizar_com', [...])
 6 SYSTEMPATH\CodeIgniter.php(898): App\Controllers\Compras->datosCompras('1')
 7 SYSTEMPATH\CodeIgniter.php(457): CodeIgniter\CodeIgniter->runController(Object(App\Controllers\Compras))
 8 SYSTEMPATH\CodeIgniter.php(340): CodeIgniter\CodeIgniter->handleRequest(null, Object(Config\Cache), false)
 9 FCPATH\index.php(67): CodeIgniter\CodeIgniter->run()
CRITICAL - 2022-10-13 23:15:57 --> Undefined variable $inventario
in APPPATH\Views\vista_compras\frm_actualizar_com.php on line 33.
 1 APPPATH\Views\vista_compras\frm_actualizar_com.php(33): CodeIgniter\Debug\Exceptions->errorHandler(2, 'Undefined variable $inventario', 'APPPATH\\Views\\vista_compras\\frm_actualizar_com.php', 33)
 2 SYSTEMPATH\View\View.php(213): include('APPPATH\\Views\\vista_compras\\frm_actualizar_com.php')
 3 SYSTEMPATH\View\View.php(216): CodeIgniter\View\View->CodeIgniter\View\{closure}()
 4 SYSTEMPATH\Common.php(1137): CodeIgniter\View\View->render('vista_compras/frm_actualizar_com', [], true)
 5 APPPATH\Controllers\Compras.php(76): view('vista_compras/frm_actualizar_com', [...])
 6 SYSTEMPATH\CodeIgniter.php(898): App\Controllers\Compras->datosCompras('1')
 7 SYSTEMPATH\CodeIgniter.php(457): CodeIgniter\CodeIgniter->runController(Object(App\Controllers\Compras))
 8 SYSTEMPATH\CodeIgniter.php(340): CodeIgniter\CodeIgniter->handleRequest(null, Object(Config\Cache), false)
 9 FCPATH\index.php(67): CodeIgniter\CodeIgniter->run()
CRITICAL - 2022-10-13 23:34:25 --> Undefined variable $compras
in APPPATH\Views\vista_compras\frm_actualizar_com.php on line 33.
 1 APPPATH\Views\vista_compras\frm_actualizar_com.php(33): CodeIgniter\Debug\Exceptions->errorHandler(2, 'Undefined variable $compras', 'APPPATH\\Views\\vista_compras\\frm_actualizar_com.php', 33)
 2 SYSTEMPATH\View\View.php(213): include('APPPATH\\Views\\vista_compras\\frm_actualizar_com.php')
 3 SYSTEMPATH\View\View.php(216): CodeIgniter\View\View->CodeIgniter\View\{closure}()
 4 SYSTEMPATH\Common.php(1137): CodeIgniter\View\View->render('vista_compras/frm_actualizar_com', [], true)
 5 APPPATH\Controllers\Compras.php(73): view('vista_compras/frm_actualizar_com', [...])
 6 SYSTEMPATH\CodeIgniter.php(898): App\Controllers\Compras->datosCompras('4')
 7 SYSTEMPATH\CodeIgniter.php(457): CodeIgniter\CodeIgniter->runController(Object(App\Controllers\Compras))
 8 SYSTEMPATH\CodeIgniter.php(340): CodeIgniter\CodeIgniter->handleRequest(null, Object(Config\Cache), false)
 9 FCPATH\index.php(67): CodeIgniter\CodeIgniter->run()
CRITICAL - 2022-10-13 23:34:52 --> Undefined array key "idproducto"
in APPPATH\Views\vista_compras\frm_actualizar_com.php on line 35.
 1 APPPATH\Views\vista_compras\frm_actualizar_com.php(35): CodeIgniter\Debug\Exceptions->errorHandler(2, 'Undefined array key "idproducto"', 'APPPATH\\Views\\vista_compras\\frm_actualizar_com.php', 35)
 2 SYSTEMPATH\View\View.php(213): include('APPPATH\\Views\\vista_compras\\frm_actualizar_com.php')
 3 SYSTEMPATH\View\View.php(216): CodeIgniter\View\View->CodeIgniter\View\{closure}()
 4 SYSTEMPATH\Common.php(1137): CodeIgniter\View\View->render('vista_compras/frm_actualizar_com', [], true)
 5 APPPATH\Controllers\Compras.php(73): view('vista_compras/frm_actualizar_com', [...])
 6 SYSTEMPATH\CodeIgniter.php(898): App\Controllers\Compras->datosCompras('4')
 7 SYSTEMPATH\CodeIgniter.php(457): CodeIgniter\CodeIgniter->runController(Object(App\Controllers\Compras))
 8 SYSTEMPATH\CodeIgniter.php(340): CodeIgniter\CodeIgniter->handleRequest(null, Object(Config\Cache), false)
 9 FCPATH\index.php(67): CodeIgniter\CodeIgniter->run()
CRITICAL - 2022-10-13 23:35:52 --> Undefined array key "idproducto"
in APPPATH\Views\vista_compras\frm_actualizar_com.php on line 35.
 1 APPPATH\Views\vista_compras\frm_actualizar_com.php(35): CodeIgniter\Debug\Exceptions->errorHandler(2, 'Undefined array key "idproducto"', 'APPPATH\\Views\\vista_compras\\frm_actualizar_com.php', 35)
 2 SYSTEMPATH\View\View.php(213): include('APPPATH\\Views\\vista_compras\\frm_actualizar_com.php')
 3 SYSTEMPATH\View\View.php(216): CodeIgniter\View\View->CodeIgniter\View\{closure}()
 4 SYSTEMPATH\Common.php(1137): CodeIgniter\View\View->render('vista_compras/frm_actualizar_com', [], true)
 5 APPPATH\Controllers\Compras.php(73): view('vista_compras/frm_actualizar_com', [...])
 6 SYSTEMPATH\CodeIgniter.php(898): App\Controllers\Compras->datosCompras('4')
 7 SYSTEMPATH\CodeIgniter.php(457): CodeIgniter\CodeIgniter->runController(Object(App\Controllers\Compras))
 8 SYSTEMPATH\CodeIgniter.php(340): CodeIgniter\CodeIgniter->handleRequest(null, Object(Config\Cache), false)
 9 FCPATH\index.php(67): CodeIgniter\CodeIgniter->run()
CRITICAL - 2022-10-13 23:38:33 --> Undefined variable $inventarioDb
in APPPATH\Views\vista_compras\lista_compras.php on line 105.
 1 APPPATH\Views\vista_compras\lista_compras.php(105): CodeIgniter\Debug\Exceptions->errorHandler(2, 'Undefined variable $inventarioDb', 'APPPATH\\Views\\vista_compras\\lista_compras.php', 105)
 2 SYSTEMPATH\View\View.php(213): include('APPPATH\\Views\\vista_compras\\lista_compras.php')
 3 SYSTEMPATH\View\View.php(216): CodeIgniter\View\View->CodeIgniter\View\{closure}()
 4 SYSTEMPATH\Common.php(1137): CodeIgniter\View\View->render('vista_compras/lista_compras', [], true)
 5 APPPATH\Controllers\Compras.php(102): view('vista_compras/lista_compras', [...])
 6 SYSTEMPATH\CodeIgniter.php(898): App\Controllers\Compras->actualizarCompras()
 7 SYSTEMPATH\CodeIgniter.php(457): CodeIgniter\CodeIgniter->runController(Object(App\Controllers\Compras))
 8 SYSTEMPATH\CodeIgniter.php(340): CodeIgniter\CodeIgniter->handleRequest(null, Object(Config\Cache), false)
 9 FCPATH\index.php(67): CodeIgniter\CodeIgniter->run()
CRITICAL - 2022-10-13 23:41:11 --> Undefined variable $inventarioDb
in APPPATH\Views\vista_compras\lista_compras.php on line 105.
 1 APPPATH\Views\vista_compras\lista_compras.php(105): CodeIgniter\Debug\Exceptions->errorHandler(2, 'Undefined variable $inventarioDb', 'APPPATH\\Views\\vista_compras\\lista_compras.php', 105)
 2 SYSTEMPATH\View\View.php(213): include('APPPATH\\Views\\vista_compras\\lista_compras.php')
 3 SYSTEMPATH\View\View.php(216): CodeIgniter\View\View->CodeIgniter\View\{closure}()
 4 SYSTEMPATH\Common.php(1137): CodeIgniter\View\View->render('vista_compras/lista_compras', [], true)
 5 APPPATH\Controllers\Compras.php(102): view('vista_compras/lista_compras', [...])
 6 SYSTEMPATH\CodeIgniter.php(898): App\Controllers\Compras->actualizarCompras()
 7 SYSTEMPATH\CodeIgniter.php(457): CodeIgniter\CodeIgniter->runController(Object(App\Controllers\Compras))
 8 SYSTEMPATH\CodeIgniter.php(340): CodeIgniter\CodeIgniter->handleRequest(null, Object(Config\Cache), false)
 9 FCPATH\index.php(67): CodeIgniter\CodeIgniter->run()
CRITICAL - 2022-10-13 23:54:46 --> Undefined array key "idproducto"
in APPPATH\Views\vista_ventas\lista_ventas.php on line 105.
 1 APPPATH\Views\vista_ventas\lista_ventas.php(105): CodeIgniter\Debug\Exceptions->errorHandler(2, 'Undefined array key "idproducto"', 'APPPATH\\Views\\vista_ventas\\lista_ventas.php', 105)
 2 SYSTEMPATH\View\View.php(213): include('APPPATH\\Views\\vista_ventas\\lista_ventas.php')
 3 SYSTEMPATH\View\View.php(216): CodeIgniter\View\View->CodeIgniter\View\{closure}()
 4 SYSTEMPATH\Common.php(1137): CodeIgniter\View\View->render('vista_ventas/lista_ventas', [], true)
 5 APPPATH\Controllers\Ventas.php(26): view('vista_ventas/lista_ventas', [...])
 6 SYSTEMPATH\CodeIgniter.php(898): App\Controllers\Ventas->listarVentas()
 7 SYSTEMPATH\CodeIgniter.php(457): CodeIgniter\CodeIgniter->runController(Object(App\Controllers\Ventas))
 8 SYSTEMPATH\CodeIgniter.php(340): CodeIgniter\CodeIgniter->handleRequest(null, Object(Config\Cache), false)
 9 FCPATH\index.php(67): CodeIgniter\CodeIgniter->run()
CRITICAL - 2022-10-13 23:55:20 --> Undefined array key "idproducto"
in APPPATH\Views\vista_ventas\lista_ventas.php on line 105.
 1 APPPATH\Views\vista_ventas\lista_ventas.php(105): CodeIgniter\Debug\Exceptions->errorHandler(2, 'Undefined array key "idproducto"', 'APPPATH\\Views\\vista_ventas\\lista_ventas.php', 105)
 2 SYSTEMPATH\View\View.php(213): include('APPPATH\\Views\\vista_ventas\\lista_ventas.php')
 3 SYSTEMPATH\View\View.php(216): CodeIgniter\View\View->CodeIgniter\View\{closure}()
 4 SYSTEMPATH\Common.php(1137): CodeIgniter\View\View->render('vista_ventas/lista_ventas', [], true)
 5 APPPATH\Controllers\Ventas.php(26): view('vista_ventas/lista_ventas', [...])
 6 SYSTEMPATH\CodeIgniter.php(898): App\Controllers\Ventas->listarVentas()
 7 SYSTEMPATH\CodeIgniter.php(457): CodeIgniter\CodeIgniter->runController(Object(App\Controllers\Ventas))
 8 SYSTEMPATH\CodeIgniter.php(340): CodeIgniter\CodeIgniter->handleRequest(null, Object(Config\Cache), false)
 9 FCPATH\index.php(67): CodeIgniter\CodeIgniter->run()
CRITICAL - 2022-10-13 23:55:46 --> Undefined array key "idproducto"
in APPPATH\Views\vista_ventas\lista_ventas.php on line 105.
 1 APPPATH\Views\vista_ventas\lista_ventas.php(105): CodeIgniter\Debug\Exceptions->errorHandler(2, 'Undefined array key "idproducto"', 'APPPATH\\Views\\vista_ventas\\lista_ventas.php', 105)
 2 SYSTEMPATH\View\View.php(213): include('APPPATH\\Views\\vista_ventas\\lista_ventas.php')
 3 SYSTEMPATH\View\View.php(216): CodeIgniter\View\View->CodeIgniter\View\{closure}()
 4 SYSTEMPATH\Common.php(1137): CodeIgniter\View\View->render('vista_ventas/lista_ventas', [], true)
 5 APPPATH\Controllers\Ventas.php(26): view('vista_ventas/lista_ventas', [...])
 6 SYSTEMPATH\CodeIgniter.php(898): App\Controllers\Ventas->listarVentas()
 7 SYSTEMPATH\CodeIgniter.php(457): CodeIgniter\CodeIgniter->runController(Object(App\Controllers\Ventas))
 8 SYSTEMPATH\CodeIgniter.php(340): CodeIgniter\CodeIgniter->handleRequest(null, Object(Config\Cache), false)
 9 FCPATH\index.php(67): CodeIgniter\CodeIgniter->run()
