CRITICAL - 2022-10-14 00:05:58 --> Undefined variable $inventarioDb
in APPPATH\Views\vista_ventas\frm_actualizar_ven.php on line 33.
 1 APPPATH\Views\vista_ventas\frm_actualizar_ven.php(33): CodeIgniter\Debug\Exceptions->errorHandler(2, 'Undefined variable $inventarioDb', 'APPPATH\\Views\\vista_ventas\\frm_actualizar_ven.php', 33)
 2 SYSTEMPATH\View\View.php(213): include('APPPATH\\Views\\vista_ventas\\frm_actualizar_ven.php')
 3 SYSTEMPATH\View\View.php(216): CodeIgniter\View\View->CodeIgniter\View\{closure}()
 4 SYSTEMPATH\Common.php(1137): CodeIgniter\View\View->render('vista_ventas/frm_actualizar_ven', [], true)
 5 APPPATH\Controllers\Ventas.php(67): view('vista_ventas/frm_actualizar_ven', [...])
 6 SYSTEMPATH\CodeIgniter.php(898): App\Controllers\Ventas->datosVentas('1')
 7 SYSTEMPATH\CodeIgniter.php(457): CodeIgniter\CodeIgniter->runController(Object(App\Controllers\Ventas))
 8 SYSTEMPATH\CodeIgniter.php(340): CodeIgniter\CodeIgniter->handleRequest(null, Object(Config\Cache), false)
 9 FCPATH\index.php(67): CodeIgniter\CodeIgniter->run()
CRITICAL - 2022-10-14 00:07:56 --> Undefined variable $listarventa
in APPPATH\Controllers\Ventas.php on line 65.
 1 APPPATH\Controllers\Ventas.php(65): CodeIgniter\Debug\Exceptions->errorHandler(2, 'Undefined variable $listarventa', 'APPPATH\\Controllers\\Ventas.php', 65)
 2 SYSTEMPATH\CodeIgniter.php(898): App\Controllers\Ventas->datosVentas('1')
 3 SYSTEMPATH\CodeIgniter.php(457): CodeIgniter\CodeIgniter->runController(Object(App\Controllers\Ventas))
 4 SYSTEMPATH\CodeIgniter.php(340): CodeIgniter\CodeIgniter->handleRequest(null, Object(Config\Cache), false)
 5 FCPATH\index.php(67): CodeIgniter\CodeIgniter->run()
CRITICAL - 2022-10-14 00:08:04 --> Undefined variable $listarventa
in APPPATH\Controllers\Ventas.php on line 65.
 1 APPPATH\Controllers\Ventas.php(65): CodeIgniter\Debug\Exceptions->errorHandler(2, 'Undefined variable $listarventa', 'APPPATH\\Controllers\\Ventas.php', 65)
 2 SYSTEMPATH\CodeIgniter.php(898): App\Controllers\Ventas->datosVentas('6')
 3 SYSTEMPATH\CodeIgniter.php(457): CodeIgniter\CodeIgniter->runController(Object(App\Controllers\Ventas))
 4 SYSTEMPATH\CodeIgniter.php(340): CodeIgniter\CodeIgniter->handleRequest(null, Object(Config\Cache), false)
 5 FCPATH\index.php(67): CodeIgniter\CodeIgniter->run()
CRITICAL - 2022-10-14 00:08:31 --> Undefined variable $listarventa
in APPPATH\Controllers\Ventas.php on line 65.
 1 APPPATH\Controllers\Ventas.php(65): CodeIgniter\Debug\Exceptions->errorHandler(2, 'Undefined variable $listarventa', 'APPPATH\\Controllers\\Ventas.php', 65)
 2 SYSTEMPATH\CodeIgniter.php(898): App\Controllers\Ventas->datosVentas('1')
 3 SYSTEMPATH\CodeIgniter.php(457): CodeIgniter\CodeIgniter->runController(Object(App\Controllers\Ventas))
 4 SYSTEMPATH\CodeIgniter.php(340): CodeIgniter\CodeIgniter->handleRequest(null, Object(Config\Cache), false)
 5 FCPATH\index.php(67): CodeIgniter\CodeIgniter->run()
CRITICAL - 2022-10-14 00:11:24 --> Undefined variable $comprasDb
in APPPATH\Views\vista_ventas\frm_actualizar_ven.php on line 73.
 1 APPPATH\Views\vista_ventas\frm_actualizar_ven.php(73): CodeIgniter\Debug\Exceptions->errorHandler(2, 'Undefined variable $comprasDb', 'APPPATH\\Views\\vista_ventas\\frm_actualizar_ven.php', 73)
 2 SYSTEMPATH\View\View.php(213): include('APPPATH\\Views\\vista_ventas\\frm_actualizar_ven.php')
 3 SYSTEMPATH\View\View.php(216): CodeIgniter\View\View->CodeIgniter\View\{closure}()
 4 SYSTEMPATH\Common.php(1137): CodeIgniter\View\View->render('vista_ventas/frm_actualizar_ven', [], true)
 5 APPPATH\Controllers\Ventas.php(77): view('vista_ventas/frm_actualizar_ven', [...])
 6 SYSTEMPATH\CodeIgniter.php(898): App\Controllers\Ventas->datosVentas('3')
 7 SYSTEMPATH\CodeIgniter.php(457): CodeIgniter\CodeIgniter->runController(Object(App\Controllers\Ventas))
 8 SYSTEMPATH\CodeIgniter.php(340): CodeIgniter\CodeIgniter->handleRequest(null, Object(Config\Cache), false)
 9 FCPATH\index.php(67): CodeIgniter\CodeIgniter->run()
CRITICAL - 2022-10-14 00:11:52 --> Undefined array key "idproveedor"
in APPPATH\Views\vista_ventas\frm_actualizar_ven.php on line 73.
 1 APPPATH\Views\vista_ventas\frm_actualizar_ven.php(73): CodeIgniter\Debug\Exceptions->errorHandler(2, 'Undefined array key "idproveedor"', 'APPPATH\\Views\\vista_ventas\\frm_actualizar_ven.php', 73)
 2 SYSTEMPATH\View\View.php(213): include('APPPATH\\Views\\vista_ventas\\frm_actualizar_ven.php')
 3 SYSTEMPATH\View\View.php(216): CodeIgniter\View\View->CodeIgniter\View\{closure}()
 4 SYSTEMPATH\Common.php(1137): CodeIgniter\View\View->render('vista_ventas/frm_actualizar_ven', [], true)
 5 APPPATH\Controllers\Ventas.php(77): view('vista_ventas/frm_actualizar_ven', [...])
 6 SYSTEMPATH\CodeIgniter.php(898): App\Controllers\Ventas->datosVentas('3')
 7 SYSTEMPATH\CodeIgniter.php(457): CodeIgniter\CodeIgniter->runController(Object(App\Controllers\Ventas))
 8 SYSTEMPATH\CodeIgniter.php(340): CodeIgniter\CodeIgniter->handleRequest(null, Object(Config\Cache), false)
 9 FCPATH\index.php(67): CodeIgniter\CodeIgniter->run()
CRITICAL - 2022-10-14 00:11:56 --> Undefined array key "idproveedor"
in APPPATH\Views\vista_ventas\frm_actualizar_ven.php on line 73.
 1 APPPATH\Views\vista_ventas\frm_actualizar_ven.php(73): CodeIgniter\Debug\Exceptions->errorHandler(2, 'Undefined array key "idproveedor"', 'APPPATH\\Views\\vista_ventas\\frm_actualizar_ven.php', 73)
 2 SYSTEMPATH\View\View.php(213): include('APPPATH\\Views\\vista_ventas\\frm_actualizar_ven.php')
 3 SYSTEMPATH\View\View.php(216): CodeIgniter\View\View->CodeIgniter\View\{closure}()
 4 SYSTEMPATH\Common.php(1137): CodeIgniter\View\View->render('vista_ventas/frm_actualizar_ven', [], true)
 5 APPPATH\Controllers\Ventas.php(77): view('vista_ventas/frm_actualizar_ven', [...])
 6 SYSTEMPATH\CodeIgniter.php(898): App\Controllers\Ventas->datosVentas('4')
 7 SYSTEMPATH\CodeIgniter.php(457): CodeIgniter\CodeIgniter->runController(Object(App\Controllers\Ventas))
 8 SYSTEMPATH\CodeIgniter.php(340): CodeIgniter\CodeIgniter->handleRequest(null, Object(Config\Cache), false)
 9 FCPATH\index.php(67): CodeIgniter\CodeIgniter->run()
CRITICAL - 2022-10-14 00:12:24 --> Undefined array key "idproveedor"
in APPPATH\Views\vista_ventas\frm_actualizar_ven.php on line 73.
 1 APPPATH\Views\vista_ventas\frm_actualizar_ven.php(73): CodeIgniter\Debug\Exceptions->errorHandler(2, 'Undefined array key "idproveedor"', 'APPPATH\\Views\\vista_ventas\\frm_actualizar_ven.php', 73)
 2 SYSTEMPATH\View\View.php(213): include('APPPATH\\Views\\vista_ventas\\frm_actualizar_ven.php')
 3 SYSTEMPATH\View\View.php(216): CodeIgniter\View\View->CodeIgniter\View\{closure}()
 4 SYSTEMPATH\Common.php(1137): CodeIgniter\View\View->render('vista_ventas/frm_actualizar_ven', [], true)
 5 APPPATH\Controllers\Ventas.php(77): view('vista_ventas/frm_actualizar_ven', [...])
 6 SYSTEMPATH\CodeIgniter.php(898): App\Controllers\Ventas->datosVentas('4')
 7 SYSTEMPATH\CodeIgniter.php(457): CodeIgniter\CodeIgniter->runController(Object(App\Controllers\Ventas))
 8 SYSTEMPATH\CodeIgniter.php(340): CodeIgniter\CodeIgniter->handleRequest(null, Object(Config\Cache), false)
 9 FCPATH\index.php(67): CodeIgniter\CodeIgniter->run()
CRITICAL - 2022-10-14 00:12:31 --> Undefined array key "idproveedor"
in APPPATH\Views\vista_ventas\frm_actualizar_ven.php on line 73.
 1 APPPATH\Views\vista_ventas\frm_actualizar_ven.php(73): CodeIgniter\Debug\Exceptions->errorHandler(2, 'Undefined array key "idproveedor"', 'APPPATH\\Views\\vista_ventas\\frm_actualizar_ven.php', 73)
 2 SYSTEMPATH\View\View.php(213): include('APPPATH\\Views\\vista_ventas\\frm_actualizar_ven.php')
 3 SYSTEMPATH\View\View.php(216): CodeIgniter\View\View->CodeIgniter\View\{closure}()
 4 SYSTEMPATH\Common.php(1137): CodeIgniter\View\View->render('vista_ventas/frm_actualizar_ven', [], true)
 5 APPPATH\Controllers\Ventas.php(77): view('vista_ventas/frm_actualizar_ven', [...])
 6 SYSTEMPATH\CodeIgniter.php(898): App\Controllers\Ventas->datosVentas('2')
 7 SYSTEMPATH\CodeIgniter.php(457): CodeIgniter\CodeIgniter->runController(Object(App\Controllers\Ventas))
 8 SYSTEMPATH\CodeIgniter.php(340): CodeIgniter\CodeIgniter->handleRequest(null, Object(Config\Cache), false)
 9 FCPATH\index.php(67): CodeIgniter\CodeIgniter->run()
CRITICAL - 2022-10-14 00:15:39 --> Undefined variable $proveedorDb
in APPPATH\Views\vista_ventas\frm_actualizar_ven.php on line 68.
 1 APPPATH\Views\vista_ventas\frm_actualizar_ven.php(68): CodeIgniter\Debug\Exceptions->errorHandler(2, 'Undefined variable $proveedorDb', 'APPPATH\\Views\\vista_ventas\\frm_actualizar_ven.php', 68)
 2 SYSTEMPATH\View\View.php(213): include('APPPATH\\Views\\vista_ventas\\frm_actualizar_ven.php')
 3 SYSTEMPATH\View\View.php(216): CodeIgniter\View\View->CodeIgniter\View\{closure}()
 4 SYSTEMPATH\Common.php(1137): CodeIgniter\View\View->render('vista_ventas/frm_actualizar_ven', [], true)
 5 APPPATH\Controllers\Ventas.php(77): view('vista_ventas/frm_actualizar_ven', [...])
 6 SYSTEMPATH\CodeIgniter.php(898): App\Controllers\Ventas->datosVentas('5')
 7 SYSTEMPATH\CodeIgniter.php(457): CodeIgniter\CodeIgniter->runController(Object(App\Controllers\Ventas))
 8 SYSTEMPATH\CodeIgniter.php(340): CodeIgniter\CodeIgniter->handleRequest(null, Object(Config\Cache), false)
 9 FCPATH\index.php(67): CodeIgniter\CodeIgniter->run()
CRITICAL - 2022-10-14 00:17:41 --> syntax error, unexpected token ";", expecting "]"
in APPPATH\Views\vista_ventas\frm_actualizar_ven.php on line 71.
 1 SYSTEMPATH\View\View.php(216): CodeIgniter\View\View->CodeIgniter\View\{closure}()
 2 SYSTEMPATH\Common.php(1137): CodeIgniter\View\View->render('vista_ventas/frm_actualizar_ven', [], true)
 3 APPPATH\Controllers\Ventas.php(77): view('vista_ventas/frm_actualizar_ven', [...])
 4 SYSTEMPATH\CodeIgniter.php(898): App\Controllers\Ventas->datosVentas('5')
 5 SYSTEMPATH\CodeIgniter.php(457): CodeIgniter\CodeIgniter->runController(Object(App\Controllers\Ventas))
 6 SYSTEMPATH\CodeIgniter.php(340): CodeIgniter\CodeIgniter->handleRequest(null, Object(Config\Cache), false)
 7 FCPATH\index.php(67): CodeIgniter\CodeIgniter->run()
CRITICAL - 2022-10-14 00:19:45 --> Undefined variable $comprasDb
in APPPATH\Views\vista_ventas\frm_actualizar_ven.php on line 50.
 1 APPPATH\Views\vista_ventas\frm_actualizar_ven.php(50): CodeIgniter\Debug\Exceptions->errorHandler(2, 'Undefined variable $comprasDb', 'APPPATH\\Views\\vista_ventas\\frm_actualizar_ven.php', 50)
 2 SYSTEMPATH\View\View.php(213): include('APPPATH\\Views\\vista_ventas\\frm_actualizar_ven.php')
 3 SYSTEMPATH\View\View.php(216): CodeIgniter\View\View->CodeIgniter\View\{closure}()
 4 SYSTEMPATH\Common.php(1137): CodeIgniter\View\View->render('vista_ventas/frm_actualizar_ven', [], true)
 5 APPPATH\Controllers\Ventas.php(77): view('vista_ventas/frm_actualizar_ven', [...])
 6 SYSTEMPATH\CodeIgniter.php(898): App\Controllers\Ventas->datosVentas('5')
 7 SYSTEMPATH\CodeIgniter.php(457): CodeIgniter\CodeIgniter->runController(Object(App\Controllers\Ventas))
 8 SYSTEMPATH\CodeIgniter.php(340): CodeIgniter\CodeIgniter->handleRequest(null, Object(Config\Cache), false)
 9 FCPATH\index.php(67): CodeIgniter\CodeIgniter->run()
CRITICAL - 2022-10-14 00:28:14 --> Undefined array key "idempleado"
in APPPATH\Views\vista_usuarios\lista_empleados.php on line 58.
 1 APPPATH\Views\vista_usuarios\lista_empleados.php(58): CodeIgniter\Debug\Exceptions->errorHandler(2, 'Undefined array key "idempleado"', 'APPPATH\\Views\\vista_usuarios\\lista_empleados.php', 58)
 2 SYSTEMPATH\View\View.php(213): include('APPPATH\\Views\\vista_usuarios\\lista_empleados.php')
 3 SYSTEMPATH\View\View.php(216): CodeIgniter\View\View->CodeIgniter\View\{closure}()
 4 SYSTEMPATH\Common.php(1137): CodeIgniter\View\View->render('vista_usuarios/lista_empleados', [], true)
 5 APPPATH\Controllers\Empleados.php(21): view('vista_usuarios/lista_empleados', [...])
 6 SYSTEMPATH\CodeIgniter.php(898): App\Controllers\Empleados->listarEmpleados()
 7 SYSTEMPATH\CodeIgniter.php(457): CodeIgniter\CodeIgniter->runController(Object(App\Controllers\Empleados))
 8 SYSTEMPATH\CodeIgniter.php(340): CodeIgniter\CodeIgniter->handleRequest(null, Object(Config\Cache), false)
 9 FCPATH\index.php(67): CodeIgniter\CodeIgniter->run()
CRITICAL - 2022-10-14 00:40:17 --> Undefined variable $usuariosDb
in APPPATH\Views\vista_usuarios\lista_empleados.php on line 102.
 1 APPPATH\Views\vista_usuarios\lista_empleados.php(102): CodeIgniter\Debug\Exceptions->errorHandler(2, 'Undefined variable $usuariosDb', 'APPPATH\\Views\\vista_usuarios\\lista_empleados.php', 102)
 2 SYSTEMPATH\View\View.php(213): include('APPPATH\\Views\\vista_usuarios\\lista_empleados.php')
 3 SYSTEMPATH\View\View.php(216): CodeIgniter\View\View->CodeIgniter\View\{closure}()
 4 SYSTEMPATH\Common.php(1137): CodeIgniter\View\View->render('vista_usuarios/lista_empleados', [], true)
 5 APPPATH\Controllers\Empleados.php(78): view('vista_usuarios/lista_empleados', [...])
 6 SYSTEMPATH\CodeIgniter.php(898): App\Controllers\Empleados->actualizarEmpleados()
 7 SYSTEMPATH\CodeIgniter.php(457): CodeIgniter\CodeIgniter->runController(Object(App\Controllers\Empleados))
 8 SYSTEMPATH\CodeIgniter.php(340): CodeIgniter\CodeIgniter->handleRequest(null, Object(Config\Cache), false)
 9 FCPATH\index.php(67): CodeIgniter\CodeIgniter->run()
CRITICAL - 2022-10-14 00:41:27 --> Undefined variable $usuariosDb
in APPPATH\Views\vista_usuarios\lista_empleados.php on line 102.
 1 APPPATH\Views\vista_usuarios\lista_empleados.php(102): CodeIgniter\Debug\Exceptions->errorHandler(2, 'Undefined variable $usuariosDb', 'APPPATH\\Views\\vista_usuarios\\lista_empleados.php', 102)
 2 SYSTEMPATH\View\View.php(213): include('APPPATH\\Views\\vista_usuarios\\lista_empleados.php')
 3 SYSTEMPATH\View\View.php(216): CodeIgniter\View\View->CodeIgniter\View\{closure}()
 4 SYSTEMPATH\Common.php(1137): CodeIgniter\View\View->render('vista_usuarios/lista_empleados', [], true)
 5 APPPATH\Controllers\Empleados.php(78): view('vista_usuarios/lista_empleados', [...])
 6 SYSTEMPATH\CodeIgniter.php(898): App\Controllers\Empleados->actualizarEmpleados()
 7 SYSTEMPATH\CodeIgniter.php(457): CodeIgniter\CodeIgniter->runController(Object(App\Controllers\Empleados))
 8 SYSTEMPATH\CodeIgniter.php(340): CodeIgniter\CodeIgniter->handleRequest(null, Object(Config\Cache), false)
 9 FCPATH\index.php(67): CodeIgniter\CodeIgniter->run()
CRITICAL - 2022-10-14 00:42:23 --> Undefined variable $usuariosDb
in APPPATH\Views\vista_usuarios\lista_empleados.php on line 102.
 1 APPPATH\Views\vista_usuarios\lista_empleados.php(102): CodeIgniter\Debug\Exceptions->errorHandler(2, 'Undefined variable $usuariosDb', 'APPPATH\\Views\\vista_usuarios\\lista_empleados.php', 102)
 2 SYSTEMPATH\View\View.php(213): include('APPPATH\\Views\\vista_usuarios\\lista_empleados.php')
 3 SYSTEMPATH\View\View.php(216): CodeIgniter\View\View->CodeIgniter\View\{closure}()
 4 SYSTEMPATH\Common.php(1137): CodeIgniter\View\View->render('vista_usuarios/lista_empleados', [], true)
 5 APPPATH\Controllers\Empleados.php(78): view('vista_usuarios/lista_empleados', [...])
 6 SYSTEMPATH\CodeIgniter.php(898): App\Controllers\Empleados->actualizarEmpleados()
 7 SYSTEMPATH\CodeIgniter.php(457): CodeIgniter\CodeIgniter->runController(Object(App\Controllers\Empleados))
 8 SYSTEMPATH\CodeIgniter.php(340): CodeIgniter\CodeIgniter->handleRequest(null, Object(Config\Cache), false)
 9 FCPATH\index.php(67): CodeIgniter\CodeIgniter->run()
CRITICAL - 2022-10-14 01:02:23 --> Undefined array key 0
in APPPATH\Views\vista_usuarios\frm_actualizar_emp.php on line 42.
 1 APPPATH\Views\vista_usuarios\frm_actualizar_emp.php(42): CodeIgniter\Debug\Exceptions->errorHandler(2, 'Undefined array key 0', 'APPPATH\\Views\\vista_usuarios\\frm_actualizar_emp.php', 42)
 2 SYSTEMPATH\View\View.php(213): include('APPPATH\\Views\\vista_usuarios\\frm_actualizar_emp.php')
 3 SYSTEMPATH\View\View.php(216): CodeIgniter\View\View->CodeIgniter\View\{closure}()
 4 SYSTEMPATH\Common.php(1137): CodeIgniter\View\View->render('vista_usuarios/frm_actualizar_emp', [], true)
 5 APPPATH\Controllers\Empleados.php(56): view('vista_usuarios/frm_actualizar_emp', [...])
 6 SYSTEMPATH\CodeIgniter.php(898): App\Controllers\Empleados->datosEmpleados('2')
 7 SYSTEMPATH\CodeIgniter.php(457): CodeIgniter\CodeIgniter->runController(Object(App\Controllers\Empleados))
 8 SYSTEMPATH\CodeIgniter.php(340): CodeIgniter\CodeIgniter->handleRequest(null, Object(Config\Cache), false)
 9 FCPATH\index.php(67): CodeIgniter\CodeIgniter->run()
CRITICAL - 2022-10-14 01:02:39 --> Undefined array key 0
in APPPATH\Views\vista_usuarios\frm_actualizar_emp.php on line 42.
 1 APPPATH\Views\vista_usuarios\frm_actualizar_emp.php(42): CodeIgniter\Debug\Exceptions->errorHandler(2, 'Undefined array key 0', 'APPPATH\\Views\\vista_usuarios\\frm_actualizar_emp.php', 42)
 2 SYSTEMPATH\View\View.php(213): include('APPPATH\\Views\\vista_usuarios\\frm_actualizar_emp.php')
 3 SYSTEMPATH\View\View.php(216): CodeIgniter\View\View->CodeIgniter\View\{closure}()
 4 SYSTEMPATH\Common.php(1137): CodeIgniter\View\View->render('vista_usuarios/frm_actualizar_emp', [], true)
 5 APPPATH\Controllers\Empleados.php(56): view('vista_usuarios/frm_actualizar_emp', [...])
 6 SYSTEMPATH\CodeIgniter.php(898): App\Controllers\Empleados->datosEmpleados('2')
 7 SYSTEMPATH\CodeIgniter.php(457): CodeIgniter\CodeIgniter->runController(Object(App\Controllers\Empleados))
 8 SYSTEMPATH\CodeIgniter.php(340): CodeIgniter\CodeIgniter->handleRequest(null, Object(Config\Cache), false)
 9 FCPATH\index.php(67): CodeIgniter\CodeIgniter->run()
CRITICAL - 2022-10-14 01:02:42 --> Undefined array key 0
in APPPATH\Views\vista_usuarios\frm_actualizar_emp.php on line 42.
 1 APPPATH\Views\vista_usuarios\frm_actualizar_emp.php(42): CodeIgniter\Debug\Exceptions->errorHandler(2, 'Undefined array key 0', 'APPPATH\\Views\\vista_usuarios\\frm_actualizar_emp.php', 42)
 2 SYSTEMPATH\View\View.php(213): include('APPPATH\\Views\\vista_usuarios\\frm_actualizar_emp.php')
 3 SYSTEMPATH\View\View.php(216): CodeIgniter\View\View->CodeIgniter\View\{closure}()
 4 SYSTEMPATH\Common.php(1137): CodeIgniter\View\View->render('vista_usuarios/frm_actualizar_emp', [], true)
 5 APPPATH\Controllers\Empleados.php(56): view('vista_usuarios/frm_actualizar_emp', [...])
 6 SYSTEMPATH\CodeIgniter.php(898): App\Controllers\Empleados->datosEmpleados('3')
 7 SYSTEMPATH\CodeIgniter.php(457): CodeIgniter\CodeIgniter->runController(Object(App\Controllers\Empleados))
 8 SYSTEMPATH\CodeIgniter.php(340): CodeIgniter\CodeIgniter->handleRequest(null, Object(Config\Cache), false)
 9 FCPATH\index.php(67): CodeIgniter\CodeIgniter->run()
ERROR - 2022-10-14 01:25:03 --> mysqli_sql_exception: Cannot add or update a child row: a foreign key constraint fails (`proy_pos`.`ventas`, CONSTRAINT `idempleado_ventas_fk` FOREIGN KEY (`idempleado`) REFERENCES `empleados` (`idempleado`) ON DELETE CASCADE ON UPDATE CASCADE) in C:\xampp\htdocs\proy_pos_pruebas\system\Database\MySQLi\Connection.php:292
Stack trace:
#0 C:\xampp\htdocs\proy_pos_pruebas\system\Database\MySQLi\Connection.php(292): mysqli->query('UPDATE `ventas`...', 0)
#1 C:\xampp\htdocs\proy_pos_pruebas\system\Database\BaseConnection.php(693): CodeIgniter\Database\MySQLi\Connection->execute('UPDATE `ventas`...')
#2 C:\xampp\htdocs\proy_pos_pruebas\system\Database\BaseConnection.php(620): CodeIgniter\Database\BaseConnection->simpleQuery('UPDATE `ventas`...')
#3 C:\xampp\htdocs\proy_pos_pruebas\system\Database\BaseBuilder.php(2078): CodeIgniter\Database\BaseConnection->query('UPDATE `ventas`...', Array, false)
#4 C:\xampp\htdocs\proy_pos_pruebas\system\Model.php(337): CodeIgniter\Database\BaseBuilder->update()
#5 C:\xampp\htdocs\proy_pos_pruebas\system\BaseModel.php(865): CodeIgniter\Model->doUpdate(Array, Array)
#6 C:\xampp\htdocs\proy_pos_pruebas\system\Model.php(692): CodeIgniter\BaseModel->update(Array, Array)
#7 C:\xampp\htdocs\proy_pos_pruebas\app\Controllers\Ventas.php(101): CodeIgniter\Model->update('6', Array)
#8 C:\xampp\htdocs\proy_pos_pruebas\system\CodeIgniter.php(898): App\Controllers\Ventas->actualizarVentas()
#9 C:\xampp\htdocs\proy_pos_pruebas\system\CodeIgniter.php(457): CodeIgniter\CodeIgniter->runController(Object(App\Controllers\Ventas))
#10 C:\xampp\htdocs\proy_pos_pruebas\system\CodeIgniter.php(340): CodeIgniter\CodeIgniter->handleRequest(NULL, Object(Config\Cache), false)
#11 C:\xampp\htdocs\proy_pos_pruebas\public\index.php(67): CodeIgniter\CodeIgniter->run()
#12 {main}
CRITICAL - 2022-10-14 01:44:31 --> Undefined constant "comprasDb"
in APPPATH\Views\vista_compras\frm_actualizar_com.php on line 34.
 1 SYSTEMPATH\View\View.php(213): include()
 2 SYSTEMPATH\View\View.php(216): CodeIgniter\View\View->CodeIgniter\View\{closure}()
 3 SYSTEMPATH\Common.php(1137): CodeIgniter\View\View->render('vista_compras/frm_actualizar_com', [], true)
 4 APPPATH\Controllers\Compras.php(73): view('vista_compras/frm_actualizar_com', [...])
 5 SYSTEMPATH\CodeIgniter.php(898): App\Controllers\Compras->datosCompras('4')
 6 SYSTEMPATH\CodeIgniter.php(457): CodeIgniter\CodeIgniter->runController(Object(App\Controllers\Compras))
 7 SYSTEMPATH\CodeIgniter.php(340): CodeIgniter\CodeIgniter->handleRequest(null, Object(Config\Cache), false)
 8 FCPATH\index.php(67): CodeIgniter\CodeIgniter->run()
