CRITICAL - 2022-10-07 00:35:55 --> Undefined variable $usuariosDb
in APPPATH\Views\vista_usuarios\lista_usuarios.php on line 65.
 1 APPPATH\Views\vista_usuarios\lista_usuarios.php(65): CodeIgniter\Debug\Exceptions->errorHandler(2, 'Undefined variable $usuariosDb', 'APPPATH\\Views\\vista_usuarios\\lista_usuarios.php', 65)
 2 SYSTEMPATH\View\View.php(213): include('APPPATH\\Views\\vista_usuarios\\lista_usuarios.php')
 3 SYSTEMPATH\View\View.php(216): CodeIgniter\View\View->CodeIgniter\View\{closure}()
 4 SYSTEMPATH\Common.php(1137): CodeIgniter\View\View->render('vista_usuarios/lista_usuarios', [], true)
 5 APPPATH\Controllers\Controlmenus.php(50): view('vista_usuarios/lista_usuarios')
 6 SYSTEMPATH\CodeIgniter.php(898): App\Controllers\Controlmenus->menu_usuarios()
 7 SYSTEMPATH\CodeIgniter.php(457): CodeIgniter\CodeIgniter->runController(Object(App\Controllers\Controlmenus))
 8 SYSTEMPATH\CodeIgniter.php(340): CodeIgniter\CodeIgniter->handleRequest(null, Object(Config\Cache), false)
 9 FCPATH\index.php(67): CodeIgniter\CodeIgniter->run()
CRITICAL - 2022-10-07 00:37:22 --> Invalid file: lista_usuarios.php
in SYSTEMPATH\Exceptions\FrameworkException.php on line 33.
 1 SYSTEMPATH\View\View.php(201): CodeIgniter\Exceptions\FrameworkException::forInvalidFile('lista_usuarios.php')
 2 SYSTEMPATH\Common.php(1137): CodeIgniter\View\View->render('lista_usuarios', [], true)
 3 APPPATH\Controllers\Controlmenus.php(50): view('lista_usuarios')
 4 SYSTEMPATH\CodeIgniter.php(898): App\Controllers\Controlmenus->menu_usuarios()
 5 SYSTEMPATH\CodeIgniter.php(457): CodeIgniter\CodeIgniter->runController(Object(App\Controllers\Controlmenus))
 6 SYSTEMPATH\CodeIgniter.php(340): CodeIgniter\CodeIgniter->handleRequest(null, Object(Config\Cache), false)
 7 FCPATH\index.php(67): CodeIgniter\CodeIgniter->run()
CRITICAL - 2022-10-07 00:41:13 --> Undefined variable $usuariosDb
in APPPATH\Views\vista_usuarios\lista_usuarios.php on line 65.
 1 APPPATH\Views\vista_usuarios\lista_usuarios.php(65): CodeIgniter\Debug\Exceptions->errorHandler(2, 'Undefined variable $usuariosDb', 'APPPATH\\Views\\vista_usuarios\\lista_usuarios.php', 65)
 2 SYSTEMPATH\View\View.php(213): include('APPPATH\\Views\\vista_usuarios\\lista_usuarios.php')
 3 SYSTEMPATH\View\View.php(216): CodeIgniter\View\View->CodeIgniter\View\{closure}()
 4 SYSTEMPATH\Common.php(1137): CodeIgniter\View\View->render('vista_usuarios/lista_usuarios', [], true)
 5 APPPATH\Controllers\Controlmenus.php(50): view('vista_usuarios/lista_usuarios')
 6 SYSTEMPATH\CodeIgniter.php(898): App\Controllers\Controlmenus->usuarios()
 7 SYSTEMPATH\CodeIgniter.php(457): CodeIgniter\CodeIgniter->runController(Object(App\Controllers\Controlmenus))
 8 SYSTEMPATH\CodeIgniter.php(340): CodeIgniter\CodeIgniter->handleRequest(null, Object(Config\Cache), false)
 9 FCPATH\index.php(67): CodeIgniter\CodeIgniter->run()
CRITICAL - 2022-10-07 00:42:32 --> Undefined variable $usuariosDb
in APPPATH\Views\vista_usuarios\lista_usuarios.php on line 65.
 1 APPPATH\Views\vista_usuarios\lista_usuarios.php(65): CodeIgniter\Debug\Exceptions->errorHandler(2, 'Undefined variable $usuariosDb', 'APPPATH\\Views\\vista_usuarios\\lista_usuarios.php', 65)
 2 SYSTEMPATH\View\View.php(213): include('APPPATH\\Views\\vista_usuarios\\lista_usuarios.php')
 3 SYSTEMPATH\View\View.php(216): CodeIgniter\View\View->CodeIgniter\View\{closure}()
 4 SYSTEMPATH\Common.php(1137): CodeIgniter\View\View->render('vista_usuarios/lista_usuarios', [], true)
 5 APPPATH\Controllers\Controlmenus.php(50): view('vista_usuarios/lista_usuarios')
 6 SYSTEMPATH\CodeIgniter.php(898): App\Controllers\Controlmenus->Usuarios()
 7 SYSTEMPATH\CodeIgniter.php(457): CodeIgniter\CodeIgniter->runController(Object(App\Controllers\Controlmenus))
 8 SYSTEMPATH\CodeIgniter.php(340): CodeIgniter\CodeIgniter->handleRequest(null, Object(Config\Cache), false)
 9 FCPATH\index.php(67): CodeIgniter\CodeIgniter->run()
CRITICAL - 2022-10-07 00:44:51 --> Undefined variable $usuariosDb
in APPPATH\Views\vista_usuarios\lista_usuarios.php on line 65.
 1 APPPATH\Views\vista_usuarios\lista_usuarios.php(65): CodeIgniter\Debug\Exceptions->errorHandler(2, 'Undefined variable $usuariosDb', 'APPPATH\\Views\\vista_usuarios\\lista_usuarios.php', 65)
 2 SYSTEMPATH\View\View.php(213): include('APPPATH\\Views\\vista_usuarios\\lista_usuarios.php')
 3 SYSTEMPATH\View\View.php(216): CodeIgniter\View\View->CodeIgniter\View\{closure}()
 4 SYSTEMPATH\Common.php(1137): CodeIgniter\View\View->render('vista_usuarios/lista_usuarios', [], true)
 5 APPPATH\Controllers\Controlmenus.php(50): view('vista_usuarios/lista_usuarios')
 6 SYSTEMPATH\CodeIgniter.php(898): App\Controllers\Controlmenus->Usuarios()
 7 SYSTEMPATH\CodeIgniter.php(457): CodeIgniter\CodeIgniter->runController(Object(App\Controllers\Controlmenus))
 8 SYSTEMPATH\CodeIgniter.php(340): CodeIgniter\CodeIgniter->handleRequest(null, Object(Config\Cache), false)
 9 FCPATH\index.php(67): CodeIgniter\CodeIgniter->run()
CRITICAL - 2022-10-07 00:51:56 --> Undefined variable $usuariosDb
in APPPATH\Views\vista_usuarios\lista_usuarios.php on line 35.
 1 APPPATH\Views\vista_usuarios\lista_usuarios.php(35): CodeIgniter\Debug\Exceptions->errorHandler(2, 'Undefined variable $usuariosDb', 'APPPATH\\Views\\vista_usuarios\\lista_usuarios.php', 35)
 2 SYSTEMPATH\View\View.php(213): include('APPPATH\\Views\\vista_usuarios\\lista_usuarios.php')
 3 SYSTEMPATH\View\View.php(216): CodeIgniter\View\View->CodeIgniter\View\{closure}()
 4 SYSTEMPATH\Common.php(1137): CodeIgniter\View\View->render('vista_usuarios/lista_usuarios', [], true)
 5 APPPATH\Controllers\Controlmenus.php(50): view('vista_usuarios/lista_usuarios')
 6 SYSTEMPATH\CodeIgniter.php(898): App\Controllers\Controlmenus->Usuarios()
 7 SYSTEMPATH\CodeIgniter.php(457): CodeIgniter\CodeIgniter->runController(Object(App\Controllers\Controlmenus))
 8 SYSTEMPATH\CodeIgniter.php(340): CodeIgniter\CodeIgniter->handleRequest(null, Object(Config\Cache), false)
 9 FCPATH\index.php(67): CodeIgniter\CodeIgniter->run()
CRITICAL - 2022-10-07 00:52:59 --> Invalid file: lista_usuarios.php
in SYSTEMPATH\Exceptions\FrameworkException.php on line 33.
 1 SYSTEMPATH\View\View.php(201): CodeIgniter\Exceptions\FrameworkException::forInvalidFile('lista_usuarios.php')
 2 SYSTEMPATH\Common.php(1137): CodeIgniter\View\View->render('lista_usuarios', [], true)
 3 APPPATH\Controllers\Usuarios.php(11): view('lista_usuarios', [...])
 4 SYSTEMPATH\CodeIgniter.php(898): App\Controllers\Usuarios->listaUsuarios()
 5 SYSTEMPATH\CodeIgniter.php(457): CodeIgniter\CodeIgniter->runController(Object(App\Controllers\Usuarios))
 6 SYSTEMPATH\CodeIgniter.php(340): CodeIgniter\CodeIgniter->handleRequest(null, Object(Config\Cache), false)
 7 FCPATH\index.php(67): CodeIgniter\CodeIgniter->run()
CRITICAL - 2022-10-07 00:53:21 --> Invalid file: lista_usuarios.php
in SYSTEMPATH\Exceptions\FrameworkException.php on line 33.
 1 SYSTEMPATH\View\View.php(201): CodeIgniter\Exceptions\FrameworkException::forInvalidFile('lista_usuarios.php')
 2 SYSTEMPATH\Common.php(1137): CodeIgniter\View\View->render('lista_usuarios', [], true)
 3 APPPATH\Controllers\Usuarios.php(11): view('lista_usuarios', [...])
 4 SYSTEMPATH\CodeIgniter.php(898): App\Controllers\Usuarios->listaUsuarios()
 5 SYSTEMPATH\CodeIgniter.php(457): CodeIgniter\CodeIgniter->runController(Object(App\Controllers\Usuarios))
 6 SYSTEMPATH\CodeIgniter.php(340): CodeIgniter\CodeIgniter->handleRequest(null, Object(Config\Cache), false)
 7 FCPATH\index.php(67): CodeIgniter\CodeIgniter->run()
CRITICAL - 2022-10-07 00:54:39 --> Invalid file: lista_usuarios.php
in SYSTEMPATH\Exceptions\FrameworkException.php on line 33.
 1 SYSTEMPATH\View\View.php(201): CodeIgniter\Exceptions\FrameworkException::forInvalidFile('lista_usuarios.php')
 2 SYSTEMPATH\Common.php(1137): CodeIgniter\View\View->render('lista_usuarios', [], true)
 3 APPPATH\Controllers\Usuarios.php(11): view('lista_usuarios', [...])
 4 SYSTEMPATH\CodeIgniter.php(898): App\Controllers\Usuarios->listaUsuarios()
 5 SYSTEMPATH\CodeIgniter.php(457): CodeIgniter\CodeIgniter->runController(Object(App\Controllers\Usuarios))
 6 SYSTEMPATH\CodeIgniter.php(340): CodeIgniter\CodeIgniter->handleRequest(null, Object(Config\Cache), false)
 7 FCPATH\index.php(67): CodeIgniter\CodeIgniter->run()
CRITICAL - 2022-10-07 00:55:10 --> Undefined variable $usuariosDb
in APPPATH\Views\vista_usuarios\lista_usuarios.php on line 35.
 1 APPPATH\Views\vista_usuarios\lista_usuarios.php(35): CodeIgniter\Debug\Exceptions->errorHandler(2, 'Undefined variable $usuariosDb', 'APPPATH\\Views\\vista_usuarios\\lista_usuarios.php', 35)
 2 SYSTEMPATH\View\View.php(213): include('APPPATH\\Views\\vista_usuarios\\lista_usuarios.php')
 3 SYSTEMPATH\View\View.php(216): CodeIgniter\View\View->CodeIgniter\View\{closure}()
 4 SYSTEMPATH\Common.php(1137): CodeIgniter\View\View->render('vista_usuarios/lista_usuarios', [], true)
 5 APPPATH\Controllers\Usuarios.php(11): view('vista_usuarios/lista_usuarios', [...])
 6 SYSTEMPATH\CodeIgniter.php(898): App\Controllers\Usuarios->listaUsuarios()
 7 SYSTEMPATH\CodeIgniter.php(457): CodeIgniter\CodeIgniter->runController(Object(App\Controllers\Usuarios))
 8 SYSTEMPATH\CodeIgniter.php(340): CodeIgniter\CodeIgniter->handleRequest(null, Object(Config\Cache), false)
 9 FCPATH\index.php(67): CodeIgniter\CodeIgniter->run()
CRITICAL - 2022-10-07 00:55:41 --> Undefined variable $municipio
in APPPATH\Views\vista_usuarios\lista_usuarios.php on line 42.
 1 APPPATH\Views\vista_usuarios\lista_usuarios.php(42): CodeIgniter\Debug\Exceptions->errorHandler(2, 'Undefined variable $municipio', 'APPPATH\\Views\\vista_usuarios\\lista_usuarios.php', 42)
 2 SYSTEMPATH\View\View.php(213): include('APPPATH\\Views\\vista_usuarios\\lista_usuarios.php')
 3 SYSTEMPATH\View\View.php(216): CodeIgniter\View\View->CodeIgniter\View\{closure}()
 4 SYSTEMPATH\Common.php(1137): CodeIgniter\View\View->render('vista_usuarios/lista_usuarios', [], true)
 5 APPPATH\Controllers\Usuarios.php(11): view('vista_usuarios/lista_usuarios', [...])
 6 SYSTEMPATH\CodeIgniter.php(898): App\Controllers\Usuarios->listaUsuarios()
 7 SYSTEMPATH\CodeIgniter.php(457): CodeIgniter\CodeIgniter->runController(Object(App\Controllers\Usuarios))
 8 SYSTEMPATH\CodeIgniter.php(340): CodeIgniter\CodeIgniter->handleRequest(null, Object(Config\Cache), false)
 9 FCPATH\index.php(67): CodeIgniter\CodeIgniter->run()
CRITICAL - 2022-10-07 00:57:24 --> Undefined variable $municipio
in APPPATH\Views\vista_usuarios\lista_usuarios.php on line 42.
 1 APPPATH\Views\vista_usuarios\lista_usuarios.php(42): CodeIgniter\Debug\Exceptions->errorHandler(2, 'Undefined variable $municipio', 'APPPATH\\Views\\vista_usuarios\\lista_usuarios.php', 42)
 2 SYSTEMPATH\View\View.php(213): include('APPPATH\\Views\\vista_usuarios\\lista_usuarios.php')
 3 SYSTEMPATH\View\View.php(216): CodeIgniter\View\View->CodeIgniter\View\{closure}()
 4 SYSTEMPATH\Common.php(1137): CodeIgniter\View\View->render('vista_usuarios/lista_usuarios', [], true)
 5 APPPATH\Controllers\Usuarios.php(12): view('vista_usuarios/lista_usuarios', [...])
 6 SYSTEMPATH\CodeIgniter.php(898): App\Controllers\Usuarios->listaUsuarios()
 7 SYSTEMPATH\CodeIgniter.php(457): CodeIgniter\CodeIgniter->runController(Object(App\Controllers\Usuarios))
 8 SYSTEMPATH\CodeIgniter.php(340): CodeIgniter\CodeIgniter->handleRequest(null, Object(Config\Cache), false)
 9 FCPATH\index.php(67): CodeIgniter\CodeIgniter->run()
CRITICAL - 2022-10-07 01:00:13 --> Undefined variable $municipio
in APPPATH\Views\vista_usuarios\lista_usuarios.php on line 42.
 1 APPPATH\Views\vista_usuarios\lista_usuarios.php(42): CodeIgniter\Debug\Exceptions->errorHandler(2, 'Undefined variable $municipio', 'APPPATH\\Views\\vista_usuarios\\lista_usuarios.php', 42)
 2 SYSTEMPATH\View\View.php(213): include('APPPATH\\Views\\vista_usuarios\\lista_usuarios.php')
 3 SYSTEMPATH\View\View.php(216): CodeIgniter\View\View->CodeIgniter\View\{closure}()
 4 SYSTEMPATH\Common.php(1137): CodeIgniter\View\View->render('vista_usuarios/lista_usuarios', [], true)
 5 APPPATH\Controllers\Usuarios.php(12): view('vista_usuarios/lista_usuarios', [...])
 6 SYSTEMPATH\CodeIgniter.php(898): App\Controllers\Usuarios->listaUsuarios()
 7 SYSTEMPATH\CodeIgniter.php(457): CodeIgniter\CodeIgniter->runController(Object(App\Controllers\Usuarios))
 8 SYSTEMPATH\CodeIgniter.php(340): CodeIgniter\CodeIgniter->handleRequest(null, Object(Config\Cache), false)
 9 FCPATH\index.php(67): CodeIgniter\CodeIgniter->run()
CRITICAL - 2022-10-07 01:00:18 --> Undefined variable $municipio
in APPPATH\Views\vista_usuarios\lista_usuarios.php on line 42.
 1 APPPATH\Views\vista_usuarios\lista_usuarios.php(42): CodeIgniter\Debug\Exceptions->errorHandler(2, 'Undefined variable $municipio', 'APPPATH\\Views\\vista_usuarios\\lista_usuarios.php', 42)
 2 SYSTEMPATH\View\View.php(213): include('APPPATH\\Views\\vista_usuarios\\lista_usuarios.php')
 3 SYSTEMPATH\View\View.php(216): CodeIgniter\View\View->CodeIgniter\View\{closure}()
 4 SYSTEMPATH\Common.php(1137): CodeIgniter\View\View->render('vista_usuarios/lista_usuarios', [], true)
 5 APPPATH\Controllers\Usuarios.php(12): view('vista_usuarios/lista_usuarios', [...])
 6 SYSTEMPATH\CodeIgniter.php(898): App\Controllers\Usuarios->listaUsuarios()
 7 SYSTEMPATH\CodeIgniter.php(457): CodeIgniter\CodeIgniter->runController(Object(App\Controllers\Usuarios))
 8 SYSTEMPATH\CodeIgniter.php(340): CodeIgniter\CodeIgniter->handleRequest(null, Object(Config\Cache), false)
 9 FCPATH\index.php(67): CodeIgniter\CodeIgniter->run()
CRITICAL - 2022-10-07 01:01:27 --> Undefined variable $municipio
in APPPATH\Views\vista_usuarios\lista_usuarios.php on line 42.
 1 APPPATH\Views\vista_usuarios\lista_usuarios.php(42): CodeIgniter\Debug\Exceptions->errorHandler(2, 'Undefined variable $municipio', 'APPPATH\\Views\\vista_usuarios\\lista_usuarios.php', 42)
 2 SYSTEMPATH\View\View.php(213): include('APPPATH\\Views\\vista_usuarios\\lista_usuarios.php')
 3 SYSTEMPATH\View\View.php(216): CodeIgniter\View\View->CodeIgniter\View\{closure}()
 4 SYSTEMPATH\Common.php(1137): CodeIgniter\View\View->render('vista_usuarios/lista_usuarios', [], true)
 5 APPPATH\Controllers\Usuarios.php(12): view('vista_usuarios/lista_usuarios', [...])
 6 SYSTEMPATH\CodeIgniter.php(898): App\Controllers\Usuarios->listaUsuarios()
 7 SYSTEMPATH\CodeIgniter.php(457): CodeIgniter\CodeIgniter->runController(Object(App\Controllers\Usuarios))
 8 SYSTEMPATH\CodeIgniter.php(340): CodeIgniter\CodeIgniter->handleRequest(null, Object(Config\Cache), false)
 9 FCPATH\index.php(67): CodeIgniter\CodeIgniter->run()
CRITICAL - 2022-10-07 01:03:00 --> Undefined variable $municipio
in APPPATH\Views\vista_usuarios\lista_usuarios.php on line 42.
 1 APPPATH\Views\vista_usuarios\lista_usuarios.php(42): CodeIgniter\Debug\Exceptions->errorHandler(2, 'Undefined variable $municipio', 'APPPATH\\Views\\vista_usuarios\\lista_usuarios.php', 42)
 2 SYSTEMPATH\View\View.php(213): include('APPPATH\\Views\\vista_usuarios\\lista_usuarios.php')
 3 SYSTEMPATH\View\View.php(216): CodeIgniter\View\View->CodeIgniter\View\{closure}()
 4 SYSTEMPATH\Common.php(1137): CodeIgniter\View\View->render('vista_usuarios/lista_usuarios', [], true)
 5 APPPATH\Controllers\Usuarios.php(12): view('vista_usuarios/lista_usuarios', [...])
 6 SYSTEMPATH\CodeIgniter.php(898): App\Controllers\Usuarios->listaUsuarios()
 7 SYSTEMPATH\CodeIgniter.php(457): CodeIgniter\CodeIgniter->runController(Object(App\Controllers\Usuarios))
 8 SYSTEMPATH\CodeIgniter.php(340): CodeIgniter\CodeIgniter->handleRequest(null, Object(Config\Cache), false)
 9 FCPATH\index.php(67): CodeIgniter\CodeIgniter->run()
ERROR - 2022-10-07 01:22:40 --> mysqli_sql_exception: Column 'idusuario' cannot be null in C:\xampp\htdocs\proy_pos_pruebas\system\Database\MySQLi\Connection.php:292
Stack trace:
#0 C:\xampp\htdocs\proy_pos_pruebas\system\Database\MySQLi\Connection.php(292): mysqli->query('INSERT INTO `us...', 0)
#1 C:\xampp\htdocs\proy_pos_pruebas\system\Database\BaseConnection.php(693): CodeIgniter\Database\MySQLi\Connection->execute('INSERT INTO `us...')
#2 C:\xampp\htdocs\proy_pos_pruebas\system\Database\BaseConnection.php(620): CodeIgniter\Database\BaseConnection->simpleQuery('INSERT INTO `us...')
#3 C:\xampp\htdocs\proy_pos_pruebas\system\Database\BaseBuilder.php(1916): CodeIgniter\Database\BaseConnection->query('INSERT INTO `us...', Array, false)
#4 C:\xampp\htdocs\proy_pos_pruebas\system\Model.php(278): CodeIgniter\Database\BaseBuilder->insert()
#5 C:\xampp\htdocs\proy_pos_pruebas\system\BaseModel.php(738): CodeIgniter\Model->doInsert(Array)
#6 C:\xampp\htdocs\proy_pos_pruebas\system\Model.php(666): CodeIgniter\BaseModel->insert(Array, true)
#7 C:\xampp\htdocs\proy_pos_pruebas\app\Controllers\Usuarios.php(23): CodeIgniter\Model->insert(Array)
#8 C:\xampp\htdocs\proy_pos_pruebas\system\CodeIgniter.php(898): App\Controllers\Usuarios->agregarUsuarios()
#9 C:\xampp\htdocs\proy_pos_pruebas\system\CodeIgniter.php(457): CodeIgniter\CodeIgniter->runController(Object(App\Controllers\Usuarios))
#10 C:\xampp\htdocs\proy_pos_pruebas\system\CodeIgniter.php(340): CodeIgniter\CodeIgniter->handleRequest(NULL, Object(Config\Cache), false)
#11 C:\xampp\htdocs\proy_pos_pruebas\public\index.php(67): CodeIgniter\CodeIgniter->run()
#12 {main}
ERROR - 2022-10-07 01:24:08 --> mysqli_sql_exception: Column 'idusuario' cannot be null in C:\xampp\htdocs\proy_pos_pruebas\system\Database\MySQLi\Connection.php:292
Stack trace:
#0 C:\xampp\htdocs\proy_pos_pruebas\system\Database\MySQLi\Connection.php(292): mysqli->query('INSERT INTO `us...', 0)
#1 C:\xampp\htdocs\proy_pos_pruebas\system\Database\BaseConnection.php(693): CodeIgniter\Database\MySQLi\Connection->execute('INSERT INTO `us...')
#2 C:\xampp\htdocs\proy_pos_pruebas\system\Database\BaseConnection.php(620): CodeIgniter\Database\BaseConnection->simpleQuery('INSERT INTO `us...')
#3 C:\xampp\htdocs\proy_pos_pruebas\system\Database\BaseBuilder.php(1916): CodeIgniter\Database\BaseConnection->query('INSERT INTO `us...', Array, false)
#4 C:\xampp\htdocs\proy_pos_pruebas\system\Model.php(278): CodeIgniter\Database\BaseBuilder->insert()
#5 C:\xampp\htdocs\proy_pos_pruebas\system\BaseModel.php(738): CodeIgniter\Model->doInsert(Array)
#6 C:\xampp\htdocs\proy_pos_pruebas\system\Model.php(666): CodeIgniter\BaseModel->insert(Array, true)
#7 C:\xampp\htdocs\proy_pos_pruebas\app\Controllers\Usuarios.php(23): CodeIgniter\Model->insert(Array)
#8 C:\xampp\htdocs\proy_pos_pruebas\system\CodeIgniter.php(898): App\Controllers\Usuarios->agregarUsuarios()
#9 C:\xampp\htdocs\proy_pos_pruebas\system\CodeIgniter.php(457): CodeIgniter\CodeIgniter->runController(Object(App\Controllers\Usuarios))
#10 C:\xampp\htdocs\proy_pos_pruebas\system\CodeIgniter.php(340): CodeIgniter\CodeIgniter->handleRequest(NULL, Object(Config\Cache), false)
#11 C:\xampp\htdocs\proy_pos_pruebas\public\index.php(67): CodeIgniter\CodeIgniter->run()
#12 {main}
CRITICAL - 2022-10-07 07:51:59 --> Undefined variable $usuarioBd
in APPPATH\Views\vista_usuarios\frm_actualizar_datos.php on line 29.
 1 APPPATH\Views\vista_usuarios\frm_actualizar_datos.php(29): CodeIgniter\Debug\Exceptions->errorHandler(2, 'Undefined variable $usuarioBd', 'APPPATH\\Views\\vista_usuarios\\frm_actualizar_datos.php', 29)
 2 SYSTEMPATH\View\View.php(213): include('APPPATH\\Views\\vista_usuarios\\frm_actualizar_datos.php')
 3 SYSTEMPATH\View\View.php(216): CodeIgniter\View\View->CodeIgniter\View\{closure}()
 4 SYSTEMPATH\Common.php(1137): CodeIgniter\View\View->render('vista_usuarios/frm_actualizar_datos', [], true)
 5 APPPATH\Controllers\Usuarios.php(36): view('vista_usuarios/frm_actualizar_datos', [...])
 6 SYSTEMPATH\CodeIgniter.php(898): App\Controllers\Usuarios->datosUsuarios('3')
 7 SYSTEMPATH\CodeIgniter.php(457): CodeIgniter\CodeIgniter->runController(Object(App\Controllers\Usuarios))
 8 SYSTEMPATH\CodeIgniter.php(340): CodeIgniter\CodeIgniter->handleRequest(null, Object(Config\Cache), false)
 9 FCPATH\index.php(67): CodeIgniter\CodeIgniter->run()
CRITICAL - 2022-10-07 07:54:13 --> Undefined variable $usuarioBd
in APPPATH\Views\vista_usuarios\frm_actualizar_datos.php on line 29.
 1 APPPATH\Views\vista_usuarios\frm_actualizar_datos.php(29): CodeIgniter\Debug\Exceptions->errorHandler(2, 'Undefined variable $usuarioBd', 'APPPATH\\Views\\vista_usuarios\\frm_actualizar_datos.php', 29)
 2 SYSTEMPATH\View\View.php(213): include('APPPATH\\Views\\vista_usuarios\\frm_actualizar_datos.php')
 3 SYSTEMPATH\View\View.php(216): CodeIgniter\View\View->CodeIgniter\View\{closure}()
 4 SYSTEMPATH\Common.php(1137): CodeIgniter\View\View->render('vista_usuarios/frm_actualizar_datos', [], true)
 5 APPPATH\Controllers\Usuarios.php(36): view('vista_usuarios/frm_actualizar_datos', [...])
 6 SYSTEMPATH\CodeIgniter.php(898): App\Controllers\Usuarios->datosUsuarios('3')
 7 SYSTEMPATH\CodeIgniter.php(457): CodeIgniter\CodeIgniter->runController(Object(App\Controllers\Usuarios))
 8 SYSTEMPATH\CodeIgniter.php(340): CodeIgniter\CodeIgniter->handleRequest(null, Object(Config\Cache), false)
 9 FCPATH\index.php(67): CodeIgniter\CodeIgniter->run()
CRITICAL - 2022-10-07 07:55:14 --> Undefined variable $usuariosBd
in APPPATH\Views\vista_usuarios\frm_actualizar_datos.php on line 25.
 1 APPPATH\Views\vista_usuarios\frm_actualizar_datos.php(25): CodeIgniter\Debug\Exceptions->errorHandler(2, 'Undefined variable $usuariosBd', 'APPPATH\\Views\\vista_usuarios\\frm_actualizar_datos.php', 25)
 2 SYSTEMPATH\View\View.php(213): include('APPPATH\\Views\\vista_usuarios\\frm_actualizar_datos.php')
 3 SYSTEMPATH\View\View.php(216): CodeIgniter\View\View->CodeIgniter\View\{closure}()
 4 SYSTEMPATH\Common.php(1137): CodeIgniter\View\View->render('vista_usuarios/frm_actualizar_datos', [], true)
 5 APPPATH\Controllers\Usuarios.php(36): view('vista_usuarios/frm_actualizar_datos', [...])
 6 SYSTEMPATH\CodeIgniter.php(898): App\Controllers\Usuarios->datosUsuarios('3')
 7 SYSTEMPATH\CodeIgniter.php(457): CodeIgniter\CodeIgniter->runController(Object(App\Controllers\Usuarios))
 8 SYSTEMPATH\CodeIgniter.php(340): CodeIgniter\CodeIgniter->handleRequest(null, Object(Config\Cache), false)
 9 FCPATH\index.php(67): CodeIgniter\CodeIgniter->run()
CRITICAL - 2022-10-07 07:55:20 --> Undefined variable $usuariosBd
in APPPATH\Views\vista_usuarios\frm_actualizar_datos.php on line 25.
 1 APPPATH\Views\vista_usuarios\frm_actualizar_datos.php(25): CodeIgniter\Debug\Exceptions->errorHandler(2, 'Undefined variable $usuariosBd', 'APPPATH\\Views\\vista_usuarios\\frm_actualizar_datos.php', 25)
 2 SYSTEMPATH\View\View.php(213): include('APPPATH\\Views\\vista_usuarios\\frm_actualizar_datos.php')
 3 SYSTEMPATH\View\View.php(216): CodeIgniter\View\View->CodeIgniter\View\{closure}()
 4 SYSTEMPATH\Common.php(1137): CodeIgniter\View\View->render('vista_usuarios/frm_actualizar_datos', [], true)
 5 APPPATH\Controllers\Usuarios.php(36): view('vista_usuarios/frm_actualizar_datos', [...])
 6 SYSTEMPATH\CodeIgniter.php(898): App\Controllers\Usuarios->datosUsuarios('3')
 7 SYSTEMPATH\CodeIgniter.php(457): CodeIgniter\CodeIgniter->runController(Object(App\Controllers\Usuarios))
 8 SYSTEMPATH\CodeIgniter.php(340): CodeIgniter\CodeIgniter->handleRequest(null, Object(Config\Cache), false)
 9 FCPATH\index.php(67): CodeIgniter\CodeIgniter->run()
CRITICAL - 2022-10-07 08:36:39 --> Undefined variable $usuariosBd
in APPPATH\Views\vista_usuarios\frm_actualizar_datos.php on line 25.
 1 APPPATH\Views\vista_usuarios\frm_actualizar_datos.php(25): CodeIgniter\Debug\Exceptions->errorHandler(2, 'Undefined variable $usuariosBd', 'APPPATH\\Views\\vista_usuarios\\frm_actualizar_datos.php', 25)
 2 SYSTEMPATH\View\View.php(213): include('APPPATH\\Views\\vista_usuarios\\frm_actualizar_datos.php')
 3 SYSTEMPATH\View\View.php(216): CodeIgniter\View\View->CodeIgniter\View\{closure}()
 4 SYSTEMPATH\Common.php(1137): CodeIgniter\View\View->render('vista_usuarios/frm_actualizar_datos', [], true)
 5 APPPATH\Controllers\Usuarios.php(36): view('vista_usuarios/frm_actualizar_datos', [...])
 6 SYSTEMPATH\CodeIgniter.php(898): App\Controllers\Usuarios->datosUsuarios('3')
 7 SYSTEMPATH\CodeIgniter.php(457): CodeIgniter\CodeIgniter->runController(Object(App\Controllers\Usuarios))
 8 SYSTEMPATH\CodeIgniter.php(340): CodeIgniter\CodeIgniter->handleRequest(null, Object(Config\Cache), false)
 9 FCPATH\index.php(67): CodeIgniter\CodeIgniter->run()
CRITICAL - 2022-10-07 08:37:16 --> Undefined variable $usuariosBd
in APPPATH\Views\vista_usuarios\frm_actualizar_datos.php on line 25.
 1 APPPATH\Views\vista_usuarios\frm_actualizar_datos.php(25): CodeIgniter\Debug\Exceptions->errorHandler(2, 'Undefined variable $usuariosBd', 'APPPATH\\Views\\vista_usuarios\\frm_actualizar_datos.php', 25)
 2 SYSTEMPATH\View\View.php(213): include('APPPATH\\Views\\vista_usuarios\\frm_actualizar_datos.php')
 3 SYSTEMPATH\View\View.php(216): CodeIgniter\View\View->CodeIgniter\View\{closure}()
 4 SYSTEMPATH\Common.php(1137): CodeIgniter\View\View->render('vista_usuarios/frm_actualizar_datos', [], true)
 5 APPPATH\Controllers\Usuarios.php(36): view('vista_usuarios/frm_actualizar_datos')
 6 SYSTEMPATH\CodeIgniter.php(898): App\Controllers\Usuarios->datosUsuarios('3')
 7 SYSTEMPATH\CodeIgniter.php(457): CodeIgniter\CodeIgniter->runController(Object(App\Controllers\Usuarios))
 8 SYSTEMPATH\CodeIgniter.php(340): CodeIgniter\CodeIgniter->handleRequest(null, Object(Config\Cache), false)
 9 FCPATH\index.php(67): CodeIgniter\CodeIgniter->run()
CRITICAL - 2022-10-07 08:37:32 --> Undefined variable $usuariosBd
in APPPATH\Views\vista_usuarios\frm_actualizar_datos.php on line 25.
 1 APPPATH\Views\vista_usuarios\frm_actualizar_datos.php(25): CodeIgniter\Debug\Exceptions->errorHandler(2, 'Undefined variable $usuariosBd', 'APPPATH\\Views\\vista_usuarios\\frm_actualizar_datos.php', 25)
 2 SYSTEMPATH\View\View.php(213): include('APPPATH\\Views\\vista_usuarios\\frm_actualizar_datos.php')
 3 SYSTEMPATH\View\View.php(216): CodeIgniter\View\View->CodeIgniter\View\{closure}()
 4 SYSTEMPATH\Common.php(1137): CodeIgniter\View\View->render('vista_usuarios/frm_actualizar_datos', [], true)
 5 APPPATH\Controllers\Usuarios.php(36): view('vista_usuarios/frm_actualizar_datos')
 6 SYSTEMPATH\CodeIgniter.php(898): App\Controllers\Usuarios->datosUsuarios('3')
 7 SYSTEMPATH\CodeIgniter.php(457): CodeIgniter\CodeIgniter->runController(Object(App\Controllers\Usuarios))
 8 SYSTEMPATH\CodeIgniter.php(340): CodeIgniter\CodeIgniter->handleRequest(null, Object(Config\Cache), false)
 9 FCPATH\index.php(67): CodeIgniter\CodeIgniter->run()
CRITICAL - 2022-10-07 08:38:02 --> Invalid file: vista_usuarios/datos_usuarios.php
in SYSTEMPATH\Exceptions\FrameworkException.php on line 33.
 1 SYSTEMPATH\View\View.php(201): CodeIgniter\Exceptions\FrameworkException::forInvalidFile('vista_usuarios/datos_usuarios.php')
 2 SYSTEMPATH\Common.php(1137): CodeIgniter\View\View->render('vista_usuarios/datos_usuarios', [], true)
 3 APPPATH\Controllers\Usuarios.php(36): view('vista_usuarios/datos_usuarios')
 4 SYSTEMPATH\CodeIgniter.php(898): App\Controllers\Usuarios->datosUsuarios('3')
 5 SYSTEMPATH\CodeIgniter.php(457): CodeIgniter\CodeIgniter->runController(Object(App\Controllers\Usuarios))
 6 SYSTEMPATH\CodeIgniter.php(340): CodeIgniter\CodeIgniter->handleRequest(null, Object(Config\Cache), false)
 7 FCPATH\index.php(67): CodeIgniter\CodeIgniter->run()
CRITICAL - 2022-10-07 08:39:55 --> Undefined variable $usuariosBd
in APPPATH\Views\vista_usuarios\frm_actualizar_datos.php on line 25.
 1 APPPATH\Views\vista_usuarios\frm_actualizar_datos.php(25): CodeIgniter\Debug\Exceptions->errorHandler(2, 'Undefined variable $usuariosBd', 'APPPATH\\Views\\vista_usuarios\\frm_actualizar_datos.php', 25)
 2 SYSTEMPATH\View\View.php(213): include('APPPATH\\Views\\vista_usuarios\\frm_actualizar_datos.php')
 3 SYSTEMPATH\View\View.php(216): CodeIgniter\View\View->CodeIgniter\View\{closure}()
 4 SYSTEMPATH\Common.php(1137): CodeIgniter\View\View->render('vista_usuarios/frm_actualizar_datos', [], true)
 5 APPPATH\Controllers\Usuarios.php(36): view('vista_usuarios/frm_actualizar_datos', [...])
 6 SYSTEMPATH\CodeIgniter.php(898): App\Controllers\Usuarios->datosUsuarios()
 7 SYSTEMPATH\CodeIgniter.php(457): CodeIgniter\CodeIgniter->runController(Object(App\Controllers\Usuarios))
 8 SYSTEMPATH\CodeIgniter.php(340): CodeIgniter\CodeIgniter->handleRequest(null, Object(Config\Cache), false)
 9 FCPATH\index.php(67): CodeIgniter\CodeIgniter->run()
CRITICAL - 2022-10-07 08:40:30 --> Unclosed '{' on line 7 does not match ')'
in APPPATH\Controllers\Usuarios.php on line 33.
 1 SYSTEMPATH\Autoloader\Autoloader.php(259): CodeIgniter\Autoloader\Autoloader->includeFile('APPPATH\\Controllers\\Usuarios.php')
 2 SYSTEMPATH\Autoloader\Autoloader.php(237): CodeIgniter\Autoloader\Autoloader->loadInNamespace('App\\Controllers\\Usuarios')
 3 [internal function]: CodeIgniter\Autoloader\Autoloader->loadClass('App\\Controllers\\Usuarios')
 4 SYSTEMPATH\CodeIgniter.php(848): class_exists('\\App\\Controllers\\Usuarios', true)
 5 SYSTEMPATH\CodeIgniter.php(444): CodeIgniter\CodeIgniter->startController()
 6 SYSTEMPATH\CodeIgniter.php(340): CodeIgniter\CodeIgniter->handleRequest(null, Object(Config\Cache), false)
 7 FCPATH\index.php(67): CodeIgniter\CodeIgniter->run()
CRITICAL - 2022-10-07 08:40:34 --> Unclosed '{' on line 7 does not match ')'
in APPPATH\Controllers\Usuarios.php on line 33.
 1 SYSTEMPATH\Autoloader\Autoloader.php(259): CodeIgniter\Autoloader\Autoloader->includeFile('APPPATH\\Controllers\\Usuarios.php')
 2 SYSTEMPATH\Autoloader\Autoloader.php(237): CodeIgniter\Autoloader\Autoloader->loadInNamespace('App\\Controllers\\Usuarios')
 3 [internal function]: CodeIgniter\Autoloader\Autoloader->loadClass('App\\Controllers\\Usuarios')
 4 SYSTEMPATH\CodeIgniter.php(848): class_exists('\\App\\Controllers\\Usuarios', true)
 5 SYSTEMPATH\CodeIgniter.php(444): CodeIgniter\CodeIgniter->startController()
 6 SYSTEMPATH\CodeIgniter.php(340): CodeIgniter\CodeIgniter->handleRequest(null, Object(Config\Cache), false)
 7 FCPATH\index.php(67): CodeIgniter\CodeIgniter->run()
CRITICAL - 2022-10-07 08:41:01 --> Unclosed '{' on line 7 does not match ')'
in APPPATH\Controllers\Usuarios.php on line 33.
 1 SYSTEMPATH\Autoloader\Autoloader.php(259): CodeIgniter\Autoloader\Autoloader->includeFile('APPPATH\\Controllers\\Usuarios.php')
 2 SYSTEMPATH\Autoloader\Autoloader.php(237): CodeIgniter\Autoloader\Autoloader->loadInNamespace('App\\Controllers\\Usuarios')
 3 [internal function]: CodeIgniter\Autoloader\Autoloader->loadClass('App\\Controllers\\Usuarios')
 4 SYSTEMPATH\CodeIgniter.php(848): class_exists('\\App\\Controllers\\Usuarios', true)
 5 SYSTEMPATH\CodeIgniter.php(444): CodeIgniter\CodeIgniter->startController()
 6 SYSTEMPATH\CodeIgniter.php(340): CodeIgniter\CodeIgniter->handleRequest(null, Object(Config\Cache), false)
 7 FCPATH\index.php(67): CodeIgniter\CodeIgniter->run()
CRITICAL - 2022-10-07 08:41:49 --> Undefined variable $usuariosBd
in APPPATH\Views\vista_usuarios\frm_actualizar_datos.php on line 25.
 1 APPPATH\Views\vista_usuarios\frm_actualizar_datos.php(25): CodeIgniter\Debug\Exceptions->errorHandler(2, 'Undefined variable $usuariosBd', 'APPPATH\\Views\\vista_usuarios\\frm_actualizar_datos.php', 25)
 2 SYSTEMPATH\View\View.php(213): include('APPPATH\\Views\\vista_usuarios\\frm_actualizar_datos.php')
 3 SYSTEMPATH\View\View.php(216): CodeIgniter\View\View->CodeIgniter\View\{closure}()
 4 SYSTEMPATH\Common.php(1137): CodeIgniter\View\View->render('vista_usuarios/frm_actualizar_datos', [], true)
 5 APPPATH\Controllers\Usuarios.php(36): view('vista_usuarios/frm_actualizar_datos', [...])
 6 SYSTEMPATH\CodeIgniter.php(898): App\Controllers\Usuarios->datosUsuarios()
 7 SYSTEMPATH\CodeIgniter.php(457): CodeIgniter\CodeIgniter->runController(Object(App\Controllers\Usuarios))
 8 SYSTEMPATH\CodeIgniter.php(340): CodeIgniter\CodeIgniter->handleRequest(null, Object(Config\Cache), false)
 9 FCPATH\index.php(67): CodeIgniter\CodeIgniter->run()
CRITICAL - 2022-10-07 16:49:29 --> Undefined variable $usuariosBd
in APPPATH\Views\vista_usuarios\frm_actualizar_usuarios.php on line 25.
 1 APPPATH\Views\vista_usuarios\frm_actualizar_usuarios.php(25): CodeIgniter\Debug\Exceptions->errorHandler(2, 'Undefined variable $usuariosBd', 'APPPATH\\Views\\vista_usuarios\\frm_actualizar_usuarios.php', 25)
 2 SYSTEMPATH\View\View.php(213): include('APPPATH\\Views\\vista_usuarios\\frm_actualizar_usuarios.php')
 3 SYSTEMPATH\View\View.php(216): CodeIgniter\View\View->CodeIgniter\View\{closure}()
 4 SYSTEMPATH\Common.php(1137): CodeIgniter\View\View->render('vista_usuarios/frm_actualizar_usuarios', [], true)
 5 APPPATH\Controllers\Usuarios.php(36): view('vista_usuarios/frm_actualizar_usuarios', [...])
 6 SYSTEMPATH\CodeIgniter.php(898): App\Controllers\Usuarios->datosUsuarios('3')
 7 SYSTEMPATH\CodeIgniter.php(457): CodeIgniter\CodeIgniter->runController(Object(App\Controllers\Usuarios))
 8 SYSTEMPATH\CodeIgniter.php(340): CodeIgniter\CodeIgniter->handleRequest(null, Object(Config\Cache), false)
 9 FCPATH\index.php(67): CodeIgniter\CodeIgniter->run()
CRITICAL - 2022-10-07 16:49:57 --> Object of class App\Models\Usuario could not be converted to string
in APPPATH\Controllers\Usuarios.php on line 36.
 1 SYSTEMPATH\CodeIgniter.php(898): App\Controllers\Usuarios->datosUsuarios('3')
 2 SYSTEMPATH\CodeIgniter.php(457): CodeIgniter\CodeIgniter->runController(Object(App\Controllers\Usuarios))
 3 SYSTEMPATH\CodeIgniter.php(340): CodeIgniter\CodeIgniter->handleRequest(null, Object(Config\Cache), false)
 4 FCPATH\index.php(67): CodeIgniter\CodeIgniter->run()
CRITICAL - 2022-10-07 16:50:10 --> Object of class App\Models\Usuario could not be converted to string
in APPPATH\Controllers\Usuarios.php on line 36.
 1 SYSTEMPATH\CodeIgniter.php(898): App\Controllers\Usuarios->datosUsuarios('3')
 2 SYSTEMPATH\CodeIgniter.php(457): CodeIgniter\CodeIgniter->runController(Object(App\Controllers\Usuarios))
 3 SYSTEMPATH\CodeIgniter.php(340): CodeIgniter\CodeIgniter->handleRequest(null, Object(Config\Cache), false)
 4 FCPATH\index.php(67): CodeIgniter\CodeIgniter->run()
CRITICAL - 2022-10-07 16:58:41 --> Object of class App\Models\Usuario could not be converted to string
in APPPATH\Controllers\Usuarios.php on line 36.
 1 SYSTEMPATH\CodeIgniter.php(898): App\Controllers\Usuarios->datosUsuarios('3')
 2 SYSTEMPATH\CodeIgniter.php(457): CodeIgniter\CodeIgniter->runController(Object(App\Controllers\Usuarios))
 3 SYSTEMPATH\CodeIgniter.php(340): CodeIgniter\CodeIgniter->handleRequest(null, Object(Config\Cache), false)
 4 FCPATH\index.php(67): CodeIgniter\CodeIgniter->run()
CRITICAL - 2022-10-07 17:01:02 --> Cannot access offset of type string on string
in APPPATH\Views\vista_usuarios\lista_usuarios.php on line 40.
 1 SYSTEMPATH\View\View.php(213): include()
 2 SYSTEMPATH\View\View.php(216): CodeIgniter\View\View->CodeIgniter\View\{closure}()
 3 SYSTEMPATH\Common.php(1137): CodeIgniter\View\View->render('vista_usuarios/lista_usuarios', [], true)
 4 APPPATH\Controllers\Usuarios.php(36): view('vista_usuarios/lista_usuarios', [...])
 5 SYSTEMPATH\CodeIgniter.php(898): App\Controllers\Usuarios->datosUsuarios('3')
 6 SYSTEMPATH\CodeIgniter.php(457): CodeIgniter\CodeIgniter->runController(Object(App\Controllers\Usuarios))
 7 SYSTEMPATH\CodeIgniter.php(340): CodeIgniter\CodeIgniter->handleRequest(null, Object(Config\Cache), false)
 8 FCPATH\index.php(67): CodeIgniter\CodeIgniter->run()
CRITICAL - 2022-10-07 17:03:03 --> Undefined variable $usuariosDb
in APPPATH\Views\vista_usuarios\lista_usuarios.php on line 37.
 1 APPPATH\Views\vista_usuarios\lista_usuarios.php(37): CodeIgniter\Debug\Exceptions->errorHandler(2, 'Undefined variable $usuariosDb', 'APPPATH\\Views\\vista_usuarios\\lista_usuarios.php', 37)
 2 SYSTEMPATH\View\View.php(213): include('APPPATH\\Views\\vista_usuarios\\lista_usuarios.php')
 3 SYSTEMPATH\View\View.php(216): CodeIgniter\View\View->CodeIgniter\View\{closure}()
 4 SYSTEMPATH\Common.php(1137): CodeIgniter\View\View->render('vista_usuarios/lista_usuarios', [], true)
 5 APPPATH\Controllers\Usuarios.php(36): view('vista_usuarios/lista_usuarios')
 6 SYSTEMPATH\CodeIgniter.php(898): App\Controllers\Usuarios->datosUsuarios('3')
 7 SYSTEMPATH\CodeIgniter.php(457): CodeIgniter\CodeIgniter->runController(Object(App\Controllers\Usuarios))
 8 SYSTEMPATH\CodeIgniter.php(340): CodeIgniter\CodeIgniter->handleRequest(null, Object(Config\Cache), false)
 9 FCPATH\index.php(67): CodeIgniter\CodeIgniter->run()
CRITICAL - 2022-10-07 17:04:02 --> Undefined variable $usuariosBd
in APPPATH\Views\vista_usuarios\frm_actualizar_usuarios.php on line 25.
 1 APPPATH\Views\vista_usuarios\frm_actualizar_usuarios.php(25): CodeIgniter\Debug\Exceptions->errorHandler(2, 'Undefined variable $usuariosBd', 'APPPATH\\Views\\vista_usuarios\\frm_actualizar_usuarios.php', 25)
 2 SYSTEMPATH\View\View.php(213): include('APPPATH\\Views\\vista_usuarios\\frm_actualizar_usuarios.php')
 3 SYSTEMPATH\View\View.php(216): CodeIgniter\View\View->CodeIgniter\View\{closure}()
 4 SYSTEMPATH\Common.php(1137): CodeIgniter\View\View->render('vista_usuarios/frm_actualizar_usuarios', [], true)
 5 APPPATH\Controllers\Usuarios.php(37): view('vista_usuarios/frm_actualizar_usuarios', [...])
 6 SYSTEMPATH\CodeIgniter.php(898): App\Controllers\Usuarios->datosUsuarios('3')
 7 SYSTEMPATH\CodeIgniter.php(457): CodeIgniter\CodeIgniter->runController(Object(App\Controllers\Usuarios))
 8 SYSTEMPATH\CodeIgniter.php(340): CodeIgniter\CodeIgniter->handleRequest(null, Object(Config\Cache), false)
 9 FCPATH\index.php(67): CodeIgniter\CodeIgniter->run()
CRITICAL - 2022-10-07 17:04:44 --> Undefined variable $usuariosBd
in APPPATH\Views\vista_usuarios\frm_actualizar_usuarios.php on line 25.
 1 APPPATH\Views\vista_usuarios\frm_actualizar_usuarios.php(25): CodeIgniter\Debug\Exceptions->errorHandler(2, 'Undefined variable $usuariosBd', 'APPPATH\\Views\\vista_usuarios\\frm_actualizar_usuarios.php', 25)
 2 SYSTEMPATH\View\View.php(213): include('APPPATH\\Views\\vista_usuarios\\frm_actualizar_usuarios.php')
 3 SYSTEMPATH\View\View.php(216): CodeIgniter\View\View->CodeIgniter\View\{closure}()
 4 SYSTEMPATH\Common.php(1137): CodeIgniter\View\View->render('vista_usuarios/frm_actualizar_usuarios', [], true)
 5 APPPATH\Controllers\Usuarios.php(37): view('vista_usuarios/frm_actualizar_usuarios', [...])
 6 SYSTEMPATH\CodeIgniter.php(898): App\Controllers\Usuarios->datosUsuarios('3')
 7 SYSTEMPATH\CodeIgniter.php(457): CodeIgniter\CodeIgniter->runController(Object(App\Controllers\Usuarios))
 8 SYSTEMPATH\CodeIgniter.php(340): CodeIgniter\CodeIgniter->handleRequest(null, Object(Config\Cache), false)
 9 FCPATH\index.php(67): CodeIgniter\CodeIgniter->run()
CRITICAL - 2022-10-07 17:06:42 --> Undefined variable $usuariosBd
in APPPATH\Views\vista_usuarios\frm_actualizar_usuarios.php on line 25.
 1 APPPATH\Views\vista_usuarios\frm_actualizar_usuarios.php(25): CodeIgniter\Debug\Exceptions->errorHandler(2, 'Undefined variable $usuariosBd', 'APPPATH\\Views\\vista_usuarios\\frm_actualizar_usuarios.php', 25)
 2 SYSTEMPATH\View\View.php(213): include('APPPATH\\Views\\vista_usuarios\\frm_actualizar_usuarios.php')
 3 SYSTEMPATH\View\View.php(216): CodeIgniter\View\View->CodeIgniter\View\{closure}()
 4 SYSTEMPATH\Common.php(1137): CodeIgniter\View\View->render('vista_usuarios/frm_actualizar_usuarios', [], true)
 5 APPPATH\Controllers\Usuarios.php(37): view('vista_usuarios/frm_actualizar_usuarios', [...])
 6 SYSTEMPATH\CodeIgniter.php(898): App\Controllers\Usuarios->datosUsuarios('3')
 7 SYSTEMPATH\CodeIgniter.php(457): CodeIgniter\CodeIgniter->runController(Object(App\Controllers\Usuarios))
 8 SYSTEMPATH\CodeIgniter.php(340): CodeIgniter\CodeIgniter->handleRequest(null, Object(Config\Cache), false)
 9 FCPATH\index.php(67): CodeIgniter\CodeIgniter->run()
CRITICAL - 2022-10-07 17:08:51 --> Undefined variable $usuariosBd
in APPPATH\Views\vista_usuarios\frm_actualizar_usuarios.php on line 25.
 1 APPPATH\Views\vista_usuarios\frm_actualizar_usuarios.php(25): CodeIgniter\Debug\Exceptions->errorHandler(2, 'Undefined variable $usuariosBd', 'APPPATH\\Views\\vista_usuarios\\frm_actualizar_usuarios.php', 25)
 2 SYSTEMPATH\View\View.php(213): include('APPPATH\\Views\\vista_usuarios\\frm_actualizar_usuarios.php')
 3 SYSTEMPATH\View\View.php(216): CodeIgniter\View\View->CodeIgniter\View\{closure}()
 4 SYSTEMPATH\Common.php(1137): CodeIgniter\View\View->render('vista_usuarios/frm_actualizar_usuarios', [], true)
 5 APPPATH\Controllers\Usuarios.php(37): view('vista_usuarios/frm_actualizar_usuarios', [...])
 6 SYSTEMPATH\CodeIgniter.php(898): App\Controllers\Usuarios->datosUsuarios('3')
 7 SYSTEMPATH\CodeIgniter.php(457): CodeIgniter\CodeIgniter->runController(Object(App\Controllers\Usuarios))
 8 SYSTEMPATH\CodeIgniter.php(340): CodeIgniter\CodeIgniter->handleRequest(null, Object(Config\Cache), false)
 9 FCPATH\index.php(67): CodeIgniter\CodeIgniter->run()
CRITICAL - 2022-10-07 17:09:42 --> Invalid file: vista_usuarios/frm_actualizar_usu.php
in SYSTEMPATH\Exceptions\FrameworkException.php on line 33.
 1 SYSTEMPATH\View\View.php(201): CodeIgniter\Exceptions\FrameworkException::forInvalidFile('vista_usuarios/frm_actualizar_usu.php')
 2 SYSTEMPATH\Common.php(1137): CodeIgniter\View\View->render('vista_usuarios/frm_actualizar_usu', [], true)
 3 APPPATH\Controllers\Usuarios.php(37): view('vista_usuarios/frm_actualizar_usu', [...])
 4 SYSTEMPATH\CodeIgniter.php(898): App\Controllers\Usuarios->datosUsuarios('3')
 5 SYSTEMPATH\CodeIgniter.php(457): CodeIgniter\CodeIgniter->runController(Object(App\Controllers\Usuarios))
 6 SYSTEMPATH\CodeIgniter.php(340): CodeIgniter\CodeIgniter->handleRequest(null, Object(Config\Cache), false)
 7 FCPATH\index.php(67): CodeIgniter\CodeIgniter->run()
CRITICAL - 2022-10-07 17:10:26 --> Undefined variable $usuariosBd
in APPPATH\Views\vista_usuarios\frm_actualizar_usu.php on line 25.
 1 APPPATH\Views\vista_usuarios\frm_actualizar_usu.php(25): CodeIgniter\Debug\Exceptions->errorHandler(2, 'Undefined variable $usuariosBd', 'APPPATH\\Views\\vista_usuarios\\frm_actualizar_usu.php', 25)
 2 SYSTEMPATH\View\View.php(213): include('APPPATH\\Views\\vista_usuarios\\frm_actualizar_usu.php')
 3 SYSTEMPATH\View\View.php(216): CodeIgniter\View\View->CodeIgniter\View\{closure}()
 4 SYSTEMPATH\Common.php(1137): CodeIgniter\View\View->render('vista_usuarios/frm_actualizar_usu', [], true)
 5 APPPATH\Controllers\Usuarios.php(37): view('vista_usuarios/frm_actualizar_usu')
 6 SYSTEMPATH\CodeIgniter.php(898): App\Controllers\Usuarios->datosUsuarios('3')
 7 SYSTEMPATH\CodeIgniter.php(457): CodeIgniter\CodeIgniter->runController(Object(App\Controllers\Usuarios))
 8 SYSTEMPATH\CodeIgniter.php(340): CodeIgniter\CodeIgniter->handleRequest(null, Object(Config\Cache), false)
 9 FCPATH\index.php(67): CodeIgniter\CodeIgniter->run()
CRITICAL - 2022-10-07 17:10:47 --> Undefined variable $usuariosBd
in APPPATH\Views\vista_usuarios\frm_actualizar_usu.php on line 25.
 1 APPPATH\Views\vista_usuarios\frm_actualizar_usu.php(25): CodeIgniter\Debug\Exceptions->errorHandler(2, 'Undefined variable $usuariosBd', 'APPPATH\\Views\\vista_usuarios\\frm_actualizar_usu.php', 25)
 2 SYSTEMPATH\View\View.php(213): include('APPPATH\\Views\\vista_usuarios\\frm_actualizar_usu.php')
 3 SYSTEMPATH\View\View.php(216): CodeIgniter\View\View->CodeIgniter\View\{closure}()
 4 SYSTEMPATH\Common.php(1137): CodeIgniter\View\View->render('vista_usuarios/frm_actualizar_usu', [], true)
 5 APPPATH\Controllers\Usuarios.php(37): view('vista_usuarios/frm_actualizar_usu')
 6 SYSTEMPATH\CodeIgniter.php(898): App\Controllers\Usuarios->datosUsuarios('3')
 7 SYSTEMPATH\CodeIgniter.php(457): CodeIgniter\CodeIgniter->runController(Object(App\Controllers\Usuarios))
 8 SYSTEMPATH\CodeIgniter.php(340): CodeIgniter\CodeIgniter->handleRequest(null, Object(Config\Cache), false)
 9 FCPATH\index.php(67): CodeIgniter\CodeIgniter->run()
CRITICAL - 2022-10-07 17:11:51 --> Invalid file: frm_actualizar_usu.php
in SYSTEMPATH\Exceptions\FrameworkException.php on line 33.
 1 SYSTEMPATH\View\View.php(201): CodeIgniter\Exceptions\FrameworkException::forInvalidFile('frm_actualizar_usu.php')
 2 SYSTEMPATH\Common.php(1137): CodeIgniter\View\View->render('frm_actualizar_usu', [], true)
 3 APPPATH\Controllers\Usuarios.php(37): view('frm_actualizar_usu')
 4 SYSTEMPATH\CodeIgniter.php(898): App\Controllers\Usuarios->datosUsuarios('3')
 5 SYSTEMPATH\CodeIgniter.php(457): CodeIgniter\CodeIgniter->runController(Object(App\Controllers\Usuarios))
 6 SYSTEMPATH\CodeIgniter.php(340): CodeIgniter\CodeIgniter->handleRequest(null, Object(Config\Cache), false)
 7 FCPATH\index.php(67): CodeIgniter\CodeIgniter->run()
CRITICAL - 2022-10-07 17:14:23 --> syntax error, unexpected token "}", expecting ";"
in APPPATH\Controllers\Usuarios.php on line 40.
 1 SYSTEMPATH\Autoloader\Autoloader.php(259): CodeIgniter\Autoloader\Autoloader->includeFile('APPPATH\\Controllers\\Usuarios.php')
 2 SYSTEMPATH\Autoloader\Autoloader.php(237): CodeIgniter\Autoloader\Autoloader->loadInNamespace('App\\Controllers\\Usuarios')
 3 [internal function]: CodeIgniter\Autoloader\Autoloader->loadClass('App\\Controllers\\Usuarios')
 4 SYSTEMPATH\CodeIgniter.php(848): class_exists('\\App\\Controllers\\Usuarios', true)
 5 SYSTEMPATH\CodeIgniter.php(444): CodeIgniter\CodeIgniter->startController()
 6 SYSTEMPATH\CodeIgniter.php(340): CodeIgniter\CodeIgniter->handleRequest(null, Object(Config\Cache), false)
 7 FCPATH\index.php(67): CodeIgniter\CodeIgniter->run()
CRITICAL - 2022-10-07 17:14:29 --> syntax error, unexpected token "}", expecting ";"
in APPPATH\Controllers\Usuarios.php on line 40.
 1 SYSTEMPATH\Autoloader\Autoloader.php(259): CodeIgniter\Autoloader\Autoloader->includeFile('APPPATH\\Controllers\\Usuarios.php')
 2 SYSTEMPATH\Autoloader\Autoloader.php(237): CodeIgniter\Autoloader\Autoloader->loadInNamespace('App\\Controllers\\Usuarios')
 3 [internal function]: CodeIgniter\Autoloader\Autoloader->loadClass('App\\Controllers\\Usuarios')
 4 SYSTEMPATH\CodeIgniter.php(848): class_exists('\\App\\Controllers\\Usuarios', true)
 5 SYSTEMPATH\CodeIgniter.php(444): CodeIgniter\CodeIgniter->startController()
 6 SYSTEMPATH\CodeIgniter.php(340): CodeIgniter\CodeIgniter->handleRequest(null, Object(Config\Cache), false)
 7 FCPATH\index.php(67): CodeIgniter\CodeIgniter->run()
CRITICAL - 2022-10-07 17:17:30 --> Undefined variable $usuarioDb
in APPPATH\Views\vista_usuarios\frm_actualizar_usu.php on line 27.
 1 APPPATH\Views\vista_usuarios\frm_actualizar_usu.php(27): CodeIgniter\Debug\Exceptions->errorHandler(2, 'Undefined variable $usuarioDb', 'APPPATH\\Views\\vista_usuarios\\frm_actualizar_usu.php', 27)
 2 SYSTEMPATH\View\View.php(213): include('APPPATH\\Views\\vista_usuarios\\frm_actualizar_usu.php')
 3 SYSTEMPATH\View\View.php(216): CodeIgniter\View\View->CodeIgniter\View\{closure}()
 4 SYSTEMPATH\Common.php(1137): CodeIgniter\View\View->render('vista_usuarios/frm_actualizar_usu', [], true)
 5 APPPATH\Controllers\Usuarios.php(38): view('vista_usuarios/frm_actualizar_usu', [...])
 6 SYSTEMPATH\CodeIgniter.php(898): App\Controllers\Usuarios->datosUsuarios('3')
 7 SYSTEMPATH\CodeIgniter.php(457): CodeIgniter\CodeIgniter->runController(Object(App\Controllers\Usuarios))
 8 SYSTEMPATH\CodeIgniter.php(340): CodeIgniter\CodeIgniter->handleRequest(null, Object(Config\Cache), false)
 9 FCPATH\index.php(67): CodeIgniter\CodeIgniter->run()
CRITICAL - 2022-10-07 17:23:35 --> Undefined variable $usuariosBd
in APPPATH\Views\vista_usuarios\frm_actualizar_usu.php on line 23.
 1 APPPATH\Views\vista_usuarios\frm_actualizar_usu.php(23): CodeIgniter\Debug\Exceptions->errorHandler(2, 'Undefined variable $usuariosBd', 'APPPATH\\Views\\vista_usuarios\\frm_actualizar_usu.php', 23)
 2 SYSTEMPATH\View\View.php(213): include('APPPATH\\Views\\vista_usuarios\\frm_actualizar_usu.php')
 3 SYSTEMPATH\View\View.php(216): CodeIgniter\View\View->CodeIgniter\View\{closure}()
 4 SYSTEMPATH\Common.php(1137): CodeIgniter\View\View->render('vista_usuarios/frm_actualizar_usu', [], true)
 5 APPPATH\Controllers\Usuarios.php(38): view('vista_usuarios/frm_actualizar_usu', [...])
 6 SYSTEMPATH\CodeIgniter.php(898): App\Controllers\Usuarios->datosUsuarios('3')
 7 SYSTEMPATH\CodeIgniter.php(457): CodeIgniter\CodeIgniter->runController(Object(App\Controllers\Usuarios))
 8 SYSTEMPATH\CodeIgniter.php(340): CodeIgniter\CodeIgniter->handleRequest(null, Object(Config\Cache), false)
 9 FCPATH\index.php(67): CodeIgniter\CodeIgniter->run()
CRITICAL - 2022-10-07 17:24:29 --> Undefined variable $usuariosBd
in APPPATH\Views\vista_usuarios\frm_actualizar_usu.php on line 23.
 1 APPPATH\Views\vista_usuarios\frm_actualizar_usu.php(23): CodeIgniter\Debug\Exceptions->errorHandler(2, 'Undefined variable $usuariosBd', 'APPPATH\\Views\\vista_usuarios\\frm_actualizar_usu.php', 23)
 2 SYSTEMPATH\View\View.php(213): include('APPPATH\\Views\\vista_usuarios\\frm_actualizar_usu.php')
 3 SYSTEMPATH\View\View.php(216): CodeIgniter\View\View->CodeIgniter\View\{closure}()
 4 SYSTEMPATH\Common.php(1137): CodeIgniter\View\View->render('vista_usuarios/frm_actualizar_usu', [], true)
 5 APPPATH\Controllers\Usuarios.php(38): view('vista_usuarios/frm_actualizar_usu', [...])
 6 SYSTEMPATH\CodeIgniter.php(898): App\Controllers\Usuarios->datosUsuarios('3')
 7 SYSTEMPATH\CodeIgniter.php(457): CodeIgniter\CodeIgniter->runController(Object(App\Controllers\Usuarios))
 8 SYSTEMPATH\CodeIgniter.php(340): CodeIgniter\CodeIgniter->handleRequest(null, Object(Config\Cache), false)
 9 FCPATH\index.php(67): CodeIgniter\CodeIgniter->run()
